","1003","0","16384","4","0","0","36028797018963968","132680","Microsoft-Windows-Security-SPP","e23b33b0-c8c9-472c-a5f9-f2bdfea0f156","Application","0","0","COHPMARTIN.gpco.local",,"27/08/2016 09:16:29",,,"application","System.UInt32[]","System.Diagnostics.Eventing.Reader.EventBookmark","Information",,,"System.Collections.ObjectModel.ReadOnlyCollection`1[System.String]","System.Collections.Generic.List`1[System.Diagnostics.Eventing.Reader.EventProperty]"
"Outlook loaded the following add-in(s):


Name: Microsoft Exchange Add-in
Description: Exchange support for Unified Messaging, e-mail permission rules, and calendar availability.
ProgID: UmOutlookAddin.FormRegionAddin
GUID: {F959DBBB-3867-41F2-8E5F-3B8BEFAA81B3}
Load Behavior: 3
HKLM: 1
Location: C:\Program Files (x86)\Microsoft Office\Office15\ADDINS\UmOutlookAddin.dll
Boot Time (Milliseconds): 32

Name: Skype Meeting Add-in for Microsoft Office 2013
Description: Skype Meeting Add-in for Microsoft Office 2013
ProgID: UCAddin.LyncAddin.1
GUID: {A6A2383F-AD50-4D52-8110-3508275E77F7}
Load Behavior: 3
HKLM: 1
Location: C:\Program Files (x86)\Microsoft Office\Office15\UCAddin.dll
Boot Time (Milliseconds): 31

Name: TeamViewer Meeting Add-In
Description: 
ProgID: TeamViewerMeetingAddIn.AddIn
GUID: {2D702E20-B8A1-4C0B-A218-32223CE86EA1}
Load Behavior: 3
HKLM: 1
Location: C:\Program Files (x86)\TeamViewer\outlook\TeamViewerMeetingAddinShim.dll
Boot Time (Milliseconds): 344

Name: Outlook Social Connector 2013
Description: Connects to social networking sites and provides people, activity, and status information.
ProgID: OscAddin.Connect
GUID: {2163EB1F-3FD9-4212-A41F-81D1F933597F}
Load Behavior: 3
HKLM: 1
Location: C:\Program Files (x86)\Microsoft Office\Office15\SOCIALCONNECTOR.DLL
Boot Time (Milliseconds): 0

Name: OneNote Notes about Outlook Items
Description: Adds Send to OneNote and Notes about this Item buttons to the command bar
ProgID: OneNote.OutlookAddin
GUID: {93E5752E-B889-47C5-8545-654EE2533C64}
Load Behavior: 3
HKLM: 1
Location: C:\Program Files (x86)\Microsoft Office\Office15\ONBttnOL.dll
Boot Time (Milliseconds): 31

Name: Conversation History Add-in for Microsoft Office 2013
Description: Conversation History Add-in for Microsoft Office 2013
ProgID: OcOffice.OcForms
GUID: {2CD5239C-7739-42F1-9C94-2A8E24A9BBD9}
Load Behavior: 3
HKLM: 0
Location: C:\Program Files (x86)\Microsoft Office\Office15\OcOffice.dll
Boot Time (Milliseconds): 0

Name: Microsoft SharePoint Server Colleague Import Add-in
Description: The Add-in allows Microsoft SharePoint Server to import colleague suggestions based on your Outlook content
ProgID: ColleagueImport.ColleagueImportAddin
GUID: {EFEF7FDB-0CED-4FB6-B3BB-3C50D39F4120}
Load Behavior: 3
HKLM: 0
Location: C:\Program Files (x86)\Microsoft Office\Office15\ADDINS\ColleagueImport.dll
Boot Time (Milliseconds): 0
","45",,"16384","4","0",,"36028797018963968","132679","Outlook",,"Application",,,"COHPMARTIN.gpco.local",,"27/08/2016 09:16:29",,,"application","System.UInt32[]","System.Diagnostics.Eventing.Reader.EventBookmark","Information",,,"System.Collections.ObjectModel.ReadOnlyCollection`1[System.String]","System.Collections.Generic.List`1[System.Diagnostics.Eventing.Reader.EventProperty]"
"The Exchange web service request GetAppManifests succeeded. ","63",,"16384","4","0",,"36028797018963968","132678","Outlook",,"Application",,,"COHPMARTIN.gpco.local",,"27/08/2016 09:16:20",,,"application","System.UInt32[]","System.Diagnostics.Eventing.Reader.EventBookmark","Information",,,"System.Collections.ObjectModel.ReadOnlyCollection`1[System.String]","System.Collections.Generic.List`1[System.Diagnostics.Eventing.Reader.EventProperty]"
,"0",,"0","4","0",,"36028797018963968","132677","BrYNSvc",,"Application",,,"COHPMARTIN.gpco.local",,"27/08/2016 09:16:14",,,"application","System.UInt32[]","System.Diagnostics.Eventing.Reader.EventBookmark",,,,,"System.Collections.Generic.List`1[System.Diagnostics.Eventing.Reader.EventProperty]"
"The Software Protection service has completed licensing status check.
Application Id=0ff1ce15-a989-479d-af46-f275c6370663
Licensing Status=
1: 3e4294dd-a765-49bc-8dbd-cf8b62a4bd3d, 1, 1 [(0 [0x00000000, 1, 0], [(?)( 1 0x00000000)(?)( 2 0x00000000 3 0 msft:rm/algorithm/hwid/4.0 0x00000000 0)(?)(?)(?)(?)])(1 )(2 )]

","1003","0","16384","4","0","0","36028797018963968","132676","Microsoft-Windows-Security-SPP","e23b33b0-c8c9-472c-a5f9-f2bdfea0f156","Application","0","0","COHPMARTIN.gpco.local",,"27/08/2016 09:16:11",,,"application","System.UInt32[]","System.Diagnostics.Eventing.Reader.EventBookmark","Information",,,"System.Collections.ObjectModel.ReadOnlyCollection`1[System.String]","System.Collections.Generic.List`1[System.Diagnostics.Eventing.Reader.EventProperty]"
"The Software Protection service has completed licensing status check.
Application Id=0ff1ce15-a989-479d-af46-f275c6370663
Licensing Status=
1: 2b88c4f2-ea8f-43cd-805e-4d41346e18a7, 1, 1 [(0 [0x00000000, 1, 0], [(?)( 1 0x00000000)(?)( 2 0x00000000 3 0 msft:rm/algorithm/hwid/4.0 0x00000000 0)(?)(?)(?)(?)])(1 )(2 )]

","1003","0","16384","4","0","0","36028797018963968","132675","Microsoft-Windows-Security-SPP","e23b33b0-c8c9-472c-a5f9-f2bdfea0f156","Application","0","0","COHPMARTIN.gpco.local",,"27/08/2016 09:16:11",,,"application","System.UInt32[]","System.Diagnostics.Eventing.Reader.EventBookmark","Information",,,"System.Collections.ObjectModel.ReadOnlyCollection`1[System.String]","System.Collections.Generic.List`1[System.Diagnostics.Eventing.Reader.EventProperty]"
"The Software Protection service has completed licensing status check.
Application Id=0ff1ce15-a989-479d-af46-f275c6370663
Licensing Status=
1: 26b394d7-7ad7-4aab-8fcc-6ea678395a91, 1, 0 [(0 [0xC004F014, 0, 0], [(?)(?)(?)(?)(?)(?)(?)(?)])(1 )(2 )]
2: 2b88c4f2-ea8f-43cd-805e-4d41346e18a7, 1, 0 [(0 [0x00000000, 1, 0], [(?)( 1 0x00000000)(?)( 2 0x00000000 3 0 msft:rm/algorithm/hwid/4.0 0x00000000 0)(?)(?)(?)(?)])(1 )(2 )]
3: 339a5901-9bde-4f48-a88d-d048a42b54b1, 1, 0 [(0 [0xC004F014, 0, 0], [(?)(?)(?)(?)(?)(?)(?)(?)])(1 )(2 )]
4: 3e4294dd-a765-49bc-8dbd-cf8b62a4bd3d, 1, 0 [(0 [0x00000000, 1, 0], [(?)( 1 0x00000000)(?)( 2 0x00000000 3 0 msft:rm/algorithm/hwid/4.0 0x00000000 0)(?)(?)(?)(?)])(1 )(2 )]
5: 5829fd99-2b17-4be4-9814-381145e49019, 1, 0 [(0 [0xC004F014, 0, 0], [(?)(?)(?)(?)(?)(?)(?)(?)])(1 )(2 )]
6: 596bf8ec-7cab-4a98-83ae-459db70d24e4, 1, 0 [(0 [0xC004F014, 0, 0], [(?)(?)(?)(?)(?)(?)(?)(?)])(1 )(2 )]
7: 60afa663-984d-47a6-ac9c-00346ff5e8f0, 1, 0 [(0 [0xC004F014, 0, 0], [(?)(?)(?)(?)(?)(?)(?)(?)])(1 )(2 )]
8: 6c1bed1d-0273-4045-90d2-e0836f3c380b, 1, 0 [(0 [0xC004F014, 0, 0], [(?)(?)(?)(?)(?)(?)(?)(?)])(1 )(2 )]
9: 70d9ceb6-6dfa-4da4-b413-18c1c3c76e2e, 1, 0 [(0 [0xC004F014, 0, 0], [(?)(?)(?)(?)(?)(?)(?)(?)])(1 )(2 )]
10: 84832881-46ef-4124-8abc-eb493cdcf78e, 1, 0 [(0 [0xC004F014, 0, 0], [(?)(?)(?)(?)(?)(?)(?)(?)])(1 )(2 )]
11: aa64f755-8a7b-4519-bc32-cab66deb92cb, 1, 0 [(0 [0xC004F014, 0, 0], [(?)(?)(?)(?)(?)(?)(?)(?)])(1 )(2 )]
12: b322da9c-a2e2-4058-9e4e-f59a6970bd69, 1, 0 [(0 [0xC004F014, 0, 0], [(?)(?)(?)(?)(?)(?)(?)(?)])(1 )(2 )]
13: c8ce6adc-ede7-4ce2-8e7b-c49f462ab8c3, 1, 0 [(0 [0xC004F014, 0, 0], [(?)(?)(?)(?)(?)(?)(?)(?)])(1 )(2 )]
14: de52bd50-9564-4adc-8fcb-a345c17f84f9, 1, 0 [(0 [0xC004F014, 0, 0], [(?)(?)(?)(?)(?)(?)(?)(?)])(1 )(2 )]
15: e13ac10e-75d0-4aff-a0cd-764982cf541c, 1, 0 [(0 [0xC004F014, 0, 0], [(?)(?)(?)(?)(?)(?)(?)(?)])(1 )(2 )]
16: e1fef7e5-6886-458c-8e45-7c1e9daab00c, 1, 0 [(0 [0xC004F014, 0, 0], [(?)(?)(?)(?)(?)(?)(?)(?)])(1 )(2 )]

","1003","0","16384","4","0","0","36028797018963968","132674","Microsoft-Windows-Security-SPP","e23b33b0-c8c9-472c-a5f9-f2bdfea0f156","Application","0","0","COHPMARTIN.gpco.local",,"27/08/2016 09:16:11",,,"application","System.UInt32[]","System.Diagnostics.Eventing.Reader.EventBookmark","Information",,,"System.Collections.ObjectModel.ReadOnlyCollection`1[System.String]","System.Collections.Generic.List`1[System.Diagnostics.Eventing.Reader.EventProperty]"
"These policies are being excluded since they are only defined with override-only attribute.
Policy Names=(Security-SPP-Reserved-EnableNotificationMode) 
App Id=0ff1ce15-a989-479d-af46-f275c6370663
Sku Id=3e4294dd-a765-49bc-8dbd-cf8b62a4bd3d","1033","0","16384","4","0","0","36028797018963968","132673","Microsoft-Windows-Security-SPP","e23b33b0-c8c9-472c-a5f9-f2bdfea0f156","Application","0","0","COHPMARTIN.gpco.local",,"27/08/2016 09:16:11",,,"application","System.UInt32[]","System.Diagnostics.Eventing.Reader.EventBookmark","Information",,,"System.Collections.ObjectModel.ReadOnlyCollection`1[System.String]","System.Collections.Generic.List`1[System.Diagnostics.Eventing.Reader.EventProperty]"
"Hardware has changed from previous boot.
 AppId=0ff1ce15-a989-479d-af46-f275c6370663, SkuId=3e4294dd-a765-49bc-8dbd-cf8b62a4bd3d.","1040","0","16384","4","0","0","36028797018963968","132672","Microsoft-Windows-Security-SPP","e23b33b0-c8c9-472c-a5f9-f2bdfea0f156","Application","0","0","COHPMARTIN.gpco.local",,"27/08/2016 09:16:11",,,"application","System.UInt32[]","System.Diagnostics.Eventing.Reader.EventBookmark","Information",,,"System.Collections.ObjectModel.ReadOnlyCollection`1[System.String]","System.Collections.Generic.List`1[System.Diagnostics.Eventing.Reader.EventProperty]"
"These policies are being excluded since they are only defined with override-only attribute.
Policy Names=(Security-SPP-Reserved-EnableNotificationMode) 
App Id=0ff1ce15-a989-479d-af46-f275c6370663
Sku Id=2b88c4f2-ea8f-43cd-805e-4d41346e18a7","1033","0","16384","4","0","0","36028797018963968","132671","Microsoft-Windows-Security-SPP","e23b33b0-c8c9-472c-a5f9-f2bdfea0f156","Application","0","0","COHPMARTIN.gpco.local",,"27/08/2016 09:16:11",,,"application","System.UInt32[]","System.Diagnostics.Eventing.Reader.EventBookmark","Information",,,"System.Collections.ObjectModel.ReadOnlyCollection`1[System.String]","System.Collections.Generic.List`1[System.Diagnostics.Eventing.Reader.EventProperty]"
"Hardware has changed from previous boot.
 AppId=0ff1ce15-a989-479d-af46-f275c6370663, SkuId=2b88c4f2-ea8f-43cd-805e-4d41346e18a7.","1040","0","16384","4","0","0","36028797018963968","132670","Microsoft-Windows-Security-SPP","e23b33b0-c8c9-472c-a5f9-f2bdfea0f156","Application","0","0","COHPMARTIN.gpco.local",,"27/08/2016 09:16:11",,,"application","System.UInt32[]","System.Diagnostics.Eventing.Reader.EventBookmark","Information",,,"System.Collections.ObjectModel.ReadOnlyCollection`1[System.String]","System.Collections.Generic.List`1[System.Diagnostics.Eventing.Reader.EventProperty]"
"The application (Cisco Any Connect Secure Mobility Client, from vendor Cisco Systems, Inc.) has the following problem: To function properly, Cisco Any Connect Secure Mobility Client must be reinstalled after you upgrade Windows.","1","0",,"3","0","2","-9223372036854775808","132669","Microsoft-Windows-ApplicationExperienceInfrastructure","5ec13d8e-4b3f-422e-a7e7-3121a1d90c7a","Application","8432","8436","COHPMARTIN.gpco.local","S-1-5-21-2511364499-3860350569-1670997104-1142","27/08/2016 09:16:09",,,"application","System.UInt32[]","System.Diagnostics.Eventing.Reader.EventBookmark","Warning","Stop",,"System.Collections.ObjectModel.ReadOnlyCollection`1[System.String]","System.Collections.Generic.List`1[System.Diagnostics.Eventing.Reader.EventProperty]"
"09:15:56","0",,"0","4","0",,"36028797018963968","132668","Seagate Dashboard Services Session Logon",,"Application",,,"COHPMARTIN.gpco.local",,"27/08/2016 09:15:56",,,"application","System.UInt32[]","System.Diagnostics.Eventing.Reader.EventBookmark","Information","Info",,"System.Collections.ObjectModel.ReadOnlyCollection`1[System.String]","System.Collections.Generic.List`1[System.Diagnostics.Eventing.Reader.EventProperty]"
"The Windows Search Service started.
","1003","0","16384","4","1","0","36028797018963968","132667","Microsoft-Windows-Search","ca4e628d-8567-4896-ab6b-835b221f373f","Application","0","0","COHPMARTIN.gpco.local",,"27/08/2016 09:15:54",,,"application","System.UInt32[]","System.Diagnostics.Eventing.Reader.EventBookmark","Information",,"Search service","System.Collections.ObjectModel.ReadOnlyCollection`1[System.String]","System.Collections.Generic.List`1[System.Diagnostics.Eventing.Reader.EventProperty]"
"SearchIndexer (7340) Windows: The database engine attached a database (1, C:\ProgramData\Microsoft\Search\Data\Applications\Windows\Windows.edb). (Time=0 seconds) 
 
Internal Timing Sequence: [1] 0.000, [2] 0.000, [3] 0.016, [4] 0.000, [5] 0.000, [6] 0.015, [7] 0.000, [8] 0.000, [9] 0.000, [10] 0.000, [11] 0.000, [12] 0.000. 
Saved Cache: 1 0","326",,"0","4","1",,"36028797018963968","132666","ESENT",,"Application",,,"COHPMARTIN.gpco.local",,"27/08/2016 09:15:54",,,"application","System.UInt32[]","System.Diagnostics.Eventing.Reader.EventBookmark","Information","Info","General","System.Collections.ObjectModel.ReadOnlyCollection`1[System.String]","System.Collections.Generic.List`1[System.Diagnostics.Eventing.Reader.EventProperty]"
"SearchIndexer (7340) Windows: The database engine started a new instance (0). (Time=0 seconds) 
 
Internal Timing Sequence: [1] 0.000, [2] 0.000, [3] 0.000, [4] 0.000, [5] 0.000, [6] 0.000, [7] 0.015, [8] 0.000, [9] 0.000, [10] 0.000.","105",,"0","4","1",,"36028797018963968","132665","ESENT",,"Application",,,"COHPMARTIN.gpco.local",,"27/08/2016 09:15:54",,,"application","System.UInt32[]","System.Diagnostics.Eventing.Reader.EventBookmark","Information","Info","General","System.Collections.ObjectModel.ReadOnlyCollection`1[System.String]","System.Collections.Generic.List`1[System.Diagnostics.Eventing.Reader.EventProperty]"
"SearchIndexer (7340) Windows: The database engine (6.03.9600.0000) is starting a new instance (0).","102",,"0","4","1",,"36028797018963968","132664","ESENT",,"Application",,,"COHPMARTIN.gpco.local",,"27/08/2016 09:15:54",,,"application","System.UInt32[]","System.Diagnostics.Eventing.Reader.EventBookmark","Information","Info","General","System.Collections.ObjectModel.ReadOnlyCollection`1[System.String]","System.Collections.Generic.List`1[System.Diagnostics.Eventing.Reader.EventProperty]"
,"0",,"0","4","0",,"36028797018963968","132663","igfxCUIService1.0.0.0",,"Application",,,"COHPMARTIN.gpco.local",,"27/08/2016 09:15:53",,,"application","System.UInt32[]","System.Diagnostics.Eventing.Reader.EventBookmark",,,,,"System.Collections.Generic.List`1[System.Diagnostics.Eventing.Reader.EventProperty]"
,"0",,"0","4","0",,"36028797018963968","132662","igfxCUIService1.0.0.0",,"Application",,,"COHPMARTIN.gpco.local",,"27/08/2016 09:15:50",,,"application","System.UInt32[]","System.Diagnostics.Eventing.Reader.EventBookmark",,,,,"System.Collections.Generic.List`1[System.Diagnostics.Eventing.Reader.EventProperty]"
,"0",,"0","4","0",,"36028797018963968","132661","igfxCUIService1.0.0.0",,"Application",,,"COHPMARTIN.gpco.local",,"27/08/2016 09:15:50",,,"application","System.UInt32[]","System.Diagnostics.Eventing.Reader.EventBookmark",,,,,"System.Collections.Generic.List`1[System.Diagnostics.Eventing.Reader.EventProperty]"
"svchost (6668) Instance: The database engine attached a database (1, C:\ProgramData\Microsoft\Windows\AppRepository\PackageRepository.edb). (Time=0 seconds) 
 
Internal Timing Sequence: [1] 0.000, [2] 0.000, [3] 0.000, [4] 0.000, [5] 0.000, [6] 0.000, [7] 0.000, [8] 0.000, [9] 0.000, [10] 0.000, [11] 0.000, [12] 0.000. 
Saved Cache: 1 0","326",,"0","4","1",,"36028797018963968","132660","ESENT",,"Application",,,"COHPMARTIN.gpco.local",,"27/08/2016 09:15:48",,,"application","System.UInt32[]","System.Diagnostics.Eventing.Reader.EventBookmark","Information","Info","General","System.Collections.ObjectModel.ReadOnlyCollection`1[System.String]","System.Collections.Generic.List`1[System.Diagnostics.Eventing.Reader.EventProperty]"
"svchost (6668) Instance: The database engine started a new instance (0). (Time=0 seconds) 
 
Internal Timing Sequence: [1] 0.000, [2] 0.000, [3] 0.000, [4] 0.015, [5] 0.000, [6] 0.000, [7] 0.000, [8] 0.000, [9] 0.000, [10] 0.000.","105",,"0","4","1",,"36028797018963968","132659","ESENT",,"Application",,,"COHPMARTIN.gpco.local",,"27/08/2016 09:15:48",,,"application","System.UInt32[]","System.Diagnostics.Eventing.Reader.EventBookmark","Information","Info","General","System.Collections.ObjectModel.ReadOnlyCollection`1[System.String]","System.Collections.Generic.List`1[System.Diagnostics.Eventing.Reader.EventProperty]"
"svchost (6668) Instance: The database engine (6.03.9600.0000) is starting a new instance (0).","102",,"0","4","1",,"36028797018963968","132658","ESENT",,"Application",,,"COHPMARTIN.gpco.local",,"27/08/2016 09:15:48",,,"application","System.UInt32[]","System.Diagnostics.Eventing.Reader.EventBookmark","Information","Info","General","System.Collections.ObjectModel.ReadOnlyCollection`1[System.String]","System.Collections.Generic.List`1[System.Diagnostics.Eventing.Reader.EventProperty]"
"The Software Protection service has started.
6.3.9600.17809","902","0","16384","0","0","0","36028797018963968","132657","Microsoft-Windows-Security-SPP","e23b33b0-c8c9-472c-a5f9-f2bdfea0f156","Application","0","0","COHPMARTIN.gpco.local",,"27/08/2016 09:15:48",,,"application","System.UInt32[]","System.Diagnostics.Eventing.Reader.EventBookmark","Information",,,"System.Collections.ObjectModel.ReadOnlyCollection`1[System.String]","System.Collections.Generic.List`1[System.Diagnostics.Eventing.Reader.EventProperty]"
"The Software Protection service has completed licensing status check.
Application Id=55c92734-d682-4d71-983e-d6ec3f16059f
Licensing Status=
1: 05e80e9f-93e3-4433-8b6d-bac4ae66d7bc, 1, 0 [(0 [0xC004F014, 0, 0], [(?)(?)(?)(?)(?)(?)(?)(?)])(1 )(2 )]
2: 0724cb7d-3437-4cb7-93cb-830375d0079d, 1, 0 [(0 [0xC004F014, 0, 0], [(?)(?)(?)(?)(?)(?)(?)(?)])(1 )(2 )]
3: 0cdc4d08-6df6-4eb4-b5b4-a373c3e351e7, 1, 0 [(0 [0xC004F014, 0, 0], [(?)(?)(?)(?)(?)(?)(?)(?)])(1 )(2 )]
4: 29d0b60f-66da-4858-bcaf-9eb513cd310d, 1, 0 [(0 [0xC004F014, 0, 0], [(?)(?)(?)(?)(?)(?)(?)(?)])(1 )(2 )]
5: 2c293c26-a45a-4a2a-a350-c69a67097529, 1, 0 [(0 [0xC004F014, 0, 0], [(?)(?)(?)(?)(?)(?)(?)(?)])(1 )(2 )]
6: 354d964a-56e7-43c5-a93f-287a7a750bd4, 1, 0 [(0 [0xC004F014, 0, 0], [(?)(?)(?)(?)(?)(?)(?)(?)])(1 )(2 )]
7: 4614b66f-a1d7-441c-9731-23f22d0ff4e5, 1, 0 [(0 [0xC004F014, 0, 0], [(?)(?)(?)(?)(?)(?)(?)(?)])(1 )(2 )]
8: 51b43152-a885-432f-a1cb-a575ca416784, 1, 0 [(0 [0xC004F014, 0, 0], [(?)(?)(?)(?)(?)(?)(?)(?)])(1 )(2 )]
9: 613d217f-7f13-4268-9907-1662339531cd, 1, 0 [(0 [0xC004F014, 0, 0], [(?)(?)(?)(?)(?)(?)(?)(?)])(1 )(2 )]
10: 763fe1c2-d40f-4f3c-9a28-7a3af6f0d987, 1, 0 [(0 [0x00000000, 1, 0], [(?)( 1 0x00000000)(?)( 2 0x00000000 0 0 msft:rm/algorithm/hwid/4.0 0x00000000 0)(?)(?)( 10 0x00000000 msft:rm/algorithm/flags/1.0)(?)])(1 )(2 )]
11: 7f71c90a-6279-4274-b398-37f7e9019dd4, 1, 0 [(0 [0xC004F014, 0, 0], [(?)(?)(?)(?)(?)(?)(?)(?)])(1 )(2 )]
12: 8da2dfae-e4f5-4e6a-9272-96f8470e033e, 1, 0 [(0 [0xC004F014, 0, 0], [(?)(?)(?)(?)(?)(?)(?)(?)])(1 )(2 )]
13: 9e473b6d-b591-4c46-9c44-90a865f22e76, 1, 0 [(0 [0xC004F014, 0, 0], [(?)(?)(?)(?)(?)(?)(?)(?)])(1 )(2 )]
14: bbc56067-37f8-49dd-87b2-a418a9ba130a, 1, 0 [(0 [0xC004F014, 0, 0], [(?)(?)(?)(?)(?)(?)(?)(?)])(1 )(2 )]
15: bd3762d7-270d-4760-8fb3-d829ca45278a, 1, 0 [(0 [0xC004F014, 0, 0], [(?)(?)(?)(?)(?)(?)(?)(?)])(1 )(2 )]
16: c06b6981-d7fd-4a35-b7b4-054742b7af67, 1, 0 [(0 [0xC004F014, 0, 0], [(?)(?)(?)(?)(?)(?)(?)(?)])(1 )(2 )]
17: d03e843c-9044-4cd4-b5eb-78a9586b5598, 1, 0 [(0 [0xC004F014, 0, 0], [(?)(?)(?)(?)(?)(?)(?)(?)])(1 )(2 )]
18: 4a8149bb-7d61-49f4-8822-82c7bf88d64b, 1, 0 [(0 [0xC004F014, 0, 0], [(?)(?)(?)(?)(?)(?)(?)(?)])(1 )(2 )]
19: ec67814b-30e6-4a50-bf7b-d55daf729d1e, 1, 0 [(0 [0xC004F014, 0, 0], [(?)(?)(?)(?)(?)(?)(?)(?)])(1 )(2 )]

","1003","0","16384","4","0","0","36028797018963968","132656","Microsoft-Windows-Security-SPP","e23b33b0-c8c9-472c-a5f9-f2bdfea0f156","Application","0","0","COHPMARTIN.gpco.local",,"27/08/2016 09:15:48",,,"application","System.UInt32[]","System.Diagnostics.Eventing.Reader.EventBookmark","Information",,,"System.Collections.ObjectModel.ReadOnlyCollection`1[System.String]","System.Collections.Generic.List`1[System.Diagnostics.Eventing.Reader.EventProperty]"
"These policies are being excluded since they are only defined with override-only attribute.
Policy Names=(Microsoft.Windows.Smc-Enabled) (NetworkProjection-CanRunNetworkProjection) (NetworkProjection-CanStartPresenting) (Security-SPP-Reserved-EnableNotificationMode) (Telnet-Server-EnableTelnetServer) (TiffIFilterLicensing-EnableTiffIFilter) (WindowsAnytimeUpgrade-CanUpgrade) 
App Id=55c92734-d682-4d71-983e-d6ec3f16059f
Sku Id=763fe1c2-d40f-4f3c-9a28-7a3af6f0d987","1033","0","16384","4","0","0","36028797018963968","132655","Microsoft-Windows-Security-SPP","e23b33b0-c8c9-472c-a5f9-f2bdfea0f156","Application","0","0","COHPMARTIN.gpco.local",,"27/08/2016 09:15:48",,,"application","System.UInt32[]","System.Diagnostics.Eventing.Reader.EventBookmark","Information",,,"System.Collections.ObjectModel.ReadOnlyCollection`1[System.String]","System.Collections.Generic.List`1[System.Diagnostics.Eventing.Reader.EventProperty]"
"Duplicate definition of policy found. Policy name=Security-SPP-WriteWauMarker  Priority=500","1034","0","16384","4","0","0","36028797018963968","132654","Microsoft-Windows-Security-SPP","e23b33b0-c8c9-472c-a5f9-f2bdfea0f156","Application","0","0","COHPMARTIN.gpco.local",,"27/08/2016 09:15:48",,,"application","System.UInt32[]","System.Diagnostics.Eventing.Reader.EventBookmark","Information",,,"System.Collections.ObjectModel.ReadOnlyCollection`1[System.String]","System.Collections.Generic.List`1[System.Diagnostics.Eventing.Reader.EventProperty]"
"Hardware has changed from previous boot.
 AppId=55c92734-d682-4d71-983e-d6ec3f16059f, SkuId=763fe1c2-d40f-4f3c-9a28-7a3af6f0d987.","1040","0","16384","4","0","0","36028797018963968","132653","Microsoft-Windows-Security-SPP","e23b33b0-c8c9-472c-a5f9-f2bdfea0f156","Application","0","0","COHPMARTIN.gpco.local",,"27/08/2016 09:15:48",,,"application","System.UInt32[]","System.Diagnostics.Eventing.Reader.EventBookmark","Information",,,"System.Collections.ObjectModel.ReadOnlyCollection`1[System.String]","System.Collections.Generic.List`1[System.Diagnostics.Eventing.Reader.EventProperty]"
"Initialization status for service objects.
C:\windows\system32\sppwinob.dll, msft:spp/windowsfunctionality/agent/7.0, 0x00000000, 0x00000000
C:\windows\system32\sppobjs.dll, msft:rm/algorithm/inherited/1.0, 0x00000000, 0x00000000
C:\windows\system32\sppobjs.dll, msft:rm/algorithm/phone/1.0, 0x00000000, 0x00000000
C:\windows\system32\sppobjs.dll, msft:rm/algorithm/pkey/detect, 0x00000000, 0x00000000
C:\windows\system32\sppobjs.dll, msft:spp/ActionScheduler/1.0, 0x00000000, 0x00000000
C:\windows\system32\sppobjs.dll, msft:spp/TaskScheduler/1.0, 0x00000000, 0x00000000
C:\windows\system32\sppobjs.dll, msft:spp/statecollector/pkey, 0x00000000, 0x00000000
C:\windows\system32\sppobjs.dll, msft:spp/volume/services/kms/1.0, 0x00000000, 0x00000000
C:\windows\system32\sppobjs.dll, msft:spp/volume/services/kms/activationinfo/1.0, 0x00000000, 0x00000000
","1066","0","16384","4","0","0","36028797018963968","132652","Microsoft-Windows-Security-SPP","e23b33b0-c8c9-472c-a5f9-f2bdfea0f156","Application","0","0","COHPMARTIN.gpco.local",,"27/08/2016 09:15:48",,,"application","System.UInt32[]","System.Diagnostics.Eventing.Reader.EventBookmark","Information",,,"System.Collections.ObjectModel.ReadOnlyCollection`1[System.String]","System.Collections.Generic.List`1[System.Diagnostics.Eventing.Reader.EventProperty]"
"The Software Protection service is starting.
Parameters:caller=svchost.exe","900","0","16384","4","0","0","36028797018963968","132651","Microsoft-Windows-Security-SPP","e23b33b0-c8c9-472c-a5f9-f2bdfea0f156","Application","0","0","COHPMARTIN.gpco.local",,"27/08/2016 09:15:47",,,"application","System.UInt32[]","System.Diagnostics.Eventing.Reader.EventBookmark","Information",,,"System.Collections.ObjectModel.ReadOnlyCollection`1[System.String]","System.Collections.Generic.List`1[System.Diagnostics.Eventing.Reader.EventProperty]"
"Service started successfully.","0",,"0","4","0",,"36028797018963968","132650","Seagate MobileBackup Service",,"Application",,,"COHPMARTIN.gpco.local",,"27/08/2016 09:15:37",,,"application","System.UInt32[]","System.Diagnostics.Eventing.Reader.EventBookmark","Information","Info",,"System.Collections.ObjectModel.ReadOnlyCollection`1[System.String]","System.Collections.Generic.List`1[System.Diagnostics.Eventing.Reader.EventProperty]"
"Common language runtime (CLR) functionality initialized using CLR version v4.0.30319 from C:\Windows\Microsoft.NET\Framework64\v4.0.30319\.","6253",,"16384","4","2",,"36028797018963968","132649","MSSQLSERVER",,"Application",,,"COHPMARTIN.gpco.local",,"27/08/2016 09:15:37",,,"application","System.UInt32[]","System.Diagnostics.Eventing.Reader.EventBookmark","Information",,"Server","System.Collections.ObjectModel.ReadOnlyCollection`1[System.String]","System.Collections.Generic.List`1[System.Diagnostics.Eventing.Reader.EventProperty]"
"Windows Management Instrumentation Service subsystems initialized successfully","5617","2",,"4","0","0","-9223372036854775808","132648","Microsoft-Windows-WMI","1edeee53-0afe-4609-b846-d8c0b2075b1f","Application","1016","1732","COHPMARTIN.gpco.local","S-1-5-18","27/08/2016 09:15:36",,,"application","System.UInt32[]","System.Diagnostics.Eventing.Reader.EventBookmark","Information","Info",,"System.Collections.ObjectModel.ReadOnlyCollection`1[System.String]","System.Collections.Generic.List`1[System.Diagnostics.Eventing.Reader.EventProperty]"
"Recovery is complete. This is an informational message only. No user action is required.","3408",,"16384","4","2",,"36028797018963968","132647","MSSQLSERVER",,"Application",,,"COHPMARTIN.gpco.local",,"27/08/2016 09:15:36",,,"application","System.UInt32[]","System.Diagnostics.Eventing.Reader.EventBookmark","Information",,"Server","System.Collections.ObjectModel.ReadOnlyCollection`1[System.String]","System.Collections.Generic.List`1[System.Diagnostics.Eventing.Reader.EventProperty]"
"Service Broker manager has started.","9688",,"16384","4","2",,"36028797018963968","132646","MSSQLSERVER",,"Application",,,"COHPMARTIN.gpco.local",,"27/08/2016 09:15:36",,,"application","System.UInt32[]","System.Diagnostics.Eventing.Reader.EventBookmark","Information",,"Server","System.Collections.ObjectModel.ReadOnlyCollection`1[System.String]","System.Collections.Generic.List`1[System.Diagnostics.Eventing.Reader.EventProperty]"
"The Database Mirroring endpoint is in disabled or stopped state.","9666",,"16384","4","2",,"36028797018963968","132645","MSSQLSERVER",,"Application",,,"COHPMARTIN.gpco.local",,"27/08/2016 09:15:36",,,"application","System.UInt32[]","System.Diagnostics.Eventing.Reader.EventBookmark","Information",,"Server","System.Collections.ObjectModel.ReadOnlyCollection`1[System.String]","System.Collections.Generic.List`1[System.Diagnostics.Eventing.Reader.EventProperty]"
"The Service Broker endpoint is in disabled or stopped state.","9666",,"16384","4","2",,"36028797018963968","132644","MSSQLSERVER",,"Application",,,"COHPMARTIN.gpco.local",,"27/08/2016 09:15:36",,,"application","System.UInt32[]","System.Diagnostics.Eventing.Reader.EventBookmark","Information",,"Server","System.Collections.ObjectModel.ReadOnlyCollection`1[System.String]","System.Collections.Generic.List`1[System.Diagnostics.Eventing.Reader.EventProperty]"
"Service started successfully.","0",,"0","4","0",,"36028797018963968","132643","Seagate Dashboard Services",,"Application",,,"COHPMARTIN.gpco.local",,"27/08/2016 09:15:36",,,"application","System.UInt32[]","System.Diagnostics.Eventing.Reader.EventBookmark","Information","Info",,"System.Collections.ObjectModel.ReadOnlyCollection`1[System.String]","System.Collections.Generic.List`1[System.Diagnostics.Eventing.Reader.EventProperty]"
"09:15:36","0",,"0","4","0",,"36028797018963968","132642","Seagate Dashboard Services start",,"Application",,,"COHPMARTIN.gpco.local",,"27/08/2016 09:15:36",,,"application","System.UInt32[]","System.Diagnostics.Eventing.Reader.EventBookmark","Information","Info",,"System.Collections.ObjectModel.ReadOnlyCollection`1[System.String]","System.Collections.Generic.List`1[System.Diagnostics.Eventing.Reader.EventProperty]"
"Windows Management Instrumentation Service started sucessfully","5615","2",,"4","0","0","-9223372036854775808","132641","Microsoft-Windows-WMI","1edeee53-0afe-4609-b846-d8c0b2075b1f","Application","1016","4520","COHPMARTIN.gpco.local","S-1-5-18","27/08/2016 09:15:35",,,"application","System.UInt32[]","System.Diagnostics.Eventing.Reader.EventBookmark","Information","Info",,"System.Collections.ObjectModel.ReadOnlyCollection`1[System.String]","System.Collections.Generic.List`1[System.Diagnostics.Eventing.Reader.EventProperty]"
"Starting up database 'tempdb'.","17137",,"16384","4","2",,"36028797018963968","132640","MSSQLSERVER",,"Application",,,"COHPMARTIN.gpco.local",,"27/08/2016 09:15:35",,,"application","System.UInt32[]","System.Diagnostics.Eventing.Reader.EventBookmark","Information",,"Server","System.Collections.ObjectModel.ReadOnlyCollection`1[System.String]","System.Collections.Generic.List`1[System.Diagnostics.Eventing.Reader.EventProperty]"
"Clearing tempdb database.","17136",,"16384","4","2",,"36028797018963968","132639","MSSQLSERVER",,"Application",,,"COHPMARTIN.gpco.local",,"27/08/2016 09:15:34",,,"application","System.UInt32[]","System.Diagnostics.Eventing.Reader.EventBookmark","Information",,"Server","System.Collections.ObjectModel.ReadOnlyCollection`1[System.String]","System.Collections.Generic.List`1[System.Diagnostics.Eventing.Reader.EventProperty]"
"Starting up database 'model'.","17137",,"16384","4","2",,"36028797018963968","132638","MSSQLSERVER",,"Application",,,"COHPMARTIN.gpco.local",,"27/08/2016 09:15:33",,,"application","System.UInt32[]","System.Diagnostics.Eventing.Reader.EventBookmark","Information",,"Server","System.Collections.ObjectModel.ReadOnlyCollection`1[System.String]","System.Collections.Generic.List`1[System.Diagnostics.Eventing.Reader.EventProperty]"
"The resource database build version is 12.00.5000. This is an informational message only. No user action is required.","958",,"16384","4","2",,"36028797018963968","132637","MSSQLSERVER",,"Application",,,"COHPMARTIN.gpco.local",,"27/08/2016 09:15:33",,,"application","System.UInt32[]","System.Diagnostics.Eventing.Reader.EventBookmark","Information",,"Server","System.Collections.ObjectModel.ReadOnlyCollection`1[System.String]","System.Collections.Generic.List`1[System.Diagnostics.Eventing.Reader.EventProperty]"
"The SQL Server Network Interface library could not register the Service Principal Name (SPN) [ MSSQLSvc/COHPMARTIN.gpco.local:1433 ] for the SQL Server service. Windows return code: 0xffffffff, state: 63. Failure to register a SPN might cause integrated authentication to use NTLM instead of Kerberos. This is an informational message. Further action is only required if Kerberos authentication is required by authentication policies and if the SPN has not been manually registered.","26067",,"16384","4","2",,"36028797018963968","132636","MSSQLSERVER",,"Application",,,"COHPMARTIN.gpco.local",,"27/08/2016 09:15:33",,,"application","System.UInt32[]","System.Diagnostics.Eventing.Reader.EventBookmark","Information",,"Server","System.Collections.ObjectModel.ReadOnlyCollection`1[System.String]","System.Collections.Generic.List`1[System.Diagnostics.Eventing.Reader.EventProperty]"
"The SQL Server Network Interface library could not register the Service Principal Name (SPN) [ MSSQLSvc/COHPMARTIN.gpco.local ] for the SQL Server service. Windows return code: 0xffffffff, state: 63. Failure to register a SPN might cause integrated authentication to use NTLM instead of Kerberos. This is an informational message. Further action is only required if Kerberos authentication is required by authentication policies and if the SPN has not been manually registered.","26067",,"16384","4","2",,"36028797018963968","132635","MSSQLSERVER",,"Application",,,"COHPMARTIN.gpco.local",,"27/08/2016 09:15:33",,,"application","System.UInt32[]","System.Diagnostics.Eventing.Reader.EventBookmark","Information",,"Server","System.Collections.ObjectModel.ReadOnlyCollection`1[System.String]","System.Collections.Generic.List`1[System.Diagnostics.Eventing.Reader.EventProperty]"
"SQL Server is attempting to register a Service Principal Name (SPN) for the SQL Server service. Kerberos authentication will not be possible until a SPN is registered for the SQL Server service. This is an informational message. No user action is required.","26076",,"16384","4","2",,"36028797018963968","132634","MSSQLSERVER",,"Application",,,"COHPMARTIN.gpco.local",,"27/08/2016 09:15:33",,,"application","System.UInt32[]","System.Diagnostics.Eventing.Reader.EventBookmark","Information",,"Server","System.Collections.ObjectModel.ReadOnlyCollection`1[System.String]","System.Collections.Generic.List`1[System.Diagnostics.Eventing.Reader.EventProperty]"
"SQL Server is now ready for client connections. This is an informational message; no user action is required.","17126",,"16384","4","2",,"36028797018963968","132633","MSSQLSERVER",,"Application",,,"COHPMARTIN.gpco.local",,"27/08/2016 09:15:33",,,"application","System.UInt32[]","System.Diagnostics.Eventing.Reader.EventBookmark","Information",,"Server","System.Collections.ObjectModel.ReadOnlyCollection`1[System.String]","System.Collections.Generic.List`1[System.Diagnostics.Eventing.Reader.EventProperty]"
"Dedicated administrator connection support was not started because it is disabled on this edition of SQL Server. If you want to use a dedicated administrator connection, restart SQL Server using the trace flag 7806. This is an informational message only. No user action is required.","17199",,"16384","4","2",,"36028797018963968","132632","MSSQLSERVER",,"Application",,,"COHPMARTIN.gpco.local",,"27/08/2016 09:15:33",,,"application","System.UInt32[]","System.Diagnostics.Eventing.Reader.EventBookmark","Information",,"Server","System.Collections.ObjectModel.ReadOnlyCollection`1[System.String]","System.Collections.Generic.List`1[System.Diagnostics.Eventing.Reader.EventProperty]"
"Server local connection provider is ready to accept connection on [ \\.\pipe\sql\query ].","26048",,"16384","4","2",,"36028797018963968","132631","MSSQLSERVER",,"Application",,,"COHPMARTIN.gpco.local",,"27/08/2016 09:15:33",,,"application","System.UInt32[]","System.Diagnostics.Eventing.Reader.EventBookmark","Information",,"Server","System.Collections.ObjectModel.ReadOnlyCollection`1[System.String]","System.Collections.Generic.List`1[System.Diagnostics.Eventing.Reader.EventProperty]"
"Server local connection provider is ready to accept connection on [ \\.\pipe\SQLLocal\MSSQLSERVER ].","26048",,"16384","4","2",,"36028797018963968","132630","MSSQLSERVER",,"Application",,,"COHPMARTIN.gpco.local",,"27/08/2016 09:15:33",,,"application","System.UInt32[]","System.Diagnostics.Eventing.Reader.EventBookmark","Information",,"Server","System.Collections.ObjectModel.ReadOnlyCollection`1[System.String]","System.Collections.Generic.List`1[System.Diagnostics.Eventing.Reader.EventProperty]"
"Server is listening on [ 'any' <ipv4> 1433].","26022",,"16384","4","2",,"36028797018963968","132629","MSSQLSERVER",,"Application",,,"COHPMARTIN.gpco.local",,"27/08/2016 09:15:33",,,"application","System.UInt32[]","System.Diagnostics.Eventing.Reader.EventBookmark","Information",,"Server","System.Collections.ObjectModel.ReadOnlyCollection`1[System.String]","System.Collections.Generic.List`1[System.Diagnostics.Eventing.Reader.EventProperty]"
"Server is listening on [ 'any' <ipv6> 1433].","26022",,"16384","4","2",,"36028797018963968","132628","MSSQLSERVER",,"Application",,,"COHPMARTIN.gpco.local",,"27/08/2016 09:15:33",,,"application","System.UInt32[]","System.Diagnostics.Eventing.Reader.EventBookmark","Information",,"Server","System.Collections.ObjectModel.ReadOnlyCollection`1[System.String]","System.Collections.Generic.List`1[System.Diagnostics.Eventing.Reader.EventProperty]"
