","1003","0","16384","4","0","0","36028797018963968","133283","Microsoft-Windows-Security-SPP","e23b33b0-c8c9-472c-a5f9-f2bdfea0f156","Application","0","0","COHPMARTIN.gpco.local",,"29/08/2016 09:19:21",,,"application","System.UInt32[]","System.Diagnostics.Eventing.Reader.EventBookmark","Information",,,"System.Collections.ObjectModel.ReadOnlyCollection`1[System.String]","System.Collections.Generic.List`1[System.Diagnostics.Eventing.Reader.EventProperty]"
"Hardware has changed from previous boot.
 AppId=55c92734-d682-4d71-983e-d6ec3f16059f, SkuId=763fe1c2-d40f-4f3c-9a28-7a3af6f0d987.","1040","0","16384","4","0","0","36028797018963968","133282","Microsoft-Windows-Security-SPP","e23b33b0-c8c9-472c-a5f9-f2bdfea0f156","Application","0","0","COHPMARTIN.gpco.local",,"29/08/2016 09:19:21",,,"application","System.UInt32[]","System.Diagnostics.Eventing.Reader.EventBookmark","Information",,,"System.Collections.ObjectModel.ReadOnlyCollection`1[System.String]","System.Collections.Generic.List`1[System.Diagnostics.Eventing.Reader.EventProperty]"
"Initialization status for service objects.
C:\windows\system32\sppwinob.dll, msft:spp/windowsfunctionality/agent/7.0, 0x00000000, 0x00000000
C:\windows\system32\sppobjs.dll, msft:rm/algorithm/inherited/1.0, 0x00000000, 0x00000000
C:\windows\system32\sppobjs.dll, msft:rm/algorithm/phone/1.0, 0x00000000, 0x00000000
C:\windows\system32\sppobjs.dll, msft:rm/algorithm/pkey/detect, 0x00000000, 0x00000000
C:\windows\system32\sppobjs.dll, msft:spp/ActionScheduler/1.0, 0x00000000, 0x00000000
C:\windows\system32\sppobjs.dll, msft:spp/TaskScheduler/1.0, 0x00000000, 0x00000000
C:\windows\system32\sppobjs.dll, msft:spp/statecollector/pkey, 0x00000000, 0x00000000
C:\windows\system32\sppobjs.dll, msft:spp/volume/services/kms/1.0, 0x00000000, 0x00000000
C:\windows\system32\sppobjs.dll, msft:spp/volume/services/kms/activationinfo/1.0, 0x00000000, 0x00000000
","1066","0","16384","4","0","0","36028797018963968","133281","Microsoft-Windows-Security-SPP","e23b33b0-c8c9-472c-a5f9-f2bdfea0f156","Application","0","0","COHPMARTIN.gpco.local",,"29/08/2016 09:19:21",,,"application","System.UInt32[]","System.Diagnostics.Eventing.Reader.EventBookmark","Information",,,"System.Collections.ObjectModel.ReadOnlyCollection`1[System.String]","System.Collections.Generic.List`1[System.Diagnostics.Eventing.Reader.EventProperty]"
"The Software Protection service is starting.
Parameters:caller=svchost.exe","900","0","16384","4","0","0","36028797018963968","133280","Microsoft-Windows-Security-SPP","e23b33b0-c8c9-472c-a5f9-f2bdfea0f156","Application","0","0","COHPMARTIN.gpco.local",,"29/08/2016 09:19:20",,,"application","System.UInt32[]","System.Diagnostics.Eventing.Reader.EventBookmark","Information",,,"System.Collections.ObjectModel.ReadOnlyCollection`1[System.String]","System.Collections.Generic.List`1[System.Diagnostics.Eventing.Reader.EventProperty]"
"Windows Management Instrumentation Service subsystems initialized successfully","5617","2",,"4","0","0","-9223372036854775808","133279","Microsoft-Windows-WMI","1edeee53-0afe-4609-b846-d8c0b2075b1f","Application","976","460","COHPMARTIN.gpco.local","S-1-5-18","29/08/2016 09:19:07",,,"application","System.UInt32[]","System.Diagnostics.Eventing.Reader.EventBookmark","Information","Info",,"System.Collections.ObjectModel.ReadOnlyCollection`1[System.String]","System.Collections.Generic.List`1[System.Diagnostics.Eventing.Reader.EventProperty]"
"Windows Management Instrumentation Service started sucessfully","5615","2",,"4","0","0","-9223372036854775808","133278","Microsoft-Windows-WMI","1edeee53-0afe-4609-b846-d8c0b2075b1f","Application","976","4544","COHPMARTIN.gpco.local","S-1-5-18","29/08/2016 09:19:07",,,"application","System.UInt32[]","System.Diagnostics.Eventing.Reader.EventBookmark","Information","Info",,"System.Collections.ObjectModel.ReadOnlyCollection`1[System.String]","System.Collections.Generic.List`1[System.Diagnostics.Eventing.Reader.EventProperty]"
"Service Broker manager has started.","9688",,"16384","4","2",,"36028797018963968","133277","MSSQLSERVER",,"Application",,,"COHPMARTIN.gpco.local",,"29/08/2016 09:19:06",,,"application","System.UInt32[]","System.Diagnostics.Eventing.Reader.EventBookmark","Information",,"Server","System.Collections.ObjectModel.ReadOnlyCollection`1[System.String]","System.Collections.Generic.List`1[System.Diagnostics.Eventing.Reader.EventProperty]"
"Recovery is complete. This is an informational message only. No user action is required.","3408",,"16384","4","2",,"36028797018963968","133276","MSSQLSERVER",,"Application",,,"COHPMARTIN.gpco.local",,"29/08/2016 09:19:06",,,"application","System.UInt32[]","System.Diagnostics.Eventing.Reader.EventBookmark","Information",,"Server","System.Collections.ObjectModel.ReadOnlyCollection`1[System.String]","System.Collections.Generic.List`1[System.Diagnostics.Eventing.Reader.EventProperty]"
"The Database Mirroring endpoint is in disabled or stopped state.","9666",,"16384","4","2",,"36028797018963968","133275","MSSQLSERVER",,"Application",,,"COHPMARTIN.gpco.local",,"29/08/2016 09:19:06",,,"application","System.UInt32[]","System.Diagnostics.Eventing.Reader.EventBookmark","Information",,"Server","System.Collections.ObjectModel.ReadOnlyCollection`1[System.String]","System.Collections.Generic.List`1[System.Diagnostics.Eventing.Reader.EventProperty]"
"The Service Broker endpoint is in disabled or stopped state.","9666",,"16384","4","2",,"36028797018963968","133274","MSSQLSERVER",,"Application",,,"COHPMARTIN.gpco.local",,"29/08/2016 09:19:06",,,"application","System.UInt32[]","System.Diagnostics.Eventing.Reader.EventBookmark","Information",,"Server","System.Collections.ObjectModel.ReadOnlyCollection`1[System.String]","System.Collections.Generic.List`1[System.Diagnostics.Eventing.Reader.EventProperty]"
"Common language runtime (CLR) functionality initialized using CLR version v4.0.30319 from C:\Windows\Microsoft.NET\Framework64\v4.0.30319\.","6253",,"16384","4","2",,"36028797018963968","133273","MSSQLSERVER",,"Application",,,"COHPMARTIN.gpco.local",,"29/08/2016 09:19:06",,,"application","System.UInt32[]","System.Diagnostics.Eventing.Reader.EventBookmark","Information",,"Server","System.Collections.ObjectModel.ReadOnlyCollection`1[System.String]","System.Collections.Generic.List`1[System.Diagnostics.Eventing.Reader.EventProperty]"
"Starting up database 'tempdb'.","17137",,"16384","4","2",,"36028797018963968","133272","MSSQLSERVER",,"Application",,,"COHPMARTIN.gpco.local",,"29/08/2016 09:19:06",,,"application","System.UInt32[]","System.Diagnostics.Eventing.Reader.EventBookmark","Information",,"Server","System.Collections.ObjectModel.ReadOnlyCollection`1[System.String]","System.Collections.Generic.List`1[System.Diagnostics.Eventing.Reader.EventProperty]"
"Service started successfully.","0",,"0","4","0",,"36028797018963968","133271","Seagate MobileBackup Service",,"Application",,,"COHPMARTIN.gpco.local",,"29/08/2016 09:19:06",,,"application","System.UInt32[]","System.Diagnostics.Eventing.Reader.EventBookmark","Information","Info",,"System.Collections.ObjectModel.ReadOnlyCollection`1[System.String]","System.Collections.Generic.List`1[System.Diagnostics.Eventing.Reader.EventProperty]"
"Clearing tempdb database.","17136",,"16384","4","2",,"36028797018963968","133270","MSSQLSERVER",,"Application",,,"COHPMARTIN.gpco.local",,"29/08/2016 09:19:05",,,"application","System.UInt32[]","System.Diagnostics.Eventing.Reader.EventBookmark","Information",,"Server","System.Collections.ObjectModel.ReadOnlyCollection`1[System.String]","System.Collections.Generic.List`1[System.Diagnostics.Eventing.Reader.EventProperty]"
"Starting up database 'model'.","17137",,"16384","4","2",,"36028797018963968","133269","MSSQLSERVER",,"Application",,,"COHPMARTIN.gpco.local",,"29/08/2016 09:19:05",,,"application","System.UInt32[]","System.Diagnostics.Eventing.Reader.EventBookmark","Information",,"Server","System.Collections.ObjectModel.ReadOnlyCollection`1[System.String]","System.Collections.Generic.List`1[System.Diagnostics.Eventing.Reader.EventProperty]"
"The SQL Server Network Interface library could not register the Service Principal Name (SPN) [ MSSQLSvc/COHPMARTIN.gpco.local:1433 ] for the SQL Server service. Windows return code: 0xffffffff, state: 63. Failure to register a SPN might cause integrated authentication to use NTLM instead of Kerberos. This is an informational message. Further action is only required if Kerberos authentication is required by authentication policies and if the SPN has not been manually registered.","26067",,"16384","4","2",,"36028797018963968","133268","MSSQLSERVER",,"Application",,,"COHPMARTIN.gpco.local",,"29/08/2016 09:19:05",,,"application","System.UInt32[]","System.Diagnostics.Eventing.Reader.EventBookmark","Information",,"Server","System.Collections.ObjectModel.ReadOnlyCollection`1[System.String]","System.Collections.Generic.List`1[System.Diagnostics.Eventing.Reader.EventProperty]"
"The SQL Server Network Interface library could not register the Service Principal Name (SPN) [ MSSQLSvc/COHPMARTIN.gpco.local ] for the SQL Server service. Windows return code: 0xffffffff, state: 63. Failure to register a SPN might cause integrated authentication to use NTLM instead of Kerberos. This is an informational message. Further action is only required if Kerberos authentication is required by authentication policies and if the SPN has not been manually registered.","26067",,"16384","4","2",,"36028797018963968","133267","MSSQLSERVER",,"Application",,,"COHPMARTIN.gpco.local",,"29/08/2016 09:19:05",,,"application","System.UInt32[]","System.Diagnostics.Eventing.Reader.EventBookmark","Information",,"Server","System.Collections.ObjectModel.ReadOnlyCollection`1[System.String]","System.Collections.Generic.List`1[System.Diagnostics.Eventing.Reader.EventProperty]"
"SQL Server is attempting to register a Service Principal Name (SPN) for the SQL Server service. Kerberos authentication will not be possible until a SPN is registered for the SQL Server service. This is an informational message. No user action is required.","26076",,"16384","4","2",,"36028797018963968","133266","MSSQLSERVER",,"Application",,,"COHPMARTIN.gpco.local",,"29/08/2016 09:19:05",,,"application","System.UInt32[]","System.Diagnostics.Eventing.Reader.EventBookmark","Information",,"Server","System.Collections.ObjectModel.ReadOnlyCollection`1[System.String]","System.Collections.Generic.List`1[System.Diagnostics.Eventing.Reader.EventProperty]"
"SQL Server is now ready for client connections. This is an informational message; no user action is required.","17126",,"16384","4","2",,"36028797018963968","133265","MSSQLSERVER",,"Application",,,"COHPMARTIN.gpco.local",,"29/08/2016 09:19:05",,,"application","System.UInt32[]","System.Diagnostics.Eventing.Reader.EventBookmark","Information",,"Server","System.Collections.ObjectModel.ReadOnlyCollection`1[System.String]","System.Collections.Generic.List`1[System.Diagnostics.Eventing.Reader.EventProperty]"
"Dedicated administrator connection support was not started because it is disabled on this edition of SQL Server. If you want to use a dedicated administrator connection, restart SQL Server using the trace flag 7806. This is an informational message only. No user action is required.","17199",,"16384","4","2",,"36028797018963968","133264","MSSQLSERVER",,"Application",,,"COHPMARTIN.gpco.local",,"29/08/2016 09:19:05",,,"application","System.UInt32[]","System.Diagnostics.Eventing.Reader.EventBookmark","Information",,"Server","System.Collections.ObjectModel.ReadOnlyCollection`1[System.String]","System.Collections.Generic.List`1[System.Diagnostics.Eventing.Reader.EventProperty]"
"Server local connection provider is ready to accept connection on [ \\.\pipe\sql\query ].","26048",,"16384","4","2",,"36028797018963968","133263","MSSQLSERVER",,"Application",,,"COHPMARTIN.gpco.local",,"29/08/2016 09:19:05",,,"application","System.UInt32[]","System.Diagnostics.Eventing.Reader.EventBookmark","Information",,"Server","System.Collections.ObjectModel.ReadOnlyCollection`1[System.String]","System.Collections.Generic.List`1[System.Diagnostics.Eventing.Reader.EventProperty]"
"Server local connection provider is ready to accept connection on [ \\.\pipe\SQLLocal\MSSQLSERVER ].","26048",,"16384","4","2",,"36028797018963968","133262","MSSQLSERVER",,"Application",,,"COHPMARTIN.gpco.local",,"29/08/2016 09:19:05",,,"application","System.UInt32[]","System.Diagnostics.Eventing.Reader.EventBookmark","Information",,"Server","System.Collections.ObjectModel.ReadOnlyCollection`1[System.String]","System.Collections.Generic.List`1[System.Diagnostics.Eventing.Reader.EventProperty]"
"The resource database build version is 12.00.5000. This is an informational message only. No user action is required.","958",,"16384","4","2",,"36028797018963968","133261","MSSQLSERVER",,"Application",,,"COHPMARTIN.gpco.local",,"29/08/2016 09:19:05",,,"application","System.UInt32[]","System.Diagnostics.Eventing.Reader.EventBookmark","Information",,"Server","System.Collections.ObjectModel.ReadOnlyCollection`1[System.String]","System.Collections.Generic.List`1[System.Diagnostics.Eventing.Reader.EventProperty]"
"Server is listening on [ 'any' <ipv4> 1433].","26022",,"16384","4","2",,"36028797018963968","133260","MSSQLSERVER",,"Application",,,"COHPMARTIN.gpco.local",,"29/08/2016 09:19:05",,,"application","System.UInt32[]","System.Diagnostics.Eventing.Reader.EventBookmark","Information",,"Server","System.Collections.ObjectModel.ReadOnlyCollection`1[System.String]","System.Collections.Generic.List`1[System.Diagnostics.Eventing.Reader.EventProperty]"
"Server is listening on [ 'any' <ipv6> 1433].","26022",,"16384","4","2",,"36028797018963968","133259","MSSQLSERVER",,"Application",,,"COHPMARTIN.gpco.local",,"29/08/2016 09:19:05",,,"application","System.UInt32[]","System.Diagnostics.Eventing.Reader.EventBookmark","Information",,"Server","System.Collections.ObjectModel.ReadOnlyCollection`1[System.String]","System.Collections.Generic.List`1[System.Diagnostics.Eventing.Reader.EventProperty]"
"Service started successfully.","0",,"0","4","0",,"36028797018963968","133258","Seagate Dashboard Services",,"Application",,,"COHPMARTIN.gpco.local",,"29/08/2016 09:19:05",,,"application","System.UInt32[]","System.Diagnostics.Eventing.Reader.EventBookmark","Information","Info",,"System.Collections.ObjectModel.ReadOnlyCollection`1[System.String]","System.Collections.Generic.List`1[System.Diagnostics.Eventing.Reader.EventProperty]"
"09:19:05","0",,"0","4","0",,"36028797018963968","133257","Seagate Dashboard Services start",,"Application",,,"COHPMARTIN.gpco.local",,"29/08/2016 09:19:05",,,"application","System.UInt32[]","System.Diagnostics.Eventing.Reader.EventBookmark","Information","Info",,"System.Collections.ObjectModel.ReadOnlyCollection`1[System.String]","System.Collections.Generic.List`1[System.Diagnostics.Eventing.Reader.EventProperty]"
"A self-generated certificate was successfully loaded for encryption.","26018",,"16384","4","2",,"36028797018963968","133256","MSSQLSERVER",,"Application",,,"COHPMARTIN.gpco.local",,"29/08/2016 09:19:05",,,"application","System.UInt32[]","System.Diagnostics.Eventing.Reader.EventBookmark","Information",,"Server","System.Collections.ObjectModel.ReadOnlyCollection`1[System.String]","System.Collections.Generic.List`1[System.Diagnostics.Eventing.Reader.EventProperty]"
"Starting up database 'mssqlsystemresource'.","17137",,"16384","4","2",,"36028797018963968","133255","MSSQLSERVER",,"Application",,,"COHPMARTIN.gpco.local",,"29/08/2016 09:19:05",,,"application","System.UInt32[]","System.Diagnostics.Eventing.Reader.EventBookmark","Information",,"Server","System.Collections.ObjectModel.ReadOnlyCollection`1[System.String]","System.Collections.Generic.List`1[System.Diagnostics.Eventing.Reader.EventProperty]"
"Starting up database 'msdb'.","17137",,"16384","4","2",,"36028797018963968","133254","MSSQLSERVER",,"Application",,,"COHPMARTIN.gpco.local",,"29/08/2016 09:19:05",,,"application","System.UInt32[]","System.Diagnostics.Eventing.Reader.EventBookmark","Information",,"Server","System.Collections.ObjectModel.ReadOnlyCollection`1[System.String]","System.Collections.Generic.List`1[System.Diagnostics.Eventing.Reader.EventProperty]"
"Server name is 'COHPMARTIN'. This is an informational message only. No user action is required.","17663",,"16384","4","2",,"36028797018963968","133253","MSSQLSERVER",,"Application",,,"COHPMARTIN.gpco.local",,"29/08/2016 09:19:05",,,"application","System.UInt32[]","System.Diagnostics.Eventing.Reader.EventBookmark","Information",,"Server","System.Collections.ObjectModel.ReadOnlyCollection`1[System.String]","System.Collections.Generic.List`1[System.Diagnostics.Eventing.Reader.EventProperty]"
"SQL Trace ID 1 was started by login ""sa"".","19030",,"16384","4","2",,"36028797018963968","133252","MSSQLSERVER",,"Application",,,"COHPMARTIN.gpco.local",,"29/08/2016 09:19:05",,,"application","System.UInt32[]","System.Diagnostics.Eventing.Reader.EventBookmark","Information",,"Server","System.Collections.ObjectModel.ReadOnlyCollection`1[System.String]","System.Collections.Generic.List`1[System.Diagnostics.Eventing.Reader.EventProperty]"
"SQL Server Audit has started the audits. This is an informational message. No user action is required.","33218",,"16384","4","2",,"36028797018963968","133251","MSSQLSERVER",,"Application",,,"COHPMARTIN.gpco.local",,"29/08/2016 09:19:05",,,"application","System.UInt32[]","System.Diagnostics.Eventing.Reader.EventBookmark","Information",,"Server","System.Collections.ObjectModel.ReadOnlyCollection`1[System.String]","System.Collections.Generic.List`1[System.Diagnostics.Eventing.Reader.EventProperty]"
"SQL Server Audit is starting the audits. This is an informational message. No user action is required.","33217",,"16384","4","2",,"36028797018963968","133250","MSSQLSERVER",,"Application",,,"COHPMARTIN.gpco.local",,"29/08/2016 09:19:05",,,"application","System.UInt32[]","System.Diagnostics.Eventing.Reader.EventBookmark","Information",,"Server","System.Collections.ObjectModel.ReadOnlyCollection`1[System.String]","System.Collections.Generic.List`1[System.Diagnostics.Eventing.Reader.EventProperty]"
"Service started.","100",,"0","4","1",,"36028797018963968","133249","SkypeUpdate",,"Application",,,"COHPMARTIN.gpco.local",,"29/08/2016 09:19:04",,,"application","System.UInt32[]","System.Diagnostics.Eventing.Reader.EventBookmark","Information","Info","Service Events","System.Collections.ObjectModel.ReadOnlyCollection`1[System.String]","System.Collections.Generic.List`1[System.Diagnostics.Eventing.Reader.EventProperty]"
"Starting up database 'master'.","17137",,"16384","4","2",,"36028797018963968","133248","MSSQLSERVER",,"Application",,,"COHPMARTIN.gpco.local",,"29/08/2016 09:19:04",,,"application","System.UInt32[]","System.Diagnostics.Eventing.Reader.EventBookmark","Information",,"Server","System.Collections.ObjectModel.ReadOnlyCollection`1[System.String]","System.Collections.Generic.List`1[System.Diagnostics.Eventing.Reader.EventProperty]"
"Software Usage Metrics is disabled.","49910",,"16384","4","2",,"36028797018963968","133247","MSSQLSERVER",,"Application",,,"COHPMARTIN.gpco.local",,"29/08/2016 09:19:04",,,"application","System.UInt32[]","System.Diagnostics.Eventing.Reader.EventBookmark","Information",,"Server","System.Collections.ObjectModel.ReadOnlyCollection`1[System.String]","System.Collections.Generic.List`1[System.Diagnostics.Eventing.Reader.EventProperty]"
"Database Instant File Initialization: disabled. For security and performance considerations see the topic 'Database Instant File Initialization' in SQL Server Books Online. This is an informational message only. No user action is required.","17118",,"16384","4","2",,"36028797018963968","133246","MSSQLSERVER",,"Application",,,"COHPMARTIN.gpco.local",,"29/08/2016 09:19:04",,,"application","System.UInt32[]","System.Diagnostics.Eventing.Reader.EventBookmark","Information",,"Server","System.Collections.ObjectModel.ReadOnlyCollection`1[System.String]","System.Collections.Generic.List`1[System.Diagnostics.Eventing.Reader.EventProperty]"
"Using dynamic lock allocation.  Initial allocation of 2500 Lock blocks and 5000 Lock Owner blocks per node.  This is an informational message only.  No user action is required.","17125",,"16384","4","2",,"36028797018963968","133245","MSSQLSERVER",,"Application",,,"COHPMARTIN.gpco.local",,"29/08/2016 09:19:04",,,"application","System.UInt32[]","System.Diagnostics.Eventing.Reader.EventBookmark","Information",,"Server","System.Collections.ObjectModel.ReadOnlyCollection`1[System.String]","System.Collections.Generic.List`1[System.Diagnostics.Eventing.Reader.EventProperty]"
"Node configuration: node 0: CPU mask: 0x000000000000000f:0 Active CPU mask: 0x000000000000000f:0. This message provides a description of the NUMA configuration for this computer. This is an informational message only. No user action is required.","17152",,"16384","4","2",,"36028797018963968","133244","MSSQLSERVER",,"Application",,,"COHPMARTIN.gpco.local",,"29/08/2016 09:19:04",,,"application","System.UInt32[]","System.Diagnostics.Eventing.Reader.EventBookmark","Information",,"Server","System.Collections.ObjectModel.ReadOnlyCollection`1[System.String]","System.Collections.Generic.List`1[System.Diagnostics.Eventing.Reader.EventProperty]"
"This instance of SQL Server last reported using a process ID of 2940 at 29/08/2016 09:18:29 (local) 29/08/2016 07:18:29 (UTC). This is an informational message only; no user action is required.","17176",,"16384","4","2",,"36028797018963968","133243","MSSQLSERVER",,"Application",,,"COHPMARTIN.gpco.local",,"29/08/2016 09:19:04",,,"application","System.UInt32[]","System.Diagnostics.Eventing.Reader.EventBookmark","Information",,"Server","System.Collections.ObjectModel.ReadOnlyCollection`1[System.String]","System.Collections.Generic.List`1[System.Diagnostics.Eventing.Reader.EventProperty]"
"The maximum number of dedicated administrator connections for this instance is '1'","17811",,"16384","4","2",,"36028797018963968","133242","MSSQLSERVER",,"Application",,,"COHPMARTIN.gpco.local",,"29/08/2016 09:19:04",,,"application","System.UInt32[]","System.Diagnostics.Eventing.Reader.EventBookmark","Information",,"Server","System.Collections.ObjectModel.ReadOnlyCollection`1[System.String]","System.Collections.Generic.List`1[System.Diagnostics.Eventing.Reader.EventProperty]"
"Default collation: SQL_Latin1_General_CP1_CI_AS (us_english 1033)","49917",,"16384","4","2",,"36028797018963968","133241","MSSQLSERVER",,"Application",,,"COHPMARTIN.gpco.local",,"29/08/2016 09:19:04",,,"application","System.UInt32[]","System.Diagnostics.Eventing.Reader.EventBookmark","Information",,"Server","System.Collections.ObjectModel.ReadOnlyCollection`1[System.String]","System.Collections.Generic.List`1[System.Diagnostics.Eventing.Reader.EventProperty]"
"Using conventional memory in the memory manager.","852",,"16384","4","2",,"36028797018963968","133240","MSSQLSERVER",,"Application",,,"COHPMARTIN.gpco.local",,"29/08/2016 09:19:04",,,"application","System.UInt32[]","System.Diagnostics.Eventing.Reader.EventBookmark","Information",,"Server","System.Collections.ObjectModel.ReadOnlyCollection`1[System.String]","System.Collections.Generic.List`1[System.Diagnostics.Eventing.Reader.EventProperty]"
"Detected 8097 MB of RAM. This is an informational message; no user action is required.","49903",,"16384","4","2",,"36028797018963968","133239","MSSQLSERVER",,"Application",,,"COHPMARTIN.gpco.local",,"29/08/2016 09:19:04",,,"application","System.UInt32[]","System.Diagnostics.Eventing.Reader.EventBookmark","Information",,"Server","System.Collections.ObjectModel.ReadOnlyCollection`1[System.String]","System.Collections.Generic.List`1[System.Diagnostics.Eventing.Reader.EventProperty]"
"SQL Server is starting at normal priority base (=7). This is an informational message only. No user action is required.","17162",,"16384","4","2",,"36028797018963968","133238","MSSQLSERVER",,"Application",,,"COHPMARTIN.gpco.local",,"29/08/2016 09:19:04",,,"application","System.UInt32[]","System.Diagnostics.Eventing.Reader.EventBookmark","Information",,"Server","System.Collections.ObjectModel.ReadOnlyCollection`1[System.String]","System.Collections.Generic.List`1[System.Diagnostics.Eventing.Reader.EventProperty]"
"SQL Server detected 1 sockets with 2 cores per socket and 4 logical processors per socket, 4 total logical processors; using 4 logical processors based on SQL Server licensing. This is an informational message; no user action is required.","17164",,"16384","4","2",,"36028797018963968","133237","MSSQLSERVER",,"Application",,,"COHPMARTIN.gpco.local",,"29/08/2016 09:19:04",,,"application","System.UInt32[]","System.Diagnostics.Eventing.Reader.EventBookmark","Information",,"Server","System.Collections.ObjectModel.ReadOnlyCollection`1[System.String]","System.Collections.Generic.List`1[System.Diagnostics.Eventing.Reader.EventProperty]"
"Command Line Startup Parameters:
	 -s ""MSSQLSERVER""","17115",,"16384","4","2",,"36028797018963968","133236","MSSQLSERVER",,"Application",,,"COHPMARTIN.gpco.local",,"29/08/2016 09:19:03",,,"application","System.UInt32[]","System.Diagnostics.Eventing.Reader.EventBookmark","Information",,"Server","System.Collections.ObjectModel.ReadOnlyCollection`1[System.String]","System.Collections.Generic.List`1[System.Diagnostics.Eventing.Reader.EventProperty]"
"Registry startup parameters: 
	 -d C:\Program Files\Microsoft SQL Server\MSSQL12.MSSQLSERVER\MSSQL\DATA\master.mdf
	 -e C:\Program Files\Microsoft SQL Server\MSSQL12.MSSQLSERVER\MSSQL\Log\ERRORLOG
	 -l C:\Program Files\Microsoft SQL Server\MSSQL12.MSSQLSERVER\MSSQL\DATA\mastlog.ldf","17110",,"16384","4","2",,"36028797018963968","133235","MSSQLSERVER",,"Application",,,"COHPMARTIN.gpco.local",,"29/08/2016 09:19:03",,,"application","System.UInt32[]","System.Diagnostics.Eventing.Reader.EventBookmark","Information",,"Server","System.Collections.ObjectModel.ReadOnlyCollection`1[System.String]","System.Collections.Generic.List`1[System.Diagnostics.Eventing.Reader.EventProperty]"
"The service account is 'NT Service\MSSQLSERVER'. This is an informational message; no user action is required.","49904",,"16384","4","2",,"36028797018963968","133234","MSSQLSERVER",,"Application",,,"COHPMARTIN.gpco.local",,"29/08/2016 09:19:03",,,"application","System.UInt32[]","System.Diagnostics.Eventing.Reader.EventBookmark","Information",,"Server","System.Collections.ObjectModel.ReadOnlyCollection`1[System.String]","System.Collections.Generic.List`1[System.Diagnostics.Eventing.Reader.EventProperty]"
"Logging SQL Server messages in file 'C:\Program Files\Microsoft SQL Server\MSSQL12.MSSQLSERVER\MSSQL\Log\ERRORLOG'.","17111",,"16384","4","2",,"36028797018963968","133233","MSSQLSERVER",,"Application",,,"COHPMARTIN.gpco.local",,"29/08/2016 09:19:03",,,"application","System.UInt32[]","System.Diagnostics.Eventing.Reader.EventBookmark","Information",,"Server","System.Collections.ObjectModel.ReadOnlyCollection`1[System.String]","System.Collections.Generic.List`1[System.Diagnostics.Eventing.Reader.EventProperty]"
"Authentication mode is WINDOWS-ONLY.","15268",,"16384","4","2",,"36028797018963968","133232","MSSQLSERVER",,"Application",,,"COHPMARTIN.gpco.local",,"29/08/2016 09:19:03",,,"application","System.UInt32[]","System.Diagnostics.Eventing.Reader.EventBookmark","Information",,"Server","System.Collections.ObjectModel.ReadOnlyCollection`1[System.String]","System.Collections.Generic.List`1[System.Diagnostics.Eventing.Reader.EventProperty]"
"System Manufacturer: 'Dell Inc.', System Model: 'Latitude E7440'.","18496",,"16384","4","2",,"36028797018963968","133231","MSSQLSERVER",,"Application",,,"COHPMARTIN.gpco.local",,"29/08/2016 09:19:03",,,"application","System.UInt32[]","System.Diagnostics.Eventing.Reader.EventBookmark","Information",,"Server","System.Collections.ObjectModel.ReadOnlyCollection`1[System.String]","System.Collections.Generic.List`1[System.Diagnostics.Eventing.Reader.EventProperty]"
"Server process ID is 2836.","17104",,"16384","4","2",,"36028797018963968","133230","MSSQLSERVER",,"Application",,,"COHPMARTIN.gpco.local",,"29/08/2016 09:19:03",,,"application","System.UInt32[]","System.Diagnostics.Eventing.Reader.EventBookmark","Information",,"Server","System.Collections.ObjectModel.ReadOnlyCollection`1[System.String]","System.Collections.Generic.List`1[System.Diagnostics.Eventing.Reader.EventProperty]"
"All rights reserved.","17103",,"16384","4","2",,"36028797018963968","133229","MSSQLSERVER",,"Application",,,"COHPMARTIN.gpco.local",,"29/08/2016 09:19:03",,,"application","System.UInt32[]","System.Diagnostics.Eventing.Reader.EventBookmark","Information",,"Server","System.Collections.ObjectModel.ReadOnlyCollection`1[System.String]","System.Collections.Generic.List`1[System.Diagnostics.Eventing.Reader.EventProperty]"
"(c) Microsoft Corporation.","17101",,"16384","4","2",,"36028797018963968","133228","MSSQLSERVER",,"Application",,,"COHPMARTIN.gpco.local",,"29/08/2016 09:19:03",,,"application","System.UInt32[]","System.Diagnostics.Eventing.Reader.EventBookmark","Information",,"Server","System.Collections.ObjectModel.ReadOnlyCollection`1[System.String]","System.Collections.Generic.List`1[System.Diagnostics.Eventing.Reader.EventProperty]"
"UTC adjustment: 2:00","49916",,"16384","4","2",,"36028797018963968","133227","MSSQLSERVER",,"Application",,,"COHPMARTIN.gpco.local",,"29/08/2016 09:19:03",,,"application","System.UInt32[]","System.Diagnostics.Eventing.Reader.EventBookmark","Information",,"Server","System.Collections.ObjectModel.ReadOnlyCollection`1[System.String]","System.Collections.Generic.List`1[System.Diagnostics.Eventing.Reader.EventProperty]"
"Microsoft SQL Server 2014 (SP2) (KB3171021) - 12.0.5000.0 (X64) 
	Jun 17 2016 19:14:09 
	Copyright (c) Microsoft Corporation
	Express Edition (64-bit) on Windows NT 6.3 <X64> (Build 9600: )
","17069",,"16384","4","2",,"36028797018963968","133226","MSSQLSERVER",,"Application",,,"COHPMARTIN.gpco.local",,"29/08/2016 09:19:03",,,"application","System.UInt32[]","System.Diagnostics.Eventing.Reader.EventBookmark","Information",,"Server","System.Collections.ObjectModel.ReadOnlyCollection`1[System.String]","System.Collections.Generic.List`1[System.Diagnostics.Eventing.Reader.EventProperty]"
,"0",,"0","4","0",,"36028797018963968","133225","PDFProFiltSrvPP",,"Application",,,"COHPMARTIN.gpco.local",,"29/08/2016 09:19:03",,,"application","System.UInt32[]","System.Diagnostics.Eventing.Reader.EventBookmark",,,,,"System.Collections.Generic.List`1[System.Diagnostics.Eventing.Reader.EventProperty]"
"Service started successfully.","0",,"0","4","0",,"36028797018963968","133224","Service1",,"Application",,,"COHPMARTIN.gpco.local",,"29/08/2016 09:19:03",,,"application","System.UInt32[]","System.Diagnostics.Eventing.Reader.EventBookmark","Information","Info",,"System.Collections.ObjectModel.ReadOnlyCollection`1[System.String]","System.Collections.Generic.List`1[System.Diagnostics.Eventing.Reader.EventProperty]"
"The User Profile Service has started successfully.  

","1531","0",,"4","0","0","-9223372036854775808","133223","Microsoft-Windows-User Profiles Service","89b1e9f0-5aff-44a6-9b44-0a07a7ce5845","Application","976","1016","COHPMARTIN.gpco.local","S-1-5-18","29/08/2016 09:18:50",,,"application","System.UInt32[]","System.Diagnostics.Eventing.Reader.EventBookmark","Information","Info",,"System.Collections.ObjectModel.ReadOnlyCollection`1[System.String]","System.Collections.Generic.List`1[System.Diagnostics.Eventing.Reader.EventProperty]"
,"0",,"0","4","0",,"36028797018963968","133222","igfxCUIService1.0.0.0",,"Application",,,"COHPMARTIN.gpco.local",,"29/08/2016 09:18:50",,,"application","System.UInt32[]","System.Diagnostics.Eventing.Reader.EventBookmark",,,,,"System.Collections.Generic.List`1[System.Diagnostics.Eventing.Reader.EventProperty]"
"The EventSystem sub system is suppressing duplicate event log entries for a duration of 86400 seconds.  The suppression timeout can be controlled by a REG_DWORD value named SuppressDuplicateDuration under the following registry key: HKLM\Software\Microsoft\EventSystem\EventLog.","4625","0","16384","4","0","0","36028797018963968","133221","Microsoft-Windows-EventSystem","899daace-4868-4295-afcd-9eb8fb497561","Application","0","0","COHPMARTIN.gpco.local",,"29/08/2016 09:18:50",,,"application","System.UInt32[]","System.Diagnostics.Eventing.Reader.EventBookmark","Information",,,"System.Collections.ObjectModel.ReadOnlyCollection`1[System.String]","System.Collections.Generic.List`1[System.Diagnostics.Eventing.Reader.EventProperty]"
"The User Profile Service has stopped.  

","1532","0",,"4","0","0","-9223372036854775808","133220","Microsoft-Windows-User Profiles Service","89b1e9f0-5aff-44a6-9b44-0a07a7ce5845","Application","1016","324","COHPMARTIN.gpco.local","S-1-5-18","29/08/2016 09:18:29",,,"application","System.UInt32[]","System.Diagnostics.Eventing.Reader.EventBookmark","Information","Info",,"System.Collections.ObjectModel.ReadOnlyCollection`1[System.String]","System.Collections.Generic.List`1[System.Diagnostics.Eventing.Reader.EventProperty]"
"Application: Seagate.Dashboard.DASWindowsService.exe
Framework Version: v4.0.30319
Description: The process was terminated due to an unhandled exception.
Exception Info: System.Management.ManagementException
   at System.Management.ManagementException.ThrowWithExtendedInfo(System.Management.ManagementStatus)
   at System.Management.SinkForEventQuery.Cancel()
   at System.Management.ManagementEventWatcher.Stop()
   at System.Management.ManagementEventWatcher.Finalize()

