","1003","0","16384","4","0","0","36028797018963968","132824","Microsoft-Windows-Security-SPP","e23b33b0-c8c9-472c-a5f9-f2bdfea0f156","Application","0","0","COHPMARTIN.gpco.local",,"27/08/2016 18:06:59",,,"application","System.UInt32[]","System.Diagnostics.Eventing.Reader.EventBookmark","Information",,,"System.Collections.ObjectModel.ReadOnlyCollection`1[System.String]","System.Collections.Generic.List`1[System.Diagnostics.Eventing.Reader.EventProperty]"
"Hardware has changed from previous boot.
 AppId=55c92734-d682-4d71-983e-d6ec3f16059f, SkuId=763fe1c2-d40f-4f3c-9a28-7a3af6f0d987.","1040","0","16384","4","0","0","36028797018963968","132823","Microsoft-Windows-Security-SPP","e23b33b0-c8c9-472c-a5f9-f2bdfea0f156","Application","0","0","COHPMARTIN.gpco.local",,"27/08/2016 18:06:59",,,"application","System.UInt32[]","System.Diagnostics.Eventing.Reader.EventBookmark","Information",,,"System.Collections.ObjectModel.ReadOnlyCollection`1[System.String]","System.Collections.Generic.List`1[System.Diagnostics.Eventing.Reader.EventProperty]"
"Initialization status for service objects.
C:\windows\system32\sppwinob.dll, msft:spp/windowsfunctionality/agent/7.0, 0x00000000, 0x00000000
C:\windows\system32\sppobjs.dll, msft:rm/algorithm/inherited/1.0, 0x00000000, 0x00000000
C:\windows\system32\sppobjs.dll, msft:rm/algorithm/phone/1.0, 0x00000000, 0x00000000
C:\windows\system32\sppobjs.dll, msft:rm/algorithm/pkey/detect, 0x00000000, 0x00000000
C:\windows\system32\sppobjs.dll, msft:spp/ActionScheduler/1.0, 0x00000000, 0x00000000
C:\windows\system32\sppobjs.dll, msft:spp/TaskScheduler/1.0, 0x00000000, 0x00000000
C:\windows\system32\sppobjs.dll, msft:spp/statecollector/pkey, 0x00000000, 0x00000000
C:\windows\system32\sppobjs.dll, msft:spp/volume/services/kms/1.0, 0x00000000, 0x00000000
C:\windows\system32\sppobjs.dll, msft:spp/volume/services/kms/activationinfo/1.0, 0x00000000, 0x00000000
","1066","0","16384","4","0","0","36028797018963968","132822","Microsoft-Windows-Security-SPP","e23b33b0-c8c9-472c-a5f9-f2bdfea0f156","Application","0","0","COHPMARTIN.gpco.local",,"27/08/2016 18:06:58",,,"application","System.UInt32[]","System.Diagnostics.Eventing.Reader.EventBookmark","Information",,,"System.Collections.ObjectModel.ReadOnlyCollection`1[System.String]","System.Collections.Generic.List`1[System.Diagnostics.Eventing.Reader.EventProperty]"
"The Software Protection service is starting.
Parameters:caller=svchost.exe","900","0","16384","4","0","0","36028797018963968","132821","Microsoft-Windows-Security-SPP","e23b33b0-c8c9-472c-a5f9-f2bdfea0f156","Application","0","0","COHPMARTIN.gpco.local",,"27/08/2016 18:06:57",,,"application","System.UInt32[]","System.Diagnostics.Eventing.Reader.EventBookmark","Information",,,"System.Collections.ObjectModel.ReadOnlyCollection`1[System.String]","System.Collections.Generic.List`1[System.Diagnostics.Eventing.Reader.EventProperty]"
"Common language runtime (CLR) functionality initialized using CLR version v4.0.30319 from C:\Windows\Microsoft.NET\Framework64\v4.0.30319\.","6253",,"16384","4","2",,"36028797018963968","132820","MSSQLSERVER",,"Application",,,"COHPMARTIN.gpco.local",,"27/08/2016 18:06:48",,,"application","System.UInt32[]","System.Diagnostics.Eventing.Reader.EventBookmark","Information",,"Server","System.Collections.ObjectModel.ReadOnlyCollection`1[System.String]","System.Collections.Generic.List`1[System.Diagnostics.Eventing.Reader.EventProperty]"
"Recovery is complete. This is an informational message only. No user action is required.","3408",,"16384","4","2",,"36028797018963968","132819","MSSQLSERVER",,"Application",,,"COHPMARTIN.gpco.local",,"27/08/2016 18:06:48",,,"application","System.UInt32[]","System.Diagnostics.Eventing.Reader.EventBookmark","Information",,"Server","System.Collections.ObjectModel.ReadOnlyCollection`1[System.String]","System.Collections.Generic.List`1[System.Diagnostics.Eventing.Reader.EventProperty]"
"Service started successfully.","0",,"0","4","0",,"36028797018963968","132818","Seagate MobileBackup Service",,"Application",,,"COHPMARTIN.gpco.local",,"27/08/2016 18:06:48",,,"application","System.UInt32[]","System.Diagnostics.Eventing.Reader.EventBookmark","Information","Info",,"System.Collections.ObjectModel.ReadOnlyCollection`1[System.String]","System.Collections.Generic.List`1[System.Diagnostics.Eventing.Reader.EventProperty]"
"Service Broker manager has started.","9688",,"16384","4","2",,"36028797018963968","132817","MSSQLSERVER",,"Application",,,"COHPMARTIN.gpco.local",,"27/08/2016 18:06:48",,,"application","System.UInt32[]","System.Diagnostics.Eventing.Reader.EventBookmark","Information",,"Server","System.Collections.ObjectModel.ReadOnlyCollection`1[System.String]","System.Collections.Generic.List`1[System.Diagnostics.Eventing.Reader.EventProperty]"
"The Database Mirroring endpoint is in disabled or stopped state.","9666",,"16384","4","2",,"36028797018963968","132816","MSSQLSERVER",,"Application",,,"COHPMARTIN.gpco.local",,"27/08/2016 18:06:48",,,"application","System.UInt32[]","System.Diagnostics.Eventing.Reader.EventBookmark","Information",,"Server","System.Collections.ObjectModel.ReadOnlyCollection`1[System.String]","System.Collections.Generic.List`1[System.Diagnostics.Eventing.Reader.EventProperty]"
"The Service Broker endpoint is in disabled or stopped state.","9666",,"16384","4","2",,"36028797018963968","132815","MSSQLSERVER",,"Application",,,"COHPMARTIN.gpco.local",,"27/08/2016 18:06:47",,,"application","System.UInt32[]","System.Diagnostics.Eventing.Reader.EventBookmark","Information",,"Server","System.Collections.ObjectModel.ReadOnlyCollection`1[System.String]","System.Collections.Generic.List`1[System.Diagnostics.Eventing.Reader.EventProperty]"
"Starting up database 'tempdb'.","17137",,"16384","4","2",,"36028797018963968","132814","MSSQLSERVER",,"Application",,,"COHPMARTIN.gpco.local",,"27/08/2016 18:06:47",,,"application","System.UInt32[]","System.Diagnostics.Eventing.Reader.EventBookmark","Information",,"Server","System.Collections.ObjectModel.ReadOnlyCollection`1[System.String]","System.Collections.Generic.List`1[System.Diagnostics.Eventing.Reader.EventProperty]"
"Windows Management Instrumentation Service subsystems initialized successfully","5617","2",,"4","0","0","-9223372036854775808","132813","Microsoft-Windows-WMI","1edeee53-0afe-4609-b846-d8c0b2075b1f","Application","1016","1796","COHPMARTIN.gpco.local","S-1-5-18","27/08/2016 18:06:45",,,"application","System.UInt32[]","System.Diagnostics.Eventing.Reader.EventBookmark","Information","Info",,"System.Collections.ObjectModel.ReadOnlyCollection`1[System.String]","System.Collections.Generic.List`1[System.Diagnostics.Eventing.Reader.EventProperty]"
"Windows Management Instrumentation Service started sucessfully","5615","2",,"4","0","0","-9223372036854775808","132812","Microsoft-Windows-WMI","1edeee53-0afe-4609-b846-d8c0b2075b1f","Application","1016","4456","COHPMARTIN.gpco.local","S-1-5-18","27/08/2016 18:06:45",,,"application","System.UInt32[]","System.Diagnostics.Eventing.Reader.EventBookmark","Information","Info",,"System.Collections.ObjectModel.ReadOnlyCollection`1[System.String]","System.Collections.Generic.List`1[System.Diagnostics.Eventing.Reader.EventProperty]"
"Clearing tempdb database.","17136",,"16384","4","2",,"36028797018963968","132811","MSSQLSERVER",,"Application",,,"COHPMARTIN.gpco.local",,"27/08/2016 18:06:46",,,"application","System.UInt32[]","System.Diagnostics.Eventing.Reader.EventBookmark","Information",,"Server","System.Collections.ObjectModel.ReadOnlyCollection`1[System.String]","System.Collections.Generic.List`1[System.Diagnostics.Eventing.Reader.EventProperty]"
"Starting up database 'model'.","17137",,"16384","4","2",,"36028797018963968","132810","MSSQLSERVER",,"Application",,,"COHPMARTIN.gpco.local",,"27/08/2016 18:06:45",,,"application","System.UInt32[]","System.Diagnostics.Eventing.Reader.EventBookmark","Information",,"Server","System.Collections.ObjectModel.ReadOnlyCollection`1[System.String]","System.Collections.Generic.List`1[System.Diagnostics.Eventing.Reader.EventProperty]"
"Service started successfully.","0",,"0","4","0",,"36028797018963968","132809","Seagate Dashboard Services",,"Application",,,"COHPMARTIN.gpco.local",,"27/08/2016 18:06:45",,,"application","System.UInt32[]","System.Diagnostics.Eventing.Reader.EventBookmark","Information","Info",,"System.Collections.ObjectModel.ReadOnlyCollection`1[System.String]","System.Collections.Generic.List`1[System.Diagnostics.Eventing.Reader.EventProperty]"
"18:06:45","0",,"0","4","0",,"36028797018963968","132808","Seagate Dashboard Services start",,"Application",,,"COHPMARTIN.gpco.local",,"27/08/2016 18:06:45",,,"application","System.UInt32[]","System.Diagnostics.Eventing.Reader.EventBookmark","Information","Info",,"System.Collections.ObjectModel.ReadOnlyCollection`1[System.String]","System.Collections.Generic.List`1[System.Diagnostics.Eventing.Reader.EventProperty]"
"The resource database build version is 12.00.5000. This is an informational message only. No user action is required.","958",,"16384","4","2",,"36028797018963968","132807","MSSQLSERVER",,"Application",,,"COHPMARTIN.gpco.local",,"27/08/2016 18:06:45",,,"application","System.UInt32[]","System.Diagnostics.Eventing.Reader.EventBookmark","Information",,"Server","System.Collections.ObjectModel.ReadOnlyCollection`1[System.String]","System.Collections.Generic.List`1[System.Diagnostics.Eventing.Reader.EventProperty]"
"Starting up database 'mssqlsystemresource'.","17137",,"16384","4","2",,"36028797018963968","132806","MSSQLSERVER",,"Application",,,"COHPMARTIN.gpco.local",,"27/08/2016 18:06:45",,,"application","System.UInt32[]","System.Diagnostics.Eventing.Reader.EventBookmark","Information",,"Server","System.Collections.ObjectModel.ReadOnlyCollection`1[System.String]","System.Collections.Generic.List`1[System.Diagnostics.Eventing.Reader.EventProperty]"
"Starting up database 'msdb'.","17137",,"16384","4","2",,"36028797018963968","132805","MSSQLSERVER",,"Application",,,"COHPMARTIN.gpco.local",,"27/08/2016 18:06:45",,,"application","System.UInt32[]","System.Diagnostics.Eventing.Reader.EventBookmark","Information",,"Server","System.Collections.ObjectModel.ReadOnlyCollection`1[System.String]","System.Collections.Generic.List`1[System.Diagnostics.Eventing.Reader.EventProperty]"
"The SQL Server Network Interface library could not register the Service Principal Name (SPN) [ MSSQLSvc/COHPMARTIN.gpco.local:1433 ] for the SQL Server service. Windows return code: 0xffffffff, state: 63. Failure to register a SPN might cause integrated authentication to use NTLM instead of Kerberos. This is an informational message. Further action is only required if Kerberos authentication is required by authentication policies and if the SPN has not been manually registered.","26067",,"16384","4","2",,"36028797018963968","132804","MSSQLSERVER",,"Application",,,"COHPMARTIN.gpco.local",,"27/08/2016 18:06:44",,,"application","System.UInt32[]","System.Diagnostics.Eventing.Reader.EventBookmark","Information",,"Server","System.Collections.ObjectModel.ReadOnlyCollection`1[System.String]","System.Collections.Generic.List`1[System.Diagnostics.Eventing.Reader.EventProperty]"
"The SQL Server Network Interface library could not register the Service Principal Name (SPN) [ MSSQLSvc/COHPMARTIN.gpco.local ] for the SQL Server service. Windows return code: 0xffffffff, state: 63. Failure to register a SPN might cause integrated authentication to use NTLM instead of Kerberos. This is an informational message. Further action is only required if Kerberos authentication is required by authentication policies and if the SPN has not been manually registered.","26067",,"16384","4","2",,"36028797018963968","132803","MSSQLSERVER",,"Application",,,"COHPMARTIN.gpco.local",,"27/08/2016 18:06:44",,,"application","System.UInt32[]","System.Diagnostics.Eventing.Reader.EventBookmark","Information",,"Server","System.Collections.ObjectModel.ReadOnlyCollection`1[System.String]","System.Collections.Generic.List`1[System.Diagnostics.Eventing.Reader.EventProperty]"
"SQL Server is attempting to register a Service Principal Name (SPN) for the SQL Server service. Kerberos authentication will not be possible until a SPN is registered for the SQL Server service. This is an informational message. No user action is required.","26076",,"16384","4","2",,"36028797018963968","132802","MSSQLSERVER",,"Application",,,"COHPMARTIN.gpco.local",,"27/08/2016 18:06:44",,,"application","System.UInt32[]","System.Diagnostics.Eventing.Reader.EventBookmark","Information",,"Server","System.Collections.ObjectModel.ReadOnlyCollection`1[System.String]","System.Collections.Generic.List`1[System.Diagnostics.Eventing.Reader.EventProperty]"
"SQL Server is now ready for client connections. This is an informational message; no user action is required.","17126",,"16384","4","2",,"36028797018963968","132801","MSSQLSERVER",,"Application",,,"COHPMARTIN.gpco.local",,"27/08/2016 18:06:44",,,"application","System.UInt32[]","System.Diagnostics.Eventing.Reader.EventBookmark","Information",,"Server","System.Collections.ObjectModel.ReadOnlyCollection`1[System.String]","System.Collections.Generic.List`1[System.Diagnostics.Eventing.Reader.EventProperty]"
"Dedicated administrator connection support was not started because it is disabled on this edition of SQL Server. If you want to use a dedicated administrator connection, restart SQL Server using the trace flag 7806. This is an informational message only. No user action is required.","17199",,"16384","4","2",,"36028797018963968","132800","MSSQLSERVER",,"Application",,,"COHPMARTIN.gpco.local",,"27/08/2016 18:06:44",,,"application","System.UInt32[]","System.Diagnostics.Eventing.Reader.EventBookmark","Information",,"Server","System.Collections.ObjectModel.ReadOnlyCollection`1[System.String]","System.Collections.Generic.List`1[System.Diagnostics.Eventing.Reader.EventProperty]"
"Server local connection provider is ready to accept connection on [ \\.\pipe\sql\query ].","26048",,"16384","4","2",,"36028797018963968","132799","MSSQLSERVER",,"Application",,,"COHPMARTIN.gpco.local",,"27/08/2016 18:06:44",,,"application","System.UInt32[]","System.Diagnostics.Eventing.Reader.EventBookmark","Information",,"Server","System.Collections.ObjectModel.ReadOnlyCollection`1[System.String]","System.Collections.Generic.List`1[System.Diagnostics.Eventing.Reader.EventProperty]"
"Server local connection provider is ready to accept connection on [ \\.\pipe\SQLLocal\MSSQLSERVER ].","26048",,"16384","4","2",,"36028797018963968","132798","MSSQLSERVER",,"Application",,,"COHPMARTIN.gpco.local",,"27/08/2016 18:06:44",,,"application","System.UInt32[]","System.Diagnostics.Eventing.Reader.EventBookmark","Information",,"Server","System.Collections.ObjectModel.ReadOnlyCollection`1[System.String]","System.Collections.Generic.List`1[System.Diagnostics.Eventing.Reader.EventProperty]"
"Server is listening on [ 'any' <ipv4> 1433].","26022",,"16384","4","2",,"36028797018963968","132797","MSSQLSERVER",,"Application",,,"COHPMARTIN.gpco.local",,"27/08/2016 18:06:44",,,"application","System.UInt32[]","System.Diagnostics.Eventing.Reader.EventBookmark","Information",,"Server","System.Collections.ObjectModel.ReadOnlyCollection`1[System.String]","System.Collections.Generic.List`1[System.Diagnostics.Eventing.Reader.EventProperty]"
"Server is listening on [ 'any' <ipv6> 1433].","26022",,"16384","4","2",,"36028797018963968","132796","MSSQLSERVER",,"Application",,,"COHPMARTIN.gpco.local",,"27/08/2016 18:06:44",,,"application","System.UInt32[]","System.Diagnostics.Eventing.Reader.EventBookmark","Information",,"Server","System.Collections.ObjectModel.ReadOnlyCollection`1[System.String]","System.Collections.Generic.List`1[System.Diagnostics.Eventing.Reader.EventProperty]"
"A self-generated certificate was successfully loaded for encryption.","26018",,"16384","4","2",,"36028797018963968","132795","MSSQLSERVER",,"Application",,,"COHPMARTIN.gpco.local",,"27/08/2016 18:06:44",,,"application","System.UInt32[]","System.Diagnostics.Eventing.Reader.EventBookmark","Information",,"Server","System.Collections.ObjectModel.ReadOnlyCollection`1[System.String]","System.Collections.Generic.List`1[System.Diagnostics.Eventing.Reader.EventProperty]"
"Server name is 'COHPMARTIN'. This is an informational message only. No user action is required.","17663",,"16384","4","2",,"36028797018963968","132794","MSSQLSERVER",,"Application",,,"COHPMARTIN.gpco.local",,"27/08/2016 18:06:44",,,"application","System.UInt32[]","System.Diagnostics.Eventing.Reader.EventBookmark","Information",,"Server","System.Collections.ObjectModel.ReadOnlyCollection`1[System.String]","System.Collections.Generic.List`1[System.Diagnostics.Eventing.Reader.EventProperty]"
"SQL Trace ID 1 was started by login ""sa"".","19030",,"16384","4","2",,"36028797018963968","132793","MSSQLSERVER",,"Application",,,"COHPMARTIN.gpco.local",,"27/08/2016 18:06:44",,,"application","System.UInt32[]","System.Diagnostics.Eventing.Reader.EventBookmark","Information",,"Server","System.Collections.ObjectModel.ReadOnlyCollection`1[System.String]","System.Collections.Generic.List`1[System.Diagnostics.Eventing.Reader.EventProperty]"
"SQL Server Audit has started the audits. This is an informational message. No user action is required.","33218",,"16384","4","2",,"36028797018963968","132792","MSSQLSERVER",,"Application",,,"COHPMARTIN.gpco.local",,"27/08/2016 18:06:43",,,"application","System.UInt32[]","System.Diagnostics.Eventing.Reader.EventBookmark","Information",,"Server","System.Collections.ObjectModel.ReadOnlyCollection`1[System.String]","System.Collections.Generic.List`1[System.Diagnostics.Eventing.Reader.EventProperty]"
"SQL Server Audit is starting the audits. This is an informational message. No user action is required.","33217",,"16384","4","2",,"36028797018963968","132791","MSSQLSERVER",,"Application",,,"COHPMARTIN.gpco.local",,"27/08/2016 18:06:43",,,"application","System.UInt32[]","System.Diagnostics.Eventing.Reader.EventBookmark","Information",,"Server","System.Collections.ObjectModel.ReadOnlyCollection`1[System.String]","System.Collections.Generic.List`1[System.Diagnostics.Eventing.Reader.EventProperty]"
"Starting up database 'master'.","17137",,"16384","4","2",,"36028797018963968","132790","MSSQLSERVER",,"Application",,,"COHPMARTIN.gpco.local",,"27/08/2016 18:06:43",,,"application","System.UInt32[]","System.Diagnostics.Eventing.Reader.EventBookmark","Information",,"Server","System.Collections.ObjectModel.ReadOnlyCollection`1[System.String]","System.Collections.Generic.List`1[System.Diagnostics.Eventing.Reader.EventProperty]"
"Service started.","100",,"0","4","1",,"36028797018963968","132789","SkypeUpdate",,"Application",,,"COHPMARTIN.gpco.local",,"27/08/2016 18:06:43",,,"application","System.UInt32[]","System.Diagnostics.Eventing.Reader.EventBookmark","Information","Info","Service Events","System.Collections.ObjectModel.ReadOnlyCollection`1[System.String]","System.Collections.Generic.List`1[System.Diagnostics.Eventing.Reader.EventProperty]"
"Software Usage Metrics is disabled.","49910",,"16384","4","2",,"36028797018963968","132788","MSSQLSERVER",,"Application",,,"COHPMARTIN.gpco.local",,"27/08/2016 18:06:43",,,"application","System.UInt32[]","System.Diagnostics.Eventing.Reader.EventBookmark","Information",,"Server","System.Collections.ObjectModel.ReadOnlyCollection`1[System.String]","System.Collections.Generic.List`1[System.Diagnostics.Eventing.Reader.EventProperty]"
"Database Instant File Initialization: disabled. For security and performance considerations see the topic 'Database Instant File Initialization' in SQL Server Books Online. This is an informational message only. No user action is required.","17118",,"16384","4","2",,"36028797018963968","132787","MSSQLSERVER",,"Application",,,"COHPMARTIN.gpco.local",,"27/08/2016 18:06:43",,,"application","System.UInt32[]","System.Diagnostics.Eventing.Reader.EventBookmark","Information",,"Server","System.Collections.ObjectModel.ReadOnlyCollection`1[System.String]","System.Collections.Generic.List`1[System.Diagnostics.Eventing.Reader.EventProperty]"
"Using dynamic lock allocation.  Initial allocation of 2500 Lock blocks and 5000 Lock Owner blocks per node.  This is an informational message only.  No user action is required.","17125",,"16384","4","2",,"36028797018963968","132786","MSSQLSERVER",,"Application",,,"COHPMARTIN.gpco.local",,"27/08/2016 18:06:43",,,"application","System.UInt32[]","System.Diagnostics.Eventing.Reader.EventBookmark","Information",,"Server","System.Collections.ObjectModel.ReadOnlyCollection`1[System.String]","System.Collections.Generic.List`1[System.Diagnostics.Eventing.Reader.EventProperty]"
"Node configuration: node 0: CPU mask: 0x000000000000000f:0 Active CPU mask: 0x000000000000000f:0. This message provides a description of the NUMA configuration for this computer. This is an informational message only. No user action is required.","17152",,"16384","4","2",,"36028797018963968","132785","MSSQLSERVER",,"Application",,,"COHPMARTIN.gpco.local",,"27/08/2016 18:06:43",,,"application","System.UInt32[]","System.Diagnostics.Eventing.Reader.EventBookmark","Information",,"Server","System.Collections.ObjectModel.ReadOnlyCollection`1[System.String]","System.Collections.Generic.List`1[System.Diagnostics.Eventing.Reader.EventProperty]"
"The maximum number of dedicated administrator connections for this instance is '1'","17811",,"16384","4","2",,"36028797018963968","132784","MSSQLSERVER",,"Application",,,"COHPMARTIN.gpco.local",,"27/08/2016 18:06:43",,,"application","System.UInt32[]","System.Diagnostics.Eventing.Reader.EventBookmark","Information",,"Server","System.Collections.ObjectModel.ReadOnlyCollection`1[System.String]","System.Collections.Generic.List`1[System.Diagnostics.Eventing.Reader.EventProperty]"
"This instance of SQL Server last reported using a process ID of 2928 at 27/08/2016 18:06:02 (local) 27/08/2016 16:06:02 (UTC). This is an informational message only; no user action is required.","17176",,"16384","4","2",,"36028797018963968","132783","MSSQLSERVER",,"Application",,,"COHPMARTIN.gpco.local",,"27/08/2016 18:06:43",,,"application","System.UInt32[]","System.Diagnostics.Eventing.Reader.EventBookmark","Information",,"Server","System.Collections.ObjectModel.ReadOnlyCollection`1[System.String]","System.Collections.Generic.List`1[System.Diagnostics.Eventing.Reader.EventProperty]"
"Default collation: SQL_Latin1_General_CP1_CI_AS (us_english 1033)","49917",,"16384","4","2",,"36028797018963968","132782","MSSQLSERVER",,"Application",,,"COHPMARTIN.gpco.local",,"27/08/2016 18:06:43",,,"application","System.UInt32[]","System.Diagnostics.Eventing.Reader.EventBookmark","Information",,"Server","System.Collections.ObjectModel.ReadOnlyCollection`1[System.String]","System.Collections.Generic.List`1[System.Diagnostics.Eventing.Reader.EventProperty]"
"Using conventional memory in the memory manager.","852",,"16384","4","2",,"36028797018963968","132781","MSSQLSERVER",,"Application",,,"COHPMARTIN.gpco.local",,"27/08/2016 18:06:42",,,"application","System.UInt32[]","System.Diagnostics.Eventing.Reader.EventBookmark","Information",,"Server","System.Collections.ObjectModel.ReadOnlyCollection`1[System.String]","System.Collections.Generic.List`1[System.Diagnostics.Eventing.Reader.EventProperty]"
"Detected 8097 MB of RAM. This is an informational message; no user action is required.","49903",,"16384","4","2",,"36028797018963968","132780","MSSQLSERVER",,"Application",,,"COHPMARTIN.gpco.local",,"27/08/2016 18:06:42",,,"application","System.UInt32[]","System.Diagnostics.Eventing.Reader.EventBookmark","Information",,"Server","System.Collections.ObjectModel.ReadOnlyCollection`1[System.String]","System.Collections.Generic.List`1[System.Diagnostics.Eventing.Reader.EventProperty]"
"SQL Server is starting at normal priority base (=7). This is an informational message only. No user action is required.","17162",,"16384","4","2",,"36028797018963968","132779","MSSQLSERVER",,"Application",,,"COHPMARTIN.gpco.local",,"27/08/2016 18:06:42",,,"application","System.UInt32[]","System.Diagnostics.Eventing.Reader.EventBookmark","Information",,"Server","System.Collections.ObjectModel.ReadOnlyCollection`1[System.String]","System.Collections.Generic.List`1[System.Diagnostics.Eventing.Reader.EventProperty]"
"SQL Server detected 1 sockets with 2 cores per socket and 4 logical processors per socket, 4 total logical processors; using 4 logical processors based on SQL Server licensing. This is an informational message; no user action is required.","17164",,"16384","4","2",,"36028797018963968","132778","MSSQLSERVER",,"Application",,,"COHPMARTIN.gpco.local",,"27/08/2016 18:06:42",,,"application","System.UInt32[]","System.Diagnostics.Eventing.Reader.EventBookmark","Information",,"Server","System.Collections.ObjectModel.ReadOnlyCollection`1[System.String]","System.Collections.Generic.List`1[System.Diagnostics.Eventing.Reader.EventProperty]"
"Command Line Startup Parameters:
	 -s ""MSSQLSERVER""","17115",,"16384","4","2",,"36028797018963968","132777","MSSQLSERVER",,"Application",,,"COHPMARTIN.gpco.local",,"27/08/2016 18:06:42",,,"application","System.UInt32[]","System.Diagnostics.Eventing.Reader.EventBookmark","Information",,"Server","System.Collections.ObjectModel.ReadOnlyCollection`1[System.String]","System.Collections.Generic.List`1[System.Diagnostics.Eventing.Reader.EventProperty]"
"Registry startup parameters: 
	 -d C:\Program Files\Microsoft SQL Server\MSSQL12.MSSQLSERVER\MSSQL\DATA\master.mdf
	 -e C:\Program Files\Microsoft SQL Server\MSSQL12.MSSQLSERVER\MSSQL\Log\ERRORLOG
	 -l C:\Program Files\Microsoft SQL Server\MSSQL12.MSSQLSERVER\MSSQL\DATA\mastlog.ldf","17110",,"16384","4","2",,"36028797018963968","132776","MSSQLSERVER",,"Application",,,"COHPMARTIN.gpco.local",,"27/08/2016 18:06:42",,,"application","System.UInt32[]","System.Diagnostics.Eventing.Reader.EventBookmark","Information",,"Server","System.Collections.ObjectModel.ReadOnlyCollection`1[System.String]","System.Collections.Generic.List`1[System.Diagnostics.Eventing.Reader.EventProperty]"
"The service account is 'NT Service\MSSQLSERVER'. This is an informational message; no user action is required.","49904",,"16384","4","2",,"36028797018963968","132775","MSSQLSERVER",,"Application",,,"COHPMARTIN.gpco.local",,"27/08/2016 18:06:42",,,"application","System.UInt32[]","System.Diagnostics.Eventing.Reader.EventBookmark","Information",,"Server","System.Collections.ObjectModel.ReadOnlyCollection`1[System.String]","System.Collections.Generic.List`1[System.Diagnostics.Eventing.Reader.EventProperty]"
"Logging SQL Server messages in file 'C:\Program Files\Microsoft SQL Server\MSSQL12.MSSQLSERVER\MSSQL\Log\ERRORLOG'.","17111",,"16384","4","2",,"36028797018963968","132774","MSSQLSERVER",,"Application",,,"COHPMARTIN.gpco.local",,"27/08/2016 18:06:42",,,"application","System.UInt32[]","System.Diagnostics.Eventing.Reader.EventBookmark","Information",,"Server","System.Collections.ObjectModel.ReadOnlyCollection`1[System.String]","System.Collections.Generic.List`1[System.Diagnostics.Eventing.Reader.EventProperty]"
"Authentication mode is WINDOWS-ONLY.","15268",,"16384","4","2",,"36028797018963968","132773","MSSQLSERVER",,"Application",,,"COHPMARTIN.gpco.local",,"27/08/2016 18:06:42",,,"application","System.UInt32[]","System.Diagnostics.Eventing.Reader.EventBookmark","Information",,"Server","System.Collections.ObjectModel.ReadOnlyCollection`1[System.String]","System.Collections.Generic.List`1[System.Diagnostics.Eventing.Reader.EventProperty]"
"System Manufacturer: 'Dell Inc.', System Model: 'Latitude E7440'.","18496",,"16384","4","2",,"36028797018963968","132772","MSSQLSERVER",,"Application",,,"COHPMARTIN.gpco.local",,"27/08/2016 18:06:42",,,"application","System.UInt32[]","System.Diagnostics.Eventing.Reader.EventBookmark","Information",,"Server","System.Collections.ObjectModel.ReadOnlyCollection`1[System.String]","System.Collections.Generic.List`1[System.Diagnostics.Eventing.Reader.EventProperty]"
"Server process ID is 2940.","17104",,"16384","4","2",,"36028797018963968","132771","MSSQLSERVER",,"Application",,,"COHPMARTIN.gpco.local",,"27/08/2016 18:06:42",,,"application","System.UInt32[]","System.Diagnostics.Eventing.Reader.EventBookmark","Information",,"Server","System.Collections.ObjectModel.ReadOnlyCollection`1[System.String]","System.Collections.Generic.List`1[System.Diagnostics.Eventing.Reader.EventProperty]"
"All rights reserved.","17103",,"16384","4","2",,"36028797018963968","132770","MSSQLSERVER",,"Application",,,"COHPMARTIN.gpco.local",,"27/08/2016 18:06:42",,,"application","System.UInt32[]","System.Diagnostics.Eventing.Reader.EventBookmark","Information",,"Server","System.Collections.ObjectModel.ReadOnlyCollection`1[System.String]","System.Collections.Generic.List`1[System.Diagnostics.Eventing.Reader.EventProperty]"
"(c) Microsoft Corporation.","17101",,"16384","4","2",,"36028797018963968","132769","MSSQLSERVER",,"Application",,,"COHPMARTIN.gpco.local",,"27/08/2016 18:06:42",,,"application","System.UInt32[]","System.Diagnostics.Eventing.Reader.EventBookmark","Information",,"Server","System.Collections.ObjectModel.ReadOnlyCollection`1[System.String]","System.Collections.Generic.List`1[System.Diagnostics.Eventing.Reader.EventProperty]"
"UTC adjustment: 2:00","49916",,"16384","4","2",,"36028797018963968","132768","MSSQLSERVER",,"Application",,,"COHPMARTIN.gpco.local",,"27/08/2016 18:06:42",,,"application","System.UInt32[]","System.Diagnostics.Eventing.Reader.EventBookmark","Information",,"Server","System.Collections.ObjectModel.ReadOnlyCollection`1[System.String]","System.Collections.Generic.List`1[System.Diagnostics.Eventing.Reader.EventProperty]"
"Microsoft SQL Server 2014 (SP2) (KB3171021) - 12.0.5000.0 (X64) 
	Jun 17 2016 19:14:09 
	Copyright (c) Microsoft Corporation
	Express Edition (64-bit) on Windows NT 6.3 <X64> (Build 9600: )
","17069",,"16384","4","2",,"36028797018963968","132767","MSSQLSERVER",,"Application",,,"COHPMARTIN.gpco.local",,"27/08/2016 18:06:42",,,"application","System.UInt32[]","System.Diagnostics.Eventing.Reader.EventBookmark","Information",,"Server","System.Collections.ObjectModel.ReadOnlyCollection`1[System.String]","System.Collections.Generic.List`1[System.Diagnostics.Eventing.Reader.EventProperty]"
,"0",,"0","4","0",,"36028797018963968","132766","PDFProFiltSrvPP",,"Application",,,"COHPMARTIN.gpco.local",,"27/08/2016 18:06:42",,,"application","System.UInt32[]","System.Diagnostics.Eventing.Reader.EventBookmark",,,,,"System.Collections.Generic.List`1[System.Diagnostics.Eventing.Reader.EventProperty]"
"Service started successfully.","0",,"0","4","0",,"36028797018963968","132765","Service1",,"Application",,,"COHPMARTIN.gpco.local",,"27/08/2016 18:06:41",,,"application","System.UInt32[]","System.Diagnostics.Eventing.Reader.EventBookmark","Information","Info",,"System.Collections.ObjectModel.ReadOnlyCollection`1[System.String]","System.Collections.Generic.List`1[System.Diagnostics.Eventing.Reader.EventProperty]"
"The User Profile Service has started successfully.  

","1531","0",,"4","0","0","-9223372036854775808","132764","Microsoft-Windows-User Profiles Service","89b1e9f0-5aff-44a6-9b44-0a07a7ce5845","Application","1016","324","COHPMARTIN.gpco.local","S-1-5-18","27/08/2016 18:06:28",,,"application","System.UInt32[]","System.Diagnostics.Eventing.Reader.EventBookmark","Information","Info",,"System.Collections.ObjectModel.ReadOnlyCollection`1[System.String]","System.Collections.Generic.List`1[System.Diagnostics.Eventing.Reader.EventProperty]"
,"0",,"0","4","0",,"36028797018963968","132763","igfxCUIService1.0.0.0",,"Application",,,"COHPMARTIN.gpco.local",,"27/08/2016 18:06:28",,,"application","System.UInt32[]","System.Diagnostics.Eventing.Reader.EventBookmark",,,,,"System.Collections.Generic.List`1[System.Diagnostics.Eventing.Reader.EventProperty]"
"The EventSystem sub system is suppressing duplicate event log entries for a duration of 86400 seconds.  The suppression timeout can be controlled by a REG_DWORD value named SuppressDuplicateDuration under the following registry key: HKLM\Software\Microsoft\EventSystem\EventLog.","4625","0","16384","4","0","0","36028797018963968","132762","Microsoft-Windows-EventSystem","899daace-4868-4295-afcd-9eb8fb497561","Application","0","0","COHPMARTIN.gpco.local",,"27/08/2016 18:06:28",,,"application","System.UInt32[]","System.Diagnostics.Eventing.Reader.EventBookmark","Information",,,"System.Collections.ObjectModel.ReadOnlyCollection`1[System.String]","System.Collections.Generic.List`1[System.Diagnostics.Eventing.Reader.EventProperty]"
"The User Profile Service has stopped.  

","1532","0",,"4","0","0","-9223372036854775808","132761","Microsoft-Windows-User Profiles Service","89b1e9f0-5aff-44a6-9b44-0a07a7ce5845","Application","1016","324","COHPMARTIN.gpco.local","S-1-5-18","27/08/2016 18:06:02",,,"application","System.UInt32[]","System.Diagnostics.Eventing.Reader.EventBookmark","Information","Info",,"System.Collections.ObjectModel.ReadOnlyCollection`1[System.String]","System.Collections.Generic.List`1[System.Diagnostics.Eventing.Reader.EventProperty]"
"Service has been successfully shut down.","0",,"0","4","0",,"36028797018963968","132760","Seagate MobileBackup Service",,"Application",,,"COHPMARTIN.gpco.local",,"27/08/2016 18:06:02",,,"application","System.UInt32[]","System.Diagnostics.Eventing.Reader.EventBookmark","Information","Info",,"System.Collections.ObjectModel.ReadOnlyCollection`1[System.String]","System.Collections.Generic.List`1[System.Diagnostics.Eventing.Reader.EventProperty]"
"Service has been successfully shut down.","0",,"0","4","0",,"36028797018963968","132759","Service1",,"Application",,,"COHPMARTIN.gpco.local",,"27/08/2016 18:06:02",,,"application","System.UInt32[]","System.Diagnostics.Eventing.Reader.EventBookmark","Information","Info",,"System.Collections.ObjectModel.ReadOnlyCollection`1[System.String]","System.Collections.Generic.List`1[System.Diagnostics.Eventing.Reader.EventProperty]"
"Service has been successfully shut down.","0",,"0","4","0",,"36028797018963968","132758","Seagate Dashboard Services",,"Application",,,"COHPMARTIN.gpco.local",,"27/08/2016 18:06:02",,,"application","System.UInt32[]","System.Diagnostics.Eventing.Reader.EventBookmark","Information","Info",,"System.Collections.ObjectModel.ReadOnlyCollection`1[System.String]","System.Collections.Generic.List`1[System.Diagnostics.Eventing.Reader.EventProperty]"
"SQL Server is terminating because of a system shutdown. This is an informational message only. No user action is required.","17147",,"16384","4","2",,"36028797018963968","132757","MSSQLSERVER",,"Application",,,"COHPMARTIN.gpco.local",,"27/08/2016 18:06:02",,,"application","System.UInt32[]","System.Diagnostics.Eventing.Reader.EventBookmark","Information",,"Server","System.Collections.ObjectModel.ReadOnlyCollection`1[System.String]","System.Collections.Generic.List`1[System.Diagnostics.Eventing.Reader.EventProperty]"
,"0",,"0","4","0",,"36028797018963968","132756","igfxCUIService1.0.0.0",,"Application",,,"COHPMARTIN.gpco.local",,"27/08/2016 18:06:01",,,"application","System.UInt32[]","System.Diagnostics.Eventing.Reader.EventBookmark",,,,,"System.Collections.Generic.List`1[System.Diagnostics.Eventing.Reader.EventProperty]"
,"0",,"0","4","0",,"36028797018963968","132755","igfxCUIService1.0.0.0",,"Application",,,"COHPMARTIN.gpco.local",,"27/08/2016 18:06:01",,,"application","System.UInt32[]","System.Diagnostics.Eventing.Reader.EventBookmark",,,,,"System.Collections.Generic.List`1[System.Diagnostics.Eventing.Reader.EventProperty]"
"The following application attempted to veto the shutdown: VBoxSVC.exe.","10001","0",,"4","0","0","-9223372036854775808","132754","Microsoft-Windows-Winsrv","9d55b53d-449b-4824-a637-24f9d69aa02f","Application","596","9484","COHPMARTIN.gpco.local","S-1-5-18","27/08/2016 18:05:56",,,"application","System.UInt32[]","System.Diagnostics.Eventing.Reader.EventBookmark","Information","Info",,"System.Collections.ObjectModel.ReadOnlyCollection`1[System.String]","System.Collections.Generic.List`1[System.Diagnostics.Eventing.Reader.EventProperty]"
"The Windows logon process has failed to terminate the currently logged on user's processes.","4004","0","49152","4","0","0","36028797018963968","132753","Microsoft-Windows-Winlogon","dbe9b383-7cf3-4331-91cc-a3cb16a3b538","Application","0","0","COHPMARTIN.gpco.local",,"27/08/2016 18:05:49",,,"application","System.UInt32[]","System.Diagnostics.Eventing.Reader.EventBookmark","Information",,,"System.Collections.ObjectModel.ReadOnlyCollection`1[System.String]","System.Collections.Generic.List`1[System.Diagnostics.Eventing.Reader.EventProperty]"
"The following application attempted to veto the shutdown: VBoxSVC.exe.","10001","0",,"4","0","0","-9223372036854775808","132752","Microsoft-Windows-Winsrv","9d55b53d-449b-4824-a637-24f9d69aa02f","Application","596","4460","COHPMARTIN.gpco.local","S-1-5-18","27/08/2016 18:05:39",,,"application","System.UInt32[]","System.Diagnostics.Eventing.Reader.EventBookmark","Information","Info",,"System.Collections.ObjectModel.ReadOnlyCollection`1[System.String]","System.Collections.Generic.List`1[System.Diagnostics.Eventing.Reader.EventProperty]"
"Performance counters for the WmiApRpl (WmiApRpl) service were loaded successfully. The Record Data in the data section contains the new index values assigned to this service.","1000","0",,"4","0","0","-9223372036854775808","132751","Microsoft-Windows-LoadPerf","122ee297-bb47-41ae-b265-1ca8d1886d40","Application","6596","7252","COHPMARTIN.gpco.local","S-1-5-18","27/08/2016 18:02:18",,,"application","System.UInt32[]","System.Diagnostics.Eventing.Reader.EventBookmark","Information","Info",,"System.Collections.ObjectModel.ReadOnlyCollection`1[System.String]","System.Collections.Generic.List`1[System.Diagnostics.Eventing.Reader.EventProperty]"
"Unloading the performance counter strings for service WmiApRpl (WmiApRpl) failed. The first DWORD in the Data section contains the error code.","3011","0",,"2","0","0","-9223372036854775808","132750","Microsoft-Windows-LoadPerf","122ee297-bb47-41ae-b265-1ca8d1886d40","Application","6596","7252","COHPMARTIN.gpco.local","S-1-5-18","27/08/2016 18:02:15",,,"application","System.UInt32[]","System.Diagnostics.Eventing.Reader.EventBookmark","Error","Info",,"System.Collections.ObjectModel.ReadOnlyCollection`1[System.String]","System.Collections.Generic.List`1[System.Diagnostics.Eventing.Reader.EventProperty]"
"The performance strings in the Performance registry value is corrupted when process Performance extension counter provider. The BaseIndex value from the Performance registry is the first DWORD in the Data section, LastCounter value is the second DWORD in the Data section, and LastHelp value is the third DWORD in the Data section.","3012","0",,"2","0","0","-9223372036854775808","132749","Microsoft-Windows-LoadPerf","122ee297-bb47-41ae-b265-1ca8d1886d40","Application","6596","7252","COHPMARTIN.gpco.local","S-1-5-18","27/08/2016 18:02:15",,,"application","System.UInt32[]","System.Diagnostics.Eventing.Reader.EventBookmark","Error","Info",,"System.Collections.ObjectModel.ReadOnlyCollection`1[System.String]","System.Collections.Generic.List`1[System.Diagnostics.Eventing.Reader.EventProperty]"
"Fault bucket 120532922463, type 4
Event Name: APPCRASH
Response: Not available
Cab Id: 0

Problem signature:
P1: VBoxSVC.exe
P2: 5.1.4.10228
P3: 57b35900
P4: VBoxRT.dll
P5: 5.1.4.10228
P6: 57b358f7
P7: c0000005
P8: 00000000000a6c54
P9: 
P10: 

Attached files:
C:\Users\pmartin\AppData\Local\Temp\WER970D.tmp.appcompat.txt
C:\Users\pmartin\AppData\Local\Temp\WER99BD.tmp.WERInternalMetadata.xml
C:\Users\pmartin\AppData\Local\Microsoft\Windows\WER\ReportQueue\AppCrash_VBoxSVC.exe_c23f76314bcf6cc6c0bc2f49a3baab3be6bb2c3f_29490d07_cab_1b1999bb\memory.hdmp
C:\Users\pmartin\AppData\Local\Microsoft\Windows\WER\ReportQueue\AppCrash_VBoxSVC.exe_c23f76314bcf6cc6c0bc2f49a3baab3be6bb2c3f_29490d07_cab_1b1999bb\triagedump.dmp

These files may be available here:
C:\Users\pmartin\AppData\Local\Microsoft\Windows\WER\ReportArchive\AppCrash_VBoxSVC.exe_c23f76314bcf6cc6c0bc2f49a3baab3be6bb2c3f_29490d07_1f9da10e

Analysis symbol: 
Rechecking for solution: 0
Report Id: 784b120a-6c6f-11e6-82c3-f81654624467
Report Status: 0
Hashed bucket: 78b0d8d0b548b995482704d06fd33952","1001",,"0","4","0",,"36028797018963968","132748","Windows Error Reporting",,"Application",,,"COHPMARTIN.gpco.local",,"27/08/2016 18:01:13",,,"application","System.UInt32[]","System.Diagnostics.Eventing.Reader.EventBookmark","Information","Info",,"System.Collections.ObjectModel.ReadOnlyCollection`1[System.String]","System.Collections.Generic.List`1[System.Diagnostics.Eventing.Reader.EventProperty]"
"Fault bucket , type 0
Event Name: APPCRASH
Response: Not available
Cab Id: 0

Problem signature:
P1: VBoxSVC.exe
P2: 5.1.4.10228
P3: 57b35900
P4: VBoxRT.dll
P5: 5.1.4.10228
P6: 57b358f7
P7: c0000005
P8: 00000000000a6c54
P9: 
P10: 

Attached files:
C:\Users\pmartin\AppData\Local\Temp\WER970D.tmp.appcompat.txt
C:\Users\pmartin\AppData\Local\Temp\WER99BD.tmp.WERInternalMetadata.xml
C:\Users\pmartin\AppData\Local\Microsoft\Windows\WER\ReportQueue\AppCrash_VBoxSVC.exe_c23f76314bcf6cc6c0bc2f49a3baab3be6bb2c3f_29490d07_cab_1b1999bb\memory.hdmp
C:\Users\pmartin\AppData\Local\Microsoft\Windows\WER\ReportQueue\AppCrash_VBoxSVC.exe_c23f76314bcf6cc6c0bc2f49a3baab3be6bb2c3f_29490d07_cab_1b1999bb\triagedump.dmp

These files may be available here:
C:\Users\pmartin\AppData\Local\Microsoft\Windows\WER\ReportQueue\AppCrash_VBoxSVC.exe_c23f76314bcf6cc6c0bc2f49a3baab3be6bb2c3f_29490d07_cab_1b1999bb

