Analysis symbol: 
Rechecking for solution: 0
Report Id: b6d7b914-6e0b-11e6-82c5-f81654624463
Report Status: 262144
Hashed bucket: ","1001",,"0","4","0",,"36028797018963968","133458","Windows Error Reporting",,"Application",,,"COHPMARTIN.gpco.local",,"29/08/2016 19:12:08",,,"application","System.UInt32[]","System.Diagnostics.Eventing.Reader.EventBookmark","Information","Info",,"System.Collections.ObjectModel.ReadOnlyCollection`1[System.String]","System.Collections.Generic.List`1[System.Diagnostics.Eventing.Reader.EventProperty]"
"Beginning a Windows Installer transaction: C:\windows\WindowsMobile\wmupdate.msi. Client Process Id: 8132.","1040",,"0","4","0",,"36028797018963968","133457","MsiInstaller",,"Application",,,"COHPMARTIN.gpco.local","S-1-5-18","29/08/2016 19:12:07",,,"application","System.UInt32[]","System.Diagnostics.Eventing.Reader.EventBookmark","Information","Info",,"System.Collections.ObjectModel.ReadOnlyCollection`1[System.String]","System.Collections.Generic.List`1[System.Diagnostics.Eventing.Reader.EventProperty]"
"Windows Installer installed the product. Product Name: Windows Mobile Device Center. Product Version: 6.1.6965.0. Product Language: 1033. Manufacturer: Microsoft Corporation. Installation success or error status: 0.","1033",,"0","4","0",,"36028797018963968","133456","MsiInstaller",,"Application",,,"COHPMARTIN.gpco.local","S-1-5-18","29/08/2016 19:12:07",,,"application","System.UInt32[]","System.Diagnostics.Eventing.Reader.EventBookmark","Information","Info",,"System.Collections.ObjectModel.ReadOnlyCollection`1[System.String]","System.Collections.Generic.List`1[System.Diagnostics.Eventing.Reader.EventProperty]"
"Ending session 0 started ?2016?-?08?-?29T17:11:46.107602600Z.","10001","0",,"4","0","0","-9223372036854775808","133455","Microsoft-Windows-RestartManager","0888e5ef-9b98-4695-979d-e92ce4247224","Application","8212","1860","COHPMARTIN.gpco.local","S-1-5-21-2511364499-3860350569-1670997104-1142","29/08/2016 19:12:06",,,"application","System.UInt32[]","System.Diagnostics.Eventing.Reader.EventBookmark","Information","Info",,"System.Collections.ObjectModel.ReadOnlyCollection`1[System.String]","System.Collections.Generic.List`1[System.Diagnostics.Eventing.Reader.EventProperty]"
"Windows Installer installed the product. Product Name: Windows Mobile Device Center Driver Update. Product Version: 6.1.6965.0. Product Language: 1033. Manufacturer: Microsoft Corporation. Installation success or error status: 0.","1033",,"0","4","0",,"36028797018963968","133454","MsiInstaller",,"Application",,,"COHPMARTIN.gpco.local","S-1-5-21-2511364499-3860350569-1670997104-1142","29/08/2016 19:12:06",,,"application","System.UInt32[]","System.Diagnostics.Eventing.Reader.EventBookmark","Information","Info",,"System.Collections.ObjectModel.ReadOnlyCollection`1[System.String]","System.Collections.Generic.List`1[System.Diagnostics.Eventing.Reader.EventProperty]"
"Product: Windows Mobile Device Center Driver Update -- Installation completed successfully.","11707",,"0","4","0",,"36028797018963968","133453","MsiInstaller",,"Application",,,"COHPMARTIN.gpco.local","S-1-5-21-2511364499-3860350569-1670997104-1142","29/08/2016 19:12:06",,,"application","System.UInt32[]","System.Diagnostics.Eventing.Reader.EventBookmark","Information","Info",,"System.Collections.ObjectModel.ReadOnlyCollection`1[System.String]","System.Collections.Generic.List`1[System.Diagnostics.Eventing.Reader.EventProperty]"
"Ending a Windows Installer transaction: C:\Users\pmartin\AppData\Local\Temp\IXP000.TMP\drvupdate-amd64.msi. Client Process Id: 11508.","1042",,"0","4","0",,"36028797018963968","133452","MsiInstaller",,"Application",,,"COHPMARTIN.gpco.local","S-1-5-18","29/08/2016 19:12:06",,,"application","System.UInt32[]","System.Diagnostics.Eventing.Reader.EventBookmark","Information","Info",,"System.Collections.ObjectModel.ReadOnlyCollection`1[System.String]","System.Collections.Generic.List`1[System.Diagnostics.Eventing.Reader.EventProperty]"
"Windows Mobile-2003-based device connectivity service started.","1",,"16384","4","0",,"36028797018963968","133451","WcesComm",,"Application",,,"COHPMARTIN.gpco.local",,"29/08/2016 19:12:00",,,"application","System.UInt32[]","System.Diagnostics.Eventing.Reader.EventBookmark","Information",,,"System.Collections.ObjectModel.ReadOnlyCollection`1[System.String]","System.Collections.Generic.List`1[System.Diagnostics.Eventing.Reader.EventProperty]"
"Starting session 0 - ?2016?-?08?-?29T17:11:46.107602600Z.","10000","0",,"4","0","0","-9223372036854775808","133450","Microsoft-Windows-RestartManager","0888e5ef-9b98-4695-979d-e92ce4247224","Application","8212","8760","COHPMARTIN.gpco.local","S-1-5-21-2511364499-3860350569-1670997104-1142","29/08/2016 19:11:46",,,"application","System.UInt32[]","System.Diagnostics.Eventing.Reader.EventBookmark","Information","Info",,"System.Collections.ObjectModel.ReadOnlyCollection`1[System.String]","System.Collections.Generic.List`1[System.Diagnostics.Eventing.Reader.EventProperty]"
"Beginning a Windows Installer transaction: C:\Users\pmartin\AppData\Local\Temp\IXP000.TMP\drvupdate-amd64.msi. Client Process Id: 11508.","1040",,"0","4","0",,"36028797018963968","133449","MsiInstaller",,"Application",,,"COHPMARTIN.gpco.local","S-1-5-21-2511364499-3860350569-1670997104-1142","29/08/2016 19:11:45",,,"application","System.UInt32[]","System.Diagnostics.Eventing.Reader.EventBookmark","Information","Info",,"System.Collections.ObjectModel.ReadOnlyCollection`1[System.String]","System.Collections.Generic.List`1[System.Diagnostics.Eventing.Reader.EventProperty]"
"Windows Installer installed the product. Product Name: Windows Mobile Device Center Driver Update. Product Version: 6.1.6965.0. Product Language: 1033. Manufacturer: Microsoft Corporation. Installation success or error status: 0.","1033",,"0","4","0",,"36028797018963968","133448","MsiInstaller",,"Application",,,"COHPMARTIN.gpco.local","S-1-5-21-2511364499-3860350569-1670997104-1142","29/08/2016 19:11:45",,,"application","System.UInt32[]","System.Diagnostics.Eventing.Reader.EventBookmark","Information","Info",,"System.Collections.ObjectModel.ReadOnlyCollection`1[System.String]","System.Collections.Generic.List`1[System.Diagnostics.Eventing.Reader.EventProperty]"
"svchost (12852) Instance: The database engine stopped the instance (0). 
 
Dirty Shutdown: 0 
 
Internal Timing Sequence: [1] 0.000, [2] 0.000, [3] 0.000, [4] 0.000, [5] 0.016, [6] 0.000, [7] 0.000, [8] 0.000, [9] 0.000, [10] 0.000, [11] 0.000, [12] 0.000, [13] 0.000, [14] 0.000, [15] 0.000.","103",,"0","4","1",,"36028797018963968","133447","ESENT",,"Application",,,"COHPMARTIN.gpco.local",,"29/08/2016 18:51:55",,,"application","System.UInt32[]","System.Diagnostics.Eventing.Reader.EventBookmark","Information","Info","General","System.Collections.ObjectModel.ReadOnlyCollection`1[System.String]","System.Collections.Generic.List`1[System.Diagnostics.Eventing.Reader.EventProperty]"
"svchost (12852) Instance: The database engine detached a database (1, C:\ProgramData\Microsoft\Windows\AppRepository\PackageRepository.edb). (Time=0 seconds) 
 
Internal Timing Sequence: [1] 0.000, [2] 0.000, [3] 0.000, [4] 0.000, [5] 0.000, [6] 0.015, [7] 0.000, [8] 0.000, [9] 0.000, [10] 0.000, [11] 0.000, [12] 0.000. 
Revived Cache: 0 0","327",,"0","4","1",,"36028797018963968","133446","ESENT",,"Application",,,"COHPMARTIN.gpco.local",,"29/08/2016 18:51:55",,,"application","System.UInt32[]","System.Diagnostics.Eventing.Reader.EventBookmark","Information","Info","General","System.Collections.ObjectModel.ReadOnlyCollection`1[System.String]","System.Collections.Generic.List`1[System.Diagnostics.Eventing.Reader.EventProperty]"
"The program NOTEPAD.EXE version 6.3.9600.17930 stopped interacting with Windows and was closed. To see if more information about the problem is available, check the problem history in the Action Center control panel.
 Process ID: 24b0
 Start Time: 01d2021534039cb9
 Termination Time: 6
 Application Path: C:\windows\system32\NOTEPAD.EXE
 Report Id: 7d2b3061-6e08-11e6-82c5-f81654624463
 Faulting package full name: 
 Faulting package-relative application ID: 
","1002",,"0","2","101",,"36028797018963968","133445","Application Hang",,"Application",,,"COHPMARTIN.gpco.local",,"29/08/2016 18:49:07",,,"application","System.UInt32[]","System.Diagnostics.Eventing.Reader.EventBookmark","Error","Info",,"System.Collections.ObjectModel.ReadOnlyCollection`1[System.String]","System.Collections.Generic.List`1[System.Diagnostics.Eventing.Reader.EventProperty]"
"Fault bucket 128887865347, type 5
Event Name: AppHangB1
Response: Not available
Cab Id: 0

Problem signature:
P1: notepad.exe
P2: 6.3.9600.17930
P3: 559eabcc
P4: 02b1
P5: 134217728
P6: 
P7: 
P8: 
P9: 
P10: 

Attached files:
C:\Users\pmartin\AppData\Local\Temp\WER22AF.tmp.appcompat.txt
C:\Users\pmartin\AppData\Local\Temp\WER232D.tmp.WERInternalMetadata.xml

These files may be available here:
C:\Users\pmartin\AppData\Local\Microsoft\Windows\WER\ReportArchive\AppHang_notepad.exe_637b28f345f344a358e8831ef4d933bd173874_243efd67_28422763

Analysis symbol: 
Rechecking for solution: 0
Report Id: 7d2b3061-6e08-11e6-82c5-f81654624463
Report Status: 0
Hashed bucket: 442b58dd6053db79bf482cf3eb69cbe3","1001",,"0","4","0",,"36028797018963968","133444","Windows Error Reporting",,"Application",,,"COHPMARTIN.gpco.local",,"29/08/2016 18:49:06",,,"application","System.UInt32[]","System.Diagnostics.Eventing.Reader.EventBookmark","Information","Info",,"System.Collections.ObjectModel.ReadOnlyCollection`1[System.String]","System.Collections.Generic.List`1[System.Diagnostics.Eventing.Reader.EventProperty]"
"svchost (12852) Instance: The database engine attached a database (1, C:\ProgramData\Microsoft\Windows\AppRepository\PackageRepository.edb). (Time=0 seconds) 
 
Internal Timing Sequence: [1] 0.000, [2] 0.000, [3] 0.000, [4] 0.000, [5] 0.000, [6] 0.000, [7] 0.000, [8] 0.000, [9] 0.000, [10] 0.000, [11] 0.000, [12] 0.000. 
Saved Cache: 1 0","326",,"0","4","1",,"36028797018963968","133443","ESENT",,"Application",,,"COHPMARTIN.gpco.local",,"29/08/2016 18:46:55",,,"application","System.UInt32[]","System.Diagnostics.Eventing.Reader.EventBookmark","Information","Info","General","System.Collections.ObjectModel.ReadOnlyCollection`1[System.String]","System.Collections.Generic.List`1[System.Diagnostics.Eventing.Reader.EventProperty]"
"svchost (12852) Instance: The database engine started a new instance (0). (Time=0 seconds) 
 
Internal Timing Sequence: [1] 0.000, [2] 0.000, [3] 0.000, [4] 0.016, [5] 0.000, [6] 0.000, [7] 0.000, [8] 0.000, [9] 0.000, [10] 0.000.","105",,"0","4","1",,"36028797018963968","133442","ESENT",,"Application",,,"COHPMARTIN.gpco.local",,"29/08/2016 18:46:55",,,"application","System.UInt32[]","System.Diagnostics.Eventing.Reader.EventBookmark","Information","Info","General","System.Collections.ObjectModel.ReadOnlyCollection`1[System.String]","System.Collections.Generic.List`1[System.Diagnostics.Eventing.Reader.EventProperty]"
"svchost (12852) Instance: The database engine (6.03.9600.0000) is starting a new instance (0).","102",,"0","4","1",,"36028797018963968","133441","ESENT",,"Application",,,"COHPMARTIN.gpco.local",,"29/08/2016 18:46:55",,,"application","System.UInt32[]","System.Diagnostics.Eventing.Reader.EventBookmark","Information","Info","General","System.Collections.ObjectModel.ReadOnlyCollection`1[System.String]","System.Collections.Generic.List`1[System.Diagnostics.Eventing.Reader.EventProperty]"
"svchost (12376) Instance: The database engine stopped the instance (0). 
 
Dirty Shutdown: 0 
 
Internal Timing Sequence: [1] 0.000, [2] 0.000, [3] 0.000, [4] 0.000, [5] 0.000, [6] 0.000, [7] 0.000, [8] 0.000, [9] 0.000, [10] 0.016, [11] 0.000, [12] 0.000, [13] 0.000, [14] 0.000, [15] 0.000.","103",,"0","4","1",,"36028797018963968","133440","ESENT",,"Application",,,"COHPMARTIN.gpco.local",,"29/08/2016 18:45:25",,,"application","System.UInt32[]","System.Diagnostics.Eventing.Reader.EventBookmark","Information","Info","General","System.Collections.ObjectModel.ReadOnlyCollection`1[System.String]","System.Collections.Generic.List`1[System.Diagnostics.Eventing.Reader.EventProperty]"
"svchost (12376) Instance: The database engine detached a database (1, C:\ProgramData\Microsoft\Windows\AppRepository\PackageRepository.edb). (Time=0 seconds) 
 
Internal Timing Sequence: [1] 0.000, [2] 0.000, [3] 0.000, [4] 0.000, [5] 0.000, [6] 0.015, [7] 0.000, [8] 0.000, [9] 0.000, [10] 0.000, [11] 0.000, [12] 0.000. 
Revived Cache: 0 0","327",,"0","4","1",,"36028797018963968","133439","ESENT",,"Application",,,"COHPMARTIN.gpco.local",,"29/08/2016 18:45:25",,,"application","System.UInt32[]","System.Diagnostics.Eventing.Reader.EventBookmark","Information","Info","General","System.Collections.ObjectModel.ReadOnlyCollection`1[System.String]","System.Collections.Generic.List`1[System.Diagnostics.Eventing.Reader.EventProperty]"
"Cannot retrieve event message text.","8005",,"32768","2","1",,"36028797018963968","133438","Sophos Message Router",,"Application",,,"COHPMARTIN.gpco.local","S-1-5-18","29/08/2016 18:44:17",,,"application","System.UInt32[]","System.Diagnostics.Eventing.Reader.EventBookmark",,,,,"System.Collections.Generic.List`1[System.Diagnostics.Eventing.Reader.EventProperty]"
"Cannot retrieve event message text.","8004",,"32768","3","1",,"36028797018963968","133437","Sophos Message Router",,"Application",,,"COHPMARTIN.gpco.local","S-1-5-18","29/08/2016 18:44:15",,,"application","System.UInt32[]","System.Diagnostics.Eventing.Reader.EventBookmark",,,,,"System.Collections.Generic.List`1[System.Diagnostics.Eventing.Reader.EventProperty]"
"svchost (12376) Instance: The database engine attached a database (1, C:\ProgramData\Microsoft\Windows\AppRepository\PackageRepository.edb). (Time=0 seconds) 
 
Internal Timing Sequence: [1] 0.000, [2] 0.000, [3] 0.000, [4] 0.000, [5] 0.000, [6] 0.000, [7] 0.000, [8] 0.000, [9] 0.000, [10] 0.000, [11] 0.000, [12] 0.000. 
Saved Cache: 1 0","326",,"0","4","1",,"36028797018963968","133436","ESENT",,"Application",,,"COHPMARTIN.gpco.local",,"29/08/2016 18:35:22",,,"application","System.UInt32[]","System.Diagnostics.Eventing.Reader.EventBookmark","Information","Info","General","System.Collections.ObjectModel.ReadOnlyCollection`1[System.String]","System.Collections.Generic.List`1[System.Diagnostics.Eventing.Reader.EventProperty]"
"svchost (12376) Instance: The database engine started a new instance (0). (Time=0 seconds) 
 
Internal Timing Sequence: [1] 0.000, [2] 0.000, [3] 0.000, [4] 0.000, [5] 0.000, [6] 0.000, [7] 0.000, [8] 0.000, [9] 0.000, [10] 0.000.","105",,"0","4","1",,"36028797018963968","133435","ESENT",,"Application",,,"COHPMARTIN.gpco.local",,"29/08/2016 18:35:22",,,"application","System.UInt32[]","System.Diagnostics.Eventing.Reader.EventBookmark","Information","Info","General","System.Collections.ObjectModel.ReadOnlyCollection`1[System.String]","System.Collections.Generic.List`1[System.Diagnostics.Eventing.Reader.EventProperty]"
"svchost (12376) Instance: The database engine (6.03.9600.0000) is starting a new instance (0).","102",,"0","4","1",,"36028797018963968","133434","ESENT",,"Application",,,"COHPMARTIN.gpco.local",,"29/08/2016 18:35:22",,,"application","System.UInt32[]","System.Diagnostics.Eventing.Reader.EventBookmark","Information","Info","General","System.Collections.ObjectModel.ReadOnlyCollection`1[System.String]","System.Collections.Generic.List`1[System.Diagnostics.Eventing.Reader.EventProperty]"
"Fault bucket 125729745435, type 5
Event Name: WindowsUpdateFailure3
Response: Not available
Cab Id: 0

Problem signature:
P1: 7.9.9600.18235
P2: 8024402c
P3: 00000000-0000-0000-0000-000000000000
P4: Scan
P5: 0
P6: 1
P7: 0
P8: Device Driver Retrieval Client
P9: {3DA21691-E39D-4DA6-8A4B-B43877BCB1B7}
P10: 0

Attached files:
C:\Windows\WindowsUpdate.log
C:\Windows\SoftwareDistribution\ReportingEvents.log

These files may be available here:
C:\ProgramData\Microsoft\Windows\WER\ReportArchive\NonCritical_7.9.9600.18235_8e7a2848aea96e4cbcc1f4f51d1eaf7c4723d0_00000000_1b597dbd

Analysis symbol: 
Rechecking for solution: 0
Report Id: 1f254c18-6e04-11e6-82c5-f81654624463
Report Status: 0
Hashed bucket: 8628b1456f7faa5e27e6f7ce6ce522b2","1001",,"0","4","0",,"36028797018963968","133433","Windows Error Reporting",,"Application",,,"COHPMARTIN.gpco.local",,"29/08/2016 18:17:48",,,"application","System.UInt32[]","System.Diagnostics.Eventing.Reader.EventBookmark","Information","Info",,"System.Collections.ObjectModel.ReadOnlyCollection`1[System.String]","System.Collections.Generic.List`1[System.Diagnostics.Eventing.Reader.EventProperty]"
"Fault bucket , type 0
Event Name: WindowsUpdateFailure3
Response: Not available
Cab Id: 0

Problem signature:
P1: 7.9.9600.18235
P2: 8024402c
P3: 00000000-0000-0000-0000-000000000000
P4: Scan
P5: 0
P6: 1
P7: 0
P8: Device Driver Retrieval Client
P9: {3DA21691-E39D-4DA6-8A4B-B43877BCB1B7}
P10: 0

Attached files:
C:\Windows\WindowsUpdate.log
C:\Windows\SoftwareDistribution\ReportingEvents.log

These files may be available here:
C:\ProgramData\Microsoft\Windows\WER\ReportQueue\NonCritical_7.9.9600.18235_8e7a2848aea96e4cbcc1f4f51d1eaf7c4723d0_00000000_cab_34557b4c

Analysis symbol: 
Rechecking for solution: 0
Report Id: 1f254c18-6e04-11e6-82c5-f81654624463
Report Status: 4
Hashed bucket: ","1001",,"0","4","0",,"36028797018963968","133432","Windows Error Reporting",,"Application",,,"COHPMARTIN.gpco.local",,"29/08/2016 18:17:47",,,"application","System.UInt32[]","System.Diagnostics.Eventing.Reader.EventBookmark","Information","Info",,"System.Collections.ObjectModel.ReadOnlyCollection`1[System.String]","System.Collections.Generic.List`1[System.Diagnostics.Eventing.Reader.EventProperty]"
"Fault bucket , type 0
Event Name: WindowsUpdateFailure3
Response: Not available
Cab Id: 0

Problem signature:
P1: 7.9.9600.18235
P2: 8024402c
P3: 00000000-0000-0000-0000-000000000000
P4: Scan
P5: 0
P6: 1
P7: 0
P8: Device Driver Retrieval Client
P9: {3DA21691-E39D-4DA6-8A4B-B43877BCB1B7}
P10: 0

Attached files:
C:\Windows\WindowsUpdate.log
C:\Windows\SoftwareDistribution\ReportingEvents.log

These files may be available here:


Analysis symbol: 
Rechecking for solution: 0
Report Id: 1f254c18-6e04-11e6-82c5-f81654624463
Report Status: 262144
Hashed bucket: ","1001",,"0","4","0",,"36028797018963968","133431","Windows Error Reporting",,"Application",,,"COHPMARTIN.gpco.local",,"29/08/2016 18:17:47",,,"application","System.UInt32[]","System.Diagnostics.Eventing.Reader.EventBookmark","Information","Info",,"System.Collections.ObjectModel.ReadOnlyCollection`1[System.String]","System.Collections.Generic.List`1[System.Diagnostics.Eventing.Reader.EventProperty]"
"The Exchange web service request GetAppManifests succeeded. ","63",,"16384","4","0",,"36028797018963968","133430","Outlook",,"Application",,,"COHPMARTIN.gpco.local",,"29/08/2016 18:17:36",,,"application","System.UInt32[]","System.Diagnostics.Eventing.Reader.EventBookmark","Information",,,"System.Collections.ObjectModel.ReadOnlyCollection`1[System.String]","System.Collections.Generic.List`1[System.Diagnostics.Eventing.Reader.EventProperty]"
"PowerEvent handled successfully by the service.","0",,"0","4","0",,"36028797018963968","133429","Seagate Dashboard Services",,"Application",,,"COHPMARTIN.gpco.local",,"29/08/2016 18:17:20",,,"application","System.UInt32[]","System.Diagnostics.Eventing.Reader.EventBookmark","Information","Info",,"System.Collections.ObjectModel.ReadOnlyCollection`1[System.String]","System.Collections.Generic.List`1[System.Diagnostics.Eventing.Reader.EventProperty]"
,"0",,"0","4","0",,"36028797018963968","133428","BrYNSvc",,"Application",,,"COHPMARTIN.gpco.local",,"29/08/2016 18:17:20",,,"application","System.UInt32[]","System.Diagnostics.Eventing.Reader.EventBookmark",,,,,"System.Collections.Generic.List`1[System.Diagnostics.Eventing.Reader.EventProperty]"
"PowerEvent handled successfully by the service.","0",,"0","4","0",,"36028797018963968","133427","Seagate Dashboard Services",,"Application",,,"COHPMARTIN.gpco.local",,"29/08/2016 18:17:20",,,"application","System.UInt32[]","System.Diagnostics.Eventing.Reader.EventBookmark","Information","Info",,"System.Collections.ObjectModel.ReadOnlyCollection`1[System.String]","System.Collections.Generic.List`1[System.Diagnostics.Eventing.Reader.EventProperty]"
,"0",,"0","4","0",,"36028797018963968","133426","BrYNSvc",,"Application",,,"COHPMARTIN.gpco.local",,"29/08/2016 18:17:20",,,"application","System.UInt32[]","System.Diagnostics.Eventing.Reader.EventBookmark",,,,,"System.Collections.Generic.List`1[System.Diagnostics.Eventing.Reader.EventProperty]"
"PowerEvent handled successfully by the service.","0",,"0","4","0",,"36028797018963968","133425","Seagate Dashboard Services",,"Application",,,"COHPMARTIN.gpco.local",,"29/08/2016 17:22:17",,,"application","System.UInt32[]","System.Diagnostics.Eventing.Reader.EventBookmark","Information","Info",,"System.Collections.ObjectModel.ReadOnlyCollection`1[System.String]","System.Collections.Generic.List`1[System.Diagnostics.Eventing.Reader.EventProperty]"
,"0",,"0","4","0",,"36028797018963968","133424","BrYNSvc",,"Application",,,"COHPMARTIN.gpco.local",,"29/08/2016 17:22:17",,,"application","System.UInt32[]","System.Diagnostics.Eventing.Reader.EventBookmark",,,,,"System.Collections.Generic.List`1[System.Diagnostics.Eventing.Reader.EventProperty]"
"The computer 'Administrators (built-in)' preference item in the 'Sophos client policy {FBE5DF28-8803-4429-A5C0-B62D2D01C694}' Group Policy Object did not apply because it failed with error code '0x80070534 No mapping between account names and security IDs was done.' This error was suppressed.","4098",,"34305","3","2",,"36028797018963968","133423","Group Policy Local Users and Groups",,"Application",,,"COHPMARTIN.gpco.local","S-1-5-18","29/08/2016 17:11:02",,,"application","System.UInt32[]","System.Diagnostics.Eventing.Reader.EventBookmark","Warning",,,"System.Collections.ObjectModel.ReadOnlyCollection`1[System.String]","System.Collections.Generic.List`1[System.Diagnostics.Eventing.Reader.EventProperty]"
"svchost (3976) Instance: The database engine stopped the instance (0). 
 
Dirty Shutdown: 0 
 
Internal Timing Sequence: [1] 0.000, [2] 0.000, [3] 0.000, [4] 0.000, [5] 0.016, [6] 0.000, [7] 0.000, [8] 0.000, [9] 0.000, [10] 0.016, [11] 0.000, [12] 0.000, [13] 0.000, [14] 0.000, [15] 0.000.","103",,"0","4","1",,"36028797018963968","133422","ESENT",,"Application",,,"COHPMARTIN.gpco.local",,"29/08/2016 16:31:19",,,"application","System.UInt32[]","System.Diagnostics.Eventing.Reader.EventBookmark","Information","Info","General","System.Collections.ObjectModel.ReadOnlyCollection`1[System.String]","System.Collections.Generic.List`1[System.Diagnostics.Eventing.Reader.EventProperty]"
"svchost (3976) Instance: The database engine detached a database (1, C:\ProgramData\Microsoft\Windows\AppRepository\PackageRepository.edb). (Time=0 seconds) 
 
Internal Timing Sequence: [1] 0.000, [2] 0.000, [3] 0.000, [4] 0.000, [5] 0.000, [6] 0.015, [7] 0.000, [8] 0.000, [9] 0.000, [10] 0.000, [11] 0.000, [12] 0.000. 
Revived Cache: 0 0","327",,"0","4","1",,"36028797018963968","133421","ESENT",,"Application",,,"COHPMARTIN.gpco.local",,"29/08/2016 16:31:19",,,"application","System.UInt32[]","System.Diagnostics.Eventing.Reader.EventBookmark","Information","Info","General","System.Collections.ObjectModel.ReadOnlyCollection`1[System.String]","System.Collections.Generic.List`1[System.Diagnostics.Eventing.Reader.EventProperty]"
"svchost (3976) Instance: The database engine attached a database (1, C:\ProgramData\Microsoft\Windows\AppRepository\PackageRepository.edb). (Time=0 seconds) 
 
Internal Timing Sequence: [1] 0.000, [2] 0.000, [3] 0.016, [4] 0.000, [5] 0.000, [6] 0.000, [7] 0.000, [8] 0.000, [9] 0.000, [10] 0.000, [11] 0.000, [12] 0.000. 
Saved Cache: 1 0","326",,"0","4","1",,"36028797018963968","133420","ESENT",,"Application",,,"COHPMARTIN.gpco.local",,"29/08/2016 16:26:19",,,"application","System.UInt32[]","System.Diagnostics.Eventing.Reader.EventBookmark","Information","Info","General","System.Collections.ObjectModel.ReadOnlyCollection`1[System.String]","System.Collections.Generic.List`1[System.Diagnostics.Eventing.Reader.EventProperty]"
"svchost (3976) Instance: The database engine started a new instance (0). (Time=0 seconds) 
 
Internal Timing Sequence: [1] 0.000, [2] 0.000, [3] 0.000, [4] 0.000, [5] 0.000, [6] 0.000, [7] 0.000, [8] 0.000, [9] 0.000, [10] 0.000.","105",,"0","4","1",,"36028797018963968","133419","ESENT",,"Application",,,"COHPMARTIN.gpco.local",,"29/08/2016 16:26:19",,,"application","System.UInt32[]","System.Diagnostics.Eventing.Reader.EventBookmark","Information","Info","General","System.Collections.ObjectModel.ReadOnlyCollection`1[System.String]","System.Collections.Generic.List`1[System.Diagnostics.Eventing.Reader.EventProperty]"
"svchost (3976) Instance: The database engine (6.03.9600.0000) is starting a new instance (0).","102",,"0","4","1",,"36028797018963968","133418","ESENT",,"Application",,,"COHPMARTIN.gpco.local",,"29/08/2016 16:26:19",,,"application","System.UInt32[]","System.Diagnostics.Eventing.Reader.EventBookmark","Information","Info","General","System.Collections.ObjectModel.ReadOnlyCollection`1[System.String]","System.Collections.Generic.List`1[System.Diagnostics.Eventing.Reader.EventProperty]"
"Windows Installer installed the product. Product Name: OpenOffice 4.1.2. Product Version: 4.12.9782. Product Language: 1036. Manufacturer: Apache Software Foundation. Installation success or error status: 1602.","1033",,"0","4","0",,"36028797018963968","133417","MsiInstaller",,"Application",,,"COHPMARTIN.gpco.local","S-1-5-21-2511364499-3860350569-1670997104-1142","29/08/2016 15:58:15",,,"application","System.UInt32[]","System.Diagnostics.Eventing.Reader.EventBookmark","Information","Info",,"System.Collections.ObjectModel.ReadOnlyCollection`1[System.String]","System.Collections.Generic.List`1[System.Diagnostics.Eventing.Reader.EventProperty]"
"Produit : OpenOffice 4.1.2 -- L'installation a ?chou?.","11708",,"0","4","0",,"36028797018963968","133416","MsiInstaller",,"Application",,,"COHPMARTIN.gpco.local","S-1-5-21-2511364499-3860350569-1670997104-1142","29/08/2016 15:58:15",,,"application","System.UInt32[]","System.Diagnostics.Eventing.Reader.EventBookmark","Information","Info",,"System.Collections.ObjectModel.ReadOnlyCollection`1[System.String]","System.Collections.Generic.List`1[System.Diagnostics.Eventing.Reader.EventProperty]"
"Ending a Windows Installer transaction: c:\c75f83c87d5e803dc0ff3b72212d4d2a\vc_red.msi. Client Process Id: 12580.","1042",,"0","4","0",,"36028797018963968","133415","MsiInstaller",,"Application",,,"COHPMARTIN.gpco.local","S-1-5-18","29/08/2016 15:58:05",,,"application","System.UInt32[]","System.Diagnostics.Eventing.Reader.EventBookmark","Information","Info",,"System.Collections.ObjectModel.ReadOnlyCollection`1[System.String]","System.Collections.Generic.List`1[System.Diagnostics.Eventing.Reader.EventProperty]"
"Windows Installer reconfigured the product. Product Name: Microsoft Visual C++ 2008 Redistributable - x86 9.0.30729.6161. Product Version: 9.0.30729.6161. Product Language: 1033. Manufacturer: Microsoft Corporation. Reconfiguration success or error status: 1638.","1035",,"0","4","0",,"36028797018963968","133414","MsiInstaller",,"Application",,,"COHPMARTIN.gpco.local","S-1-5-21-2511364499-3860350569-1670997104-1142","29/08/2016 15:58:05",,,"application","System.UInt32[]","System.Diagnostics.Eventing.Reader.EventBookmark","Information","Info",,"System.Collections.ObjectModel.ReadOnlyCollection`1[System.String]","System.Collections.Generic.List`1[System.Diagnostics.Eventing.Reader.EventProperty]"
"Product: Microsoft Visual C++ 2008 Redistributable - x86 9.0.30729.6161 -- Configuration failed.","11729",,"0","4","0",,"36028797018963968","133413","MsiInstaller",,"Application",,,"COHPMARTIN.gpco.local","S-1-5-21-2511364499-3860350569-1670997104-1142","29/08/2016 15:58:05",,,"application","System.UInt32[]","System.Diagnostics.Eventing.Reader.EventBookmark","Information","Info",,"System.Collections.ObjectModel.ReadOnlyCollection`1[System.String]","System.Collections.Generic.List`1[System.Diagnostics.Eventing.Reader.EventProperty]"
"Beginning a Windows Installer transaction: c:\c75f83c87d5e803dc0ff3b72212d4d2a\vc_red.msi. Client Process Id: 12580.","1040",,"0","4","0",,"36028797018963968","133412","MsiInstaller",,"Application",,,"COHPMARTIN.gpco.local","S-1-5-21-2511364499-3860350569-1670997104-1142","29/08/2016 15:58:05",,,"application","System.UInt32[]","System.Diagnostics.Eventing.Reader.EventBookmark","Information","Info",,"System.Collections.ObjectModel.ReadOnlyCollection`1[System.String]","System.Collections.Generic.List`1[System.Diagnostics.Eventing.Reader.EventProperty]"
"Ending a Windows Installer transaction: c:\424fe5ba8744d8d696b8ce\vc_red.msi. Client Process Id: 11984.","1042",,"0","4","0",,"36028797018963968","133411","MsiInstaller",,"Application",,,"COHPMARTIN.gpco.local","S-1-5-18","29/08/2016 15:58:04",,,"application","System.UInt32[]","System.Diagnostics.Eventing.Reader.EventBookmark","Information","Info",,"System.Collections.ObjectModel.ReadOnlyCollection`1[System.String]","System.Collections.Generic.List`1[System.Diagnostics.Eventing.Reader.EventProperty]"
"Windows Installer reconfigured the product. Product Name: Microsoft Visual C++ 2008 Redistributable - x64 9.0.30729.6161. Product Version: 9.0.30729.6161. Product Language: 1033. Manufacturer: Microsoft Corporation. Reconfiguration success or error status: 1638.","1035",,"0","4","0",,"36028797018963968","133410","MsiInstaller",,"Application",,,"COHPMARTIN.gpco.local","S-1-5-21-2511364499-3860350569-1670997104-1142","29/08/2016 15:58:04",,,"application","System.UInt32[]","System.Diagnostics.Eventing.Reader.EventBookmark","Information","Info",,"System.Collections.ObjectModel.ReadOnlyCollection`1[System.String]","System.Collections.Generic.List`1[System.Diagnostics.Eventing.Reader.EventProperty]"
"Product: Microsoft Visual C++ 2008 Redistributable - x64 9.0.30729.6161 -- Configuration failed.","11729",,"0","4","0",,"36028797018963968","133409","MsiInstaller",,"Application",,,"COHPMARTIN.gpco.local","S-1-5-21-2511364499-3860350569-1670997104-1142","29/08/2016 15:58:04",,,"application","System.UInt32[]","System.Diagnostics.Eventing.Reader.EventBookmark","Information","Info",,"System.Collections.ObjectModel.ReadOnlyCollection`1[System.String]","System.Collections.Generic.List`1[System.Diagnostics.Eventing.Reader.EventProperty]"
"Beginning a Windows Installer transaction: c:\424fe5ba8744d8d696b8ce\vc_red.msi. Client Process Id: 11984.","1040",,"0","4","0",,"36028797018963968","133408","MsiInstaller",,"Application",,,"COHPMARTIN.gpco.local","S-1-5-21-2511364499-3860350569-1670997104-1142","29/08/2016 15:58:04",,,"application","System.UInt32[]","System.Diagnostics.Eventing.Reader.EventBookmark","Information","Info",,"System.Collections.ObjectModel.ReadOnlyCollection`1[System.String]","System.Collections.Generic.List`1[System.Diagnostics.Eventing.Reader.EventProperty]"
"The computer 'Administrators (built-in)' preference item in the 'Sophos client policy {FBE5DF28-8803-4429-A5C0-B62D2D01C694}' Group Policy Object did not apply because it failed with error code '0x80070534 No mapping between account names and security IDs was done.' This error was suppressed.","4098",,"34305","3","2",,"36028797018963968","133407","Group Policy Local Users and Groups",,"Application",,,"COHPMARTIN.gpco.local","S-1-5-18","29/08/2016 15:13:03",,,"application","System.UInt32[]","System.Diagnostics.Eventing.Reader.EventBookmark","Warning",,,"System.Collections.ObjectModel.ReadOnlyCollection`1[System.String]","System.Collections.Generic.List`1[System.Diagnostics.Eventing.Reader.EventProperty]"
,"0",,"0","4","0",,"36028797018963968","133406","dbupdate",,"Application",,,"COHPMARTIN.gpco.local",,"29/08/2016 14:46:23",,,"application","System.UInt32[]","System.Diagnostics.Eventing.Reader.EventBookmark",,,,,"System.Collections.Generic.List`1[System.Diagnostics.Eventing.Reader.EventProperty]"
,"0",,"0","4","0",,"36028797018963968","133405","dbupdate",,"Application",,,"COHPMARTIN.gpco.local",,"29/08/2016 14:46:22",,,"application","System.UInt32[]","System.Diagnostics.Eventing.Reader.EventBookmark",,,,,"System.Collections.Generic.List`1[System.Diagnostics.Eventing.Reader.EventProperty]"
"The Software Protection service has completed licensing status check.
Application Id=0ff1ce15-a989-479d-af46-f275c6370663
Licensing Status=
1: 3e4294dd-a765-49bc-8dbd-cf8b62a4bd3d, 1, 1 [(0 [0x00000000, 1, 0], [(?)( 1 0x00000000)(?)( 2 0x00000000 3 0 msft:rm/algorithm/hwid/4.0 0x00000000 0)(?)(?)(?)(?)])(1 )(2 )]

","1003","0","16384","4","0","0","36028797018963968","133404","Microsoft-Windows-Security-SPP","e23b33b0-c8c9-472c-a5f9-f2bdfea0f156","Application","0","0","COHPMARTIN.gpco.local",,"29/08/2016 14:19:59",,,"application","System.UInt32[]","System.Diagnostics.Eventing.Reader.EventBookmark","Information",,,"System.Collections.ObjectModel.ReadOnlyCollection`1[System.String]","System.Collections.Generic.List`1[System.Diagnostics.Eventing.Reader.EventProperty]"
"The Software Protection service has completed licensing status check.
Application Id=0ff1ce15-a989-479d-af46-f275c6370663
Licensing Status=
1: 2b88c4f2-ea8f-43cd-805e-4d41346e18a7, 1, 1 [(0 [0x00000000, 1, 0], [(?)( 1 0x00000000)(?)( 2 0x00000000 3 0 msft:rm/algorithm/hwid/4.0 0x00000000 0)(?)(?)(?)(?)])(1 )(2 )]

","1003","0","16384","4","0","0","36028797018963968","133403","Microsoft-Windows-Security-SPP","e23b33b0-c8c9-472c-a5f9-f2bdfea0f156","Application","0","0","COHPMARTIN.gpco.local",,"29/08/2016 14:19:59",,,"application","System.UInt32[]","System.Diagnostics.Eventing.Reader.EventBookmark","Information",,,"System.Collections.ObjectModel.ReadOnlyCollection`1[System.String]","System.Collections.Generic.List`1[System.Diagnostics.Eventing.Reader.EventProperty]"
"The Software Protection service has completed licensing status check.
Application Id=0ff1ce15-a989-479d-af46-f275c6370663
Licensing Status=
1: 26b394d7-7ad7-4aab-8fcc-6ea678395a91, 1, 0 [(0 [0xC004F014, 0, 0], [(?)(?)(?)(?)(?)(?)(?)(?)])(1 )(2 )]
2: 2b88c4f2-ea8f-43cd-805e-4d41346e18a7, 1, 1 [(0 [0x00000000, 1, 0], [(?)( 1 0x00000000)(?)( 2 0x00000000 3 0 msft:rm/algorithm/hwid/4.0 0x00000000 0)(?)(?)(?)(?)])(1 )(2 )]
3: 339a5901-9bde-4f48-a88d-d048a42b54b1, 1, 0 [(0 [0xC004F014, 0, 0], [(?)(?)(?)(?)(?)(?)(?)(?)])(1 )(2 )]
4: 3e4294dd-a765-49bc-8dbd-cf8b62a4bd3d, 1, 1 [(0 [0x00000000, 1, 0], [(?)( 1 0x00000000)(?)( 2 0x00000000 3 0 msft:rm/algorithm/hwid/4.0 0x00000000 0)(?)(?)(?)(?)])(1 )(2 )]
5: 5829fd99-2b17-4be4-9814-381145e49019, 1, 0 [(0 [0xC004F014, 0, 0], [(?)(?)(?)(?)(?)(?)(?)(?)])(1 )(2 )]
6: 596bf8ec-7cab-4a98-83ae-459db70d24e4, 1, 0 [(0 [0xC004F014, 0, 0], [(?)(?)(?)(?)(?)(?)(?)(?)])(1 )(2 )]
7: 60afa663-984d-47a6-ac9c-00346ff5e8f0, 1, 0 [(0 [0xC004F014, 0, 0], [(?)(?)(?)(?)(?)(?)(?)(?)])(1 )(2 )]
8: 6c1bed1d-0273-4045-90d2-e0836f3c380b, 1, 0 [(0 [0xC004F014, 0, 0], [(?)(?)(?)(?)(?)(?)(?)(?)])(1 )(2 )]
9: 70d9ceb6-6dfa-4da4-b413-18c1c3c76e2e, 1, 0 [(0 [0xC004F014, 0, 0], [(?)(?)(?)(?)(?)(?)(?)(?)])(1 )(2 )]
10: 84832881-46ef-4124-8abc-eb493cdcf78e, 1, 0 [(0 [0xC004F014, 0, 0], [(?)(?)(?)(?)(?)(?)(?)(?)])(1 )(2 )]
11: aa64f755-8a7b-4519-bc32-cab66deb92cb, 1, 0 [(0 [0xC004F014, 0, 0], [(?)(?)(?)(?)(?)(?)(?)(?)])(1 )(2 )]
12: b322da9c-a2e2-4058-9e4e-f59a6970bd69, 1, 0 [(0 [0xC004F014, 0, 0], [(?)(?)(?)(?)(?)(?)(?)(?)])(1 )(2 )]
13: c8ce6adc-ede7-4ce2-8e7b-c49f462ab8c3, 1, 0 [(0 [0xC004F014, 0, 0], [(?)(?)(?)(?)(?)(?)(?)(?)])(1 )(2 )]
14: de52bd50-9564-4adc-8fcb-a345c17f84f9, 1, 0 [(0 [0xC004F014, 0, 0], [(?)(?)(?)(?)(?)(?)(?)(?)])(1 )(2 )]
15: e13ac10e-75d0-4aff-a0cd-764982cf541c, 1, 0 [(0 [0xC004F014, 0, 0], [(?)(?)(?)(?)(?)(?)(?)(?)])(1 )(2 )]
16: e1fef7e5-6886-458c-8e45-7c1e9daab00c, 1, 0 [(0 [0xC004F014, 0, 0], [(?)(?)(?)(?)(?)(?)(?)(?)])(1 )(2 )]

","1003","0","16384","4","0","0","36028797018963968","133402","Microsoft-Windows-Security-SPP","e23b33b0-c8c9-472c-a5f9-f2bdfea0f156","Application","0","0","COHPMARTIN.gpco.local",,"29/08/2016 14:19:59",,,"application","System.UInt32[]","System.Diagnostics.Eventing.Reader.EventBookmark","Information",,,"System.Collections.ObjectModel.ReadOnlyCollection`1[System.String]","System.Collections.Generic.List`1[System.Diagnostics.Eventing.Reader.EventProperty]"
"The Software Protection service has completed licensing status check.
Application Id=0ff1ce15-a989-479d-af46-f275c6370663
Licensing Status=
1: 3e4294dd-a765-49bc-8dbd-cf8b62a4bd3d, 1, 1 [(0 [0x00000000, 1, 0], [(?)( 1 0x00000000)(?)( 2 0x00000000 3 0 msft:rm/algorithm/hwid/4.0 0x00000000 0)(?)(?)(?)(?)])(1 )(2 )]

","1003","0","16384","4","0","0","36028797018963968","133401","Microsoft-Windows-Security-SPP","e23b33b0-c8c9-472c-a5f9-f2bdfea0f156","Application","0","0","COHPMARTIN.gpco.local",,"29/08/2016 14:15:47",,,"application","System.UInt32[]","System.Diagnostics.Eventing.Reader.EventBookmark","Information",,,"System.Collections.ObjectModel.ReadOnlyCollection`1[System.String]","System.Collections.Generic.List`1[System.Diagnostics.Eventing.Reader.EventProperty]"
"The Software Protection service has completed licensing status check.
Application Id=0ff1ce15-a989-479d-af46-f275c6370663
Licensing Status=
1: 2b88c4f2-ea8f-43cd-805e-4d41346e18a7, 1, 1 [(0 [0x00000000, 1, 0], [(?)( 1 0x00000000)(?)( 2 0x00000000 3 0 msft:rm/algorithm/hwid/4.0 0x00000000 0)(?)(?)(?)(?)])(1 )(2 )]

","1003","0","16384","4","0","0","36028797018963968","133400","Microsoft-Windows-Security-SPP","e23b33b0-c8c9-472c-a5f9-f2bdfea0f156","Application","0","0","COHPMARTIN.gpco.local",,"29/08/2016 14:15:47",,,"application","System.UInt32[]","System.Diagnostics.Eventing.Reader.EventBookmark","Information",,,"System.Collections.ObjectModel.ReadOnlyCollection`1[System.String]","System.Collections.Generic.List`1[System.Diagnostics.Eventing.Reader.EventProperty]"
"The Software Protection service has completed licensing status check.
Application Id=0ff1ce15-a989-479d-af46-f275c6370663
Licensing Status=
1: 26b394d7-7ad7-4aab-8fcc-6ea678395a91, 1, 0 [(0 [0xC004F014, 0, 0], [(?)(?)(?)(?)(?)(?)(?)(?)])(1 )(2 )]
2: 2b88c4f2-ea8f-43cd-805e-4d41346e18a7, 1, 1 [(0 [0x00000000, 1, 0], [(?)( 1 0x00000000)(?)( 2 0x00000000 3 0 msft:rm/algorithm/hwid/4.0 0x00000000 0)(?)(?)(?)(?)])(1 )(2 )]
3: 339a5901-9bde-4f48-a88d-d048a42b54b1, 1, 0 [(0 [0xC004F014, 0, 0], [(?)(?)(?)(?)(?)(?)(?)(?)])(1 )(2 )]
4: 3e4294dd-a765-49bc-8dbd-cf8b62a4bd3d, 1, 1 [(0 [0x00000000, 1, 0], [(?)( 1 0x00000000)(?)( 2 0x00000000 3 0 msft:rm/algorithm/hwid/4.0 0x00000000 0)(?)(?)(?)(?)])(1 )(2 )]
5: 5829fd99-2b17-4be4-9814-381145e49019, 1, 0 [(0 [0xC004F014, 0, 0], [(?)(?)(?)(?)(?)(?)(?)(?)])(1 )(2 )]
6: 596bf8ec-7cab-4a98-83ae-459db70d24e4, 1, 0 [(0 [0xC004F014, 0, 0], [(?)(?)(?)(?)(?)(?)(?)(?)])(1 )(2 )]
7: 60afa663-984d-47a6-ac9c-00346ff5e8f0, 1, 0 [(0 [0xC004F014, 0, 0], [(?)(?)(?)(?)(?)(?)(?)(?)])(1 )(2 )]
8: 6c1bed1d-0273-4045-90d2-e0836f3c380b, 1, 0 [(0 [0xC004F014, 0, 0], [(?)(?)(?)(?)(?)(?)(?)(?)])(1 )(2 )]
9: 70d9ceb6-6dfa-4da4-b413-18c1c3c76e2e, 1, 0 [(0 [0xC004F014, 0, 0], [(?)(?)(?)(?)(?)(?)(?)(?)])(1 )(2 )]
10: 84832881-46ef-4124-8abc-eb493cdcf78e, 1, 0 [(0 [0xC004F014, 0, 0], [(?)(?)(?)(?)(?)(?)(?)(?)])(1 )(2 )]
11: aa64f755-8a7b-4519-bc32-cab66deb92cb, 1, 0 [(0 [0xC004F014, 0, 0], [(?)(?)(?)(?)(?)(?)(?)(?)])(1 )(2 )]
12: b322da9c-a2e2-4058-9e4e-f59a6970bd69, 1, 0 [(0 [0xC004F014, 0, 0], [(?)(?)(?)(?)(?)(?)(?)(?)])(1 )(2 )]
13: c8ce6adc-ede7-4ce2-8e7b-c49f462ab8c3, 1, 0 [(0 [0xC004F014, 0, 0], [(?)(?)(?)(?)(?)(?)(?)(?)])(1 )(2 )]
14: de52bd50-9564-4adc-8fcb-a345c17f84f9, 1, 0 [(0 [0xC004F014, 0, 0], [(?)(?)(?)(?)(?)(?)(?)(?)])(1 )(2 )]
15: e13ac10e-75d0-4aff-a0cd-764982cf541c, 1, 0 [(0 [0xC004F014, 0, 0], [(?)(?)(?)(?)(?)(?)(?)(?)])(1 )(2 )]
16: e1fef7e5-6886-458c-8e45-7c1e9daab00c, 1, 0 [(0 [0xC004F014, 0, 0], [(?)(?)(?)(?)(?)(?)(?)(?)])(1 )(2 )]

","1003","0","16384","4","0","0","36028797018963968","133399","Microsoft-Windows-Security-SPP","e23b33b0-c8c9-472c-a5f9-f2bdfea0f156","Application","0","0","COHPMARTIN.gpco.local",,"29/08/2016 14:15:47",,,"application","System.UInt32[]","System.Diagnostics.Eventing.Reader.EventBookmark","Information",,,"System.Collections.ObjectModel.ReadOnlyCollection`1[System.String]","System.Collections.Generic.List`1[System.Diagnostics.Eventing.Reader.EventProperty]"
"Fault bucket 120434477476, type 4
Event Name: APPCRASH
Response: Not available
Cab Id: 0

Problem signature:
P1: explorer.exe
P2: 6.3.9600.18231
P3: 56b8c9f1
P4: MSVCR80.dll
P5: 8.0.50727.8428
P6: 520b0ac2
P7: c0000005
P8: 000000000001eb59
P9: 
P10: 

Attached files:
C:\Users\pmartin\AppData\Local\Temp\WER1409.tmp.appcompat.txt
C:\Users\pmartin\AppData\Local\Temp\WER141A.tmp.WERInternalMetadata.xml
C:\Users\pmartin\AppData\Local\Microsoft\Windows\WER\ReportQueue\AppCrash_explorer.exe_ce5add7382b5e8489abacc295f37a3a227f6f1d_f9ec8dbb_cab_07e11427\memory.hdmp
C:\Users\pmartin\AppData\Local\Microsoft\Windows\WER\ReportQueue\AppCrash_explorer.exe_ce5add7382b5e8489abacc295f37a3a227f6f1d_f9ec8dbb_cab_07e11427\triagedump.dmp

These files may be available here:
C:\Users\pmartin\AppData\Local\Microsoft\Windows\WER\ReportArchive\AppCrash_explorer.exe_ce5add7382b5e8489abacc295f37a3a227f6f1d_f9ec8dbb_07e18e0a

Analysis symbol: 
Rechecking for solution: 0
Report Id: e1984038-6de1-11e6-82c5-f81654624463
Report Status: 0
Hashed bucket: dec91afec3b74e40d80a9125712a75f0","1001",,"0","4","0",,"36028797018963968","133398","Windows Error Reporting",,"Application",,,"COHPMARTIN.gpco.local",,"29/08/2016 14:13:12",,,"application","System.UInt32[]","System.Diagnostics.Eventing.Reader.EventBookmark","Information","Info",,"System.Collections.ObjectModel.ReadOnlyCollection`1[System.String]","System.Collections.Generic.List`1[System.Diagnostics.Eventing.Reader.EventProperty]"
"The shell stopped unexpectedly and explorer.exe was restarted.","1002","0","16384","4","0","0","36028797018963968","133397","Microsoft-Windows-Winlogon","dbe9b383-7cf3-4331-91cc-a3cb16a3b538","Application","0","0","COHPMARTIN.gpco.local",,"29/08/2016 14:13:11",,,"application","System.UInt32[]","System.Diagnostics.Eventing.Reader.EventBookmark","Information",,,"System.Collections.ObjectModel.ReadOnlyCollection`1[System.String]","System.Collections.Generic.List`1[System.Diagnostics.Eventing.Reader.EventProperty]"
"Fault bucket , type 0
Event Name: APPCRASH
Response: Not available
Cab Id: 0

Problem signature:
P1: explorer.exe
P2: 6.3.9600.18231
P3: 56b8c9f1
P4: MSVCR80.dll
P5: 8.0.50727.8428
P6: 520b0ac2
P7: c0000005
P8: 000000000001eb59
P9: 
P10: 

Attached files:
C:\Users\pmartin\AppData\Local\Temp\WER1409.tmp.appcompat.txt
C:\Users\pmartin\AppData\Local\Temp\WER141A.tmp.WERInternalMetadata.xml
C:\Users\pmartin\AppData\Local\Microsoft\Windows\WER\ReportQueue\AppCrash_explorer.exe_ce5add7382b5e8489abacc295f37a3a227f6f1d_f9ec8dbb_cab_07e11427\memory.hdmp
C:\Users\pmartin\AppData\Local\Microsoft\Windows\WER\ReportQueue\AppCrash_explorer.exe_ce5add7382b5e8489abacc295f37a3a227f6f1d_f9ec8dbb_cab_07e11427\triagedump.dmp

These files may be available here:
C:\Users\pmartin\AppData\Local\Microsoft\Windows\WER\ReportQueue\AppCrash_explorer.exe_ce5add7382b5e8489abacc295f37a3a227f6f1d_f9ec8dbb_cab_07e11427

Analysis symbol: 
Rechecking for solution: 0
Report Id: e1984038-6de1-11e6-82c5-f81654624463
Report Status: 4
Hashed bucket: ","1001",,"0","4","0",,"36028797018963968","133396","Windows Error Reporting",,"Application",,,"COHPMARTIN.gpco.local",,"29/08/2016 14:13:10",,,"application","System.UInt32[]","System.Diagnostics.Eventing.Reader.EventBookmark","Information","Info",,"System.Collections.ObjectModel.ReadOnlyCollection`1[System.String]","System.Collections.Generic.List`1[System.Diagnostics.Eventing.Reader.EventProperty]"
"Faulting application name: explorer.exe, version: 6.3.9600.18231, time stamp: 0x56b8c9f1
Faulting module name: MSVCR80.dll, version: 8.0.50727.8428, time stamp: 0x520b0ac2
Exception code: 0xc0000005
Fault offset: 0x000000000001eb59
Faulting process id: 0x27c8
Faulting application start time: 0x01d201ee86b8a6bb
Faulting application path: C:\windows\explorer.exe
Faulting module path: C:\windows\WinSxS\amd64_microsoft.vc80.crt_1fc8b3b9a1e18e3b_8.0.50727.8428_none_88dcdb0b2fb19957\MSVCR80.dll
Report Id: e1984038-6de1-11e6-82c5-f81654624463
Faulting package full name: 
Faulting package-relative application ID: ","1000",,"0","2","100",,"36028797018963968","133395","Application Error",,"Application",,,"COHPMARTIN.gpco.local",,"29/08/2016 14:12:41",,,"application","System.UInt32[]","System.Diagnostics.Eventing.Reader.EventBookmark","Error","Info","Application Crashing Events","System.Collections.ObjectModel.ReadOnlyCollection`1[System.String]","System.Collections.Generic.List`1[System.Diagnostics.Eventing.Reader.EventProperty]"
"Fault bucket 120434477476, type 4
Event Name: APPCRASH
Response: Not available
Cab Id: 0

Problem signature:
P1: Explorer.EXE
P2: 6.3.9600.18231
P3: 56b8c9f1
P4: MSVCR80.dll
P5: 8.0.50727.8428
P6: 520b0ac2
P7: c0000005
P8: 000000000001eb59
P9: 
P10: 

Attached files:
C:\Users\pmartin\AppData\Local\Temp\WER6252.tmp.appcompat.txt
C:\Users\pmartin\AppData\Local\Temp\WER63E9.tmp.WERInternalMetadata.xml
C:\Users\pmartin\AppData\Local\Microsoft\Windows\WER\ReportQueue\AppCrash_Explorer.EXE_93faa8b5445926fa658edfb7eca8156104569_ba052694_cab_12af6445\memory.hdmp
C:\Users\pmartin\AppData\Local\Microsoft\Windows\WER\ReportQueue\AppCrash_Explorer.EXE_93faa8b5445926fa658edfb7eca8156104569_ba052694_cab_12af6445\triagedump.dmp

These files may be available here:
C:\Users\pmartin\AppData\Local\Microsoft\Windows\WER\ReportArchive\AppCrash_Explorer.EXE_93faa8b5445926fa658edfb7eca8156104569_ba052694_12a85859

