","1003","0","16384","4","0","0","36028797018963968","133328","Microsoft-Windows-Security-SPP","e23b33b0-c8c9-472c-a5f9-f2bdfea0f156","Application","0","0","COHPMARTIN.gpco.local",,"29/08/2016 09:25:24",,,"application","System.UInt32[]","System.Diagnostics.Eventing.Reader.EventBookmark","Information",,,"System.Collections.ObjectModel.ReadOnlyCollection`1[System.String]","System.Collections.Generic.List`1[System.Diagnostics.Eventing.Reader.EventProperty]"
"The Software Protection service has completed licensing status check.
Application Id=0ff1ce15-a989-479d-af46-f275c6370663
Licensing Status=
1: 2b88c4f2-ea8f-43cd-805e-4d41346e18a7, 1, 1 [(0 [0x00000000, 1, 0], [(?)( 1 0x00000000)(?)( 2 0x00000000 3 0 msft:rm/algorithm/hwid/4.0 0x00000000 0)(?)(?)(?)(?)])(1 )(2 )]

","1003","0","16384","4","0","0","36028797018963968","133327","Microsoft-Windows-Security-SPP","e23b33b0-c8c9-472c-a5f9-f2bdfea0f156","Application","0","0","COHPMARTIN.gpco.local",,"29/08/2016 09:25:24",,,"application","System.UInt32[]","System.Diagnostics.Eventing.Reader.EventBookmark","Information",,,"System.Collections.ObjectModel.ReadOnlyCollection`1[System.String]","System.Collections.Generic.List`1[System.Diagnostics.Eventing.Reader.EventProperty]"
"The Software Protection service has completed licensing status check.
Application Id=0ff1ce15-a989-479d-af46-f275c6370663
Licensing Status=
1: 26b394d7-7ad7-4aab-8fcc-6ea678395a91, 1, 0 [(0 [0xC004F014, 0, 0], [(?)(?)(?)(?)(?)(?)(?)(?)])(1 )(2 )]
2: 2b88c4f2-ea8f-43cd-805e-4d41346e18a7, 1, 1 [(0 [0x00000000, 1, 0], [(?)( 1 0x00000000)(?)( 2 0x00000000 3 0 msft:rm/algorithm/hwid/4.0 0x00000000 0)(?)(?)(?)(?)])(1 )(2 )]
3: 339a5901-9bde-4f48-a88d-d048a42b54b1, 1, 0 [(0 [0xC004F014, 0, 0], [(?)(?)(?)(?)(?)(?)(?)(?)])(1 )(2 )]
4: 3e4294dd-a765-49bc-8dbd-cf8b62a4bd3d, 1, 1 [(0 [0x00000000, 1, 0], [(?)( 1 0x00000000)(?)( 2 0x00000000 3 0 msft:rm/algorithm/hwid/4.0 0x00000000 0)(?)(?)(?)(?)])(1 )(2 )]
5: 5829fd99-2b17-4be4-9814-381145e49019, 1, 0 [(0 [0xC004F014, 0, 0], [(?)(?)(?)(?)(?)(?)(?)(?)])(1 )(2 )]
6: 596bf8ec-7cab-4a98-83ae-459db70d24e4, 1, 0 [(0 [0xC004F014, 0, 0], [(?)(?)(?)(?)(?)(?)(?)(?)])(1 )(2 )]
7: 60afa663-984d-47a6-ac9c-00346ff5e8f0, 1, 0 [(0 [0xC004F014, 0, 0], [(?)(?)(?)(?)(?)(?)(?)(?)])(1 )(2 )]
8: 6c1bed1d-0273-4045-90d2-e0836f3c380b, 1, 0 [(0 [0xC004F014, 0, 0], [(?)(?)(?)(?)(?)(?)(?)(?)])(1 )(2 )]
9: 70d9ceb6-6dfa-4da4-b413-18c1c3c76e2e, 1, 0 [(0 [0xC004F014, 0, 0], [(?)(?)(?)(?)(?)(?)(?)(?)])(1 )(2 )]
10: 84832881-46ef-4124-8abc-eb493cdcf78e, 1, 0 [(0 [0xC004F014, 0, 0], [(?)(?)(?)(?)(?)(?)(?)(?)])(1 )(2 )]
11: aa64f755-8a7b-4519-bc32-cab66deb92cb, 1, 0 [(0 [0xC004F014, 0, 0], [(?)(?)(?)(?)(?)(?)(?)(?)])(1 )(2 )]
12: b322da9c-a2e2-4058-9e4e-f59a6970bd69, 1, 0 [(0 [0xC004F014, 0, 0], [(?)(?)(?)(?)(?)(?)(?)(?)])(1 )(2 )]
13: c8ce6adc-ede7-4ce2-8e7b-c49f462ab8c3, 1, 0 [(0 [0xC004F014, 0, 0], [(?)(?)(?)(?)(?)(?)(?)(?)])(1 )(2 )]
14: de52bd50-9564-4adc-8fcb-a345c17f84f9, 1, 0 [(0 [0xC004F014, 0, 0], [(?)(?)(?)(?)(?)(?)(?)(?)])(1 )(2 )]
15: e13ac10e-75d0-4aff-a0cd-764982cf541c, 1, 0 [(0 [0xC004F014, 0, 0], [(?)(?)(?)(?)(?)(?)(?)(?)])(1 )(2 )]
16: e1fef7e5-6886-458c-8e45-7c1e9daab00c, 1, 0 [(0 [0xC004F014, 0, 0], [(?)(?)(?)(?)(?)(?)(?)(?)])(1 )(2 )]

","1003","0","16384","4","0","0","36028797018963968","133326","Microsoft-Windows-Security-SPP","e23b33b0-c8c9-472c-a5f9-f2bdfea0f156","Application","0","0","COHPMARTIN.gpco.local",,"29/08/2016 09:25:24",,,"application","System.UInt32[]","System.Diagnostics.Eventing.Reader.EventBookmark","Information",,,"System.Collections.ObjectModel.ReadOnlyCollection`1[System.String]","System.Collections.Generic.List`1[System.Diagnostics.Eventing.Reader.EventProperty]"
"Outlook loaded the following add-in(s):


Name: Microsoft Exchange Add-in
Description: Exchange support for Unified Messaging, e-mail permission rules, and calendar availability.
ProgID: UmOutlookAddin.FormRegionAddin
GUID: {F959DBBB-3867-41F2-8E5F-3B8BEFAA81B3}
Load Behavior: 3
HKLM: 1
Location: C:\Program Files (x86)\Microsoft Office\Office15\ADDINS\UmOutlookAddin.dll
Boot Time (Milliseconds): 31

Name: Skype Meeting Add-in for Microsoft Office 2013
Description: Skype Meeting Add-in for Microsoft Office 2013
ProgID: UCAddin.LyncAddin.1
GUID: {A6A2383F-AD50-4D52-8110-3508275E77F7}
Load Behavior: 3
HKLM: 1
Location: C:\Program Files (x86)\Microsoft Office\Office15\UCAddin.dll
Boot Time (Milliseconds): 31

Name: TeamViewer Meeting Add-In
Description: 
ProgID: TeamViewerMeetingAddIn.AddIn
GUID: {2D702E20-B8A1-4C0B-A218-32223CE86EA1}
Load Behavior: 3
HKLM: 1
Location: C:\Program Files (x86)\TeamViewer\outlook\TeamViewerMeetingAddinShim.dll
Boot Time (Milliseconds): 422

Name: Outlook Social Connector 2013
Description: Connects to social networking sites and provides people, activity, and status information.
ProgID: OscAddin.Connect
GUID: {2163EB1F-3FD9-4212-A41F-81D1F933597F}
Load Behavior: 3
HKLM: 1
Location: C:\Program Files (x86)\Microsoft Office\Office15\SOCIALCONNECTOR.DLL
Boot Time (Milliseconds): 16

Name: OneNote Notes about Outlook Items
Description: Adds Send to OneNote and Notes about this Item buttons to the command bar
ProgID: OneNote.OutlookAddin
GUID: {93E5752E-B889-47C5-8545-654EE2533C64}
Load Behavior: 3
HKLM: 1
Location: C:\Program Files (x86)\Microsoft Office\Office15\ONBttnOL.dll
Boot Time (Milliseconds): 16

Name: Conversation History Add-in for Microsoft Office 2013
Description: Conversation History Add-in for Microsoft Office 2013
ProgID: OcOffice.OcForms
GUID: {2CD5239C-7739-42F1-9C94-2A8E24A9BBD9}
Load Behavior: 3
HKLM: 0
Location: C:\Program Files (x86)\Microsoft Office\Office15\OcOffice.dll
Boot Time (Milliseconds): 15

Name: Microsoft SharePoint Server Colleague Import Add-in
Description: The Add-in allows Microsoft SharePoint Server to import colleague suggestions based on your Outlook content
ProgID: ColleagueImport.ColleagueImportAddin
GUID: {EFEF7FDB-0CED-4FB6-B3BB-3C50D39F4120}
Load Behavior: 3
HKLM: 0
Location: C:\Program Files (x86)\Microsoft Office\Office15\ADDINS\ColleagueImport.dll
Boot Time (Milliseconds): 0
","45",,"16384","4","0",,"36028797018963968","133325","Outlook",,"Application",,,"COHPMARTIN.gpco.local",,"29/08/2016 09:25:24",,,"application","System.UInt32[]","System.Diagnostics.Eventing.Reader.EventBookmark","Information",,,"System.Collections.ObjectModel.ReadOnlyCollection`1[System.String]","System.Collections.Generic.List`1[System.Diagnostics.Eventing.Reader.EventProperty]"
"The Exchange web service request GetAppManifests succeeded. ","63",,"16384","4","0",,"36028797018963968","133324","Outlook",,"Application",,,"COHPMARTIN.gpco.local",,"29/08/2016 09:25:20",,,"application","System.UInt32[]","System.Diagnostics.Eventing.Reader.EventBookmark","Information",,,"System.Collections.ObjectModel.ReadOnlyCollection`1[System.String]","System.Collections.Generic.List`1[System.Diagnostics.Eventing.Reader.EventProperty]"
"The Software Protection service has completed licensing status check.
Application Id=0ff1ce15-a989-479d-af46-f275c6370663
Licensing Status=
1: 3e4294dd-a765-49bc-8dbd-cf8b62a4bd3d, 1, 1 [(0 [0x00000000, 1, 0], [(?)( 1 0x00000000)(?)( 2 0x00000000 3 0 msft:rm/algorithm/hwid/4.0 0x00000000 0)(?)(?)(?)(?)])(1 )(2 )]

","1003","0","16384","4","0","0","36028797018963968","133323","Microsoft-Windows-Security-SPP","e23b33b0-c8c9-472c-a5f9-f2bdfea0f156","Application","0","0","COHPMARTIN.gpco.local",,"29/08/2016 09:25:18",,,"application","System.UInt32[]","System.Diagnostics.Eventing.Reader.EventBookmark","Information",,,"System.Collections.ObjectModel.ReadOnlyCollection`1[System.String]","System.Collections.Generic.List`1[System.Diagnostics.Eventing.Reader.EventProperty]"
"The Software Protection service has completed licensing status check.
Application Id=0ff1ce15-a989-479d-af46-f275c6370663
Licensing Status=
1: 2b88c4f2-ea8f-43cd-805e-4d41346e18a7, 1, 1 [(0 [0x00000000, 1, 0], [(?)( 1 0x00000000)(?)( 2 0x00000000 3 0 msft:rm/algorithm/hwid/4.0 0x00000000 0)(?)(?)(?)(?)])(1 )(2 )]

","1003","0","16384","4","0","0","36028797018963968","133322","Microsoft-Windows-Security-SPP","e23b33b0-c8c9-472c-a5f9-f2bdfea0f156","Application","0","0","COHPMARTIN.gpco.local",,"29/08/2016 09:25:18",,,"application","System.UInt32[]","System.Diagnostics.Eventing.Reader.EventBookmark","Information",,,"System.Collections.ObjectModel.ReadOnlyCollection`1[System.String]","System.Collections.Generic.List`1[System.Diagnostics.Eventing.Reader.EventProperty]"
"The Software Protection service has completed licensing status check.
Application Id=0ff1ce15-a989-479d-af46-f275c6370663
Licensing Status=
1: 26b394d7-7ad7-4aab-8fcc-6ea678395a91, 1, 0 [(0 [0xC004F014, 0, 0], [(?)(?)(?)(?)(?)(?)(?)(?)])(1 )(2 )]
2: 2b88c4f2-ea8f-43cd-805e-4d41346e18a7, 1, 1 [(0 [0x00000000, 1, 0], [(?)( 1 0x00000000)(?)( 2 0x00000000 3 0 msft:rm/algorithm/hwid/4.0 0x00000000 0)(?)(?)(?)(?)])(1 )(2 )]
3: 339a5901-9bde-4f48-a88d-d048a42b54b1, 1, 0 [(0 [0xC004F014, 0, 0], [(?)(?)(?)(?)(?)(?)(?)(?)])(1 )(2 )]
4: 3e4294dd-a765-49bc-8dbd-cf8b62a4bd3d, 1, 1 [(0 [0x00000000, 1, 0], [(?)( 1 0x00000000)(?)( 2 0x00000000 3 0 msft:rm/algorithm/hwid/4.0 0x00000000 0)(?)(?)(?)(?)])(1 )(2 )]
5: 5829fd99-2b17-4be4-9814-381145e49019, 1, 0 [(0 [0xC004F014, 0, 0], [(?)(?)(?)(?)(?)(?)(?)(?)])(1 )(2 )]
6: 596bf8ec-7cab-4a98-83ae-459db70d24e4, 1, 0 [(0 [0xC004F014, 0, 0], [(?)(?)(?)(?)(?)(?)(?)(?)])(1 )(2 )]
7: 60afa663-984d-47a6-ac9c-00346ff5e8f0, 1, 0 [(0 [0xC004F014, 0, 0], [(?)(?)(?)(?)(?)(?)(?)(?)])(1 )(2 )]
8: 6c1bed1d-0273-4045-90d2-e0836f3c380b, 1, 0 [(0 [0xC004F014, 0, 0], [(?)(?)(?)(?)(?)(?)(?)(?)])(1 )(2 )]
9: 70d9ceb6-6dfa-4da4-b413-18c1c3c76e2e, 1, 0 [(0 [0xC004F014, 0, 0], [(?)(?)(?)(?)(?)(?)(?)(?)])(1 )(2 )]
10: 84832881-46ef-4124-8abc-eb493cdcf78e, 1, 0 [(0 [0xC004F014, 0, 0], [(?)(?)(?)(?)(?)(?)(?)(?)])(1 )(2 )]
11: aa64f755-8a7b-4519-bc32-cab66deb92cb, 1, 0 [(0 [0xC004F014, 0, 0], [(?)(?)(?)(?)(?)(?)(?)(?)])(1 )(2 )]
12: b322da9c-a2e2-4058-9e4e-f59a6970bd69, 1, 0 [(0 [0xC004F014, 0, 0], [(?)(?)(?)(?)(?)(?)(?)(?)])(1 )(2 )]
13: c8ce6adc-ede7-4ce2-8e7b-c49f462ab8c3, 1, 0 [(0 [0xC004F014, 0, 0], [(?)(?)(?)(?)(?)(?)(?)(?)])(1 )(2 )]
14: de52bd50-9564-4adc-8fcb-a345c17f84f9, 1, 0 [(0 [0xC004F014, 0, 0], [(?)(?)(?)(?)(?)(?)(?)(?)])(1 )(2 )]
15: e13ac10e-75d0-4aff-a0cd-764982cf541c, 1, 0 [(0 [0xC004F014, 0, 0], [(?)(?)(?)(?)(?)(?)(?)(?)])(1 )(2 )]
16: e1fef7e5-6886-458c-8e45-7c1e9daab00c, 1, 0 [(0 [0xC004F014, 0, 0], [(?)(?)(?)(?)(?)(?)(?)(?)])(1 )(2 )]

","1003","0","16384","4","0","0","36028797018963968","133321","Microsoft-Windows-Security-SPP","e23b33b0-c8c9-472c-a5f9-f2bdfea0f156","Application","0","0","COHPMARTIN.gpco.local",,"29/08/2016 09:25:18",,,"application","System.UInt32[]","System.Diagnostics.Eventing.Reader.EventBookmark","Information",,,"System.Collections.ObjectModel.ReadOnlyCollection`1[System.String]","System.Collections.Generic.List`1[System.Diagnostics.Eventing.Reader.EventProperty]"
"Hardware has changed from previous boot.
 AppId=0ff1ce15-a989-479d-af46-f275c6370663, SkuId=3e4294dd-a765-49bc-8dbd-cf8b62a4bd3d.","1040","0","16384","4","0","0","36028797018963968","133320","Microsoft-Windows-Security-SPP","e23b33b0-c8c9-472c-a5f9-f2bdfea0f156","Application","0","0","COHPMARTIN.gpco.local",,"29/08/2016 09:25:18",,,"application","System.UInt32[]","System.Diagnostics.Eventing.Reader.EventBookmark","Information",,,"System.Collections.ObjectModel.ReadOnlyCollection`1[System.String]","System.Collections.Generic.List`1[System.Diagnostics.Eventing.Reader.EventProperty]"
"Hardware has changed from previous boot.
 AppId=0ff1ce15-a989-479d-af46-f275c6370663, SkuId=2b88c4f2-ea8f-43cd-805e-4d41346e18a7.","1040","0","16384","4","0","0","36028797018963968","133319","Microsoft-Windows-Security-SPP","e23b33b0-c8c9-472c-a5f9-f2bdfea0f156","Application","0","0","COHPMARTIN.gpco.local",,"29/08/2016 09:25:17",,,"application","System.UInt32[]","System.Diagnostics.Eventing.Reader.EventBookmark","Information",,,"System.Collections.ObjectModel.ReadOnlyCollection`1[System.String]","System.Collections.Generic.List`1[System.Diagnostics.Eventing.Reader.EventProperty]"
"The Software Protection service has started.
6.3.9600.17809","902","0","16384","0","0","0","36028797018963968","133318","Microsoft-Windows-Security-SPP","e23b33b0-c8c9-472c-a5f9-f2bdfea0f156","Application","0","0","COHPMARTIN.gpco.local",,"29/08/2016 09:25:17",,,"application","System.UInt32[]","System.Diagnostics.Eventing.Reader.EventBookmark","Information",,,"System.Collections.ObjectModel.ReadOnlyCollection`1[System.String]","System.Collections.Generic.List`1[System.Diagnostics.Eventing.Reader.EventProperty]"
"The Software Protection service has completed licensing status check.
Application Id=55c92734-d682-4d71-983e-d6ec3f16059f
Licensing Status=
1: 05e80e9f-93e3-4433-8b6d-bac4ae66d7bc, 1, 0 [(0 [0xC004F014, 0, 0], [(?)(?)(?)(?)(?)(?)(?)(?)])(1 )(2 )]
2: 0724cb7d-3437-4cb7-93cb-830375d0079d, 1, 0 [(0 [0xC004F014, 0, 0], [(?)(?)(?)(?)(?)(?)(?)(?)])(1 )(2 )]
3: 0cdc4d08-6df6-4eb4-b5b4-a373c3e351e7, 1, 0 [(0 [0xC004F014, 0, 0], [(?)(?)(?)(?)(?)(?)(?)(?)])(1 )(2 )]
4: 29d0b60f-66da-4858-bcaf-9eb513cd310d, 1, 0 [(0 [0xC004F014, 0, 0], [(?)(?)(?)(?)(?)(?)(?)(?)])(1 )(2 )]
5: 2c293c26-a45a-4a2a-a350-c69a67097529, 1, 0 [(0 [0xC004F014, 0, 0], [(?)(?)(?)(?)(?)(?)(?)(?)])(1 )(2 )]
6: 354d964a-56e7-43c5-a93f-287a7a750bd4, 1, 0 [(0 [0xC004F014, 0, 0], [(?)(?)(?)(?)(?)(?)(?)(?)])(1 )(2 )]
7: 4614b66f-a1d7-441c-9731-23f22d0ff4e5, 1, 0 [(0 [0xC004F014, 0, 0], [(?)(?)(?)(?)(?)(?)(?)(?)])(1 )(2 )]
8: 51b43152-a885-432f-a1cb-a575ca416784, 1, 0 [(0 [0xC004F014, 0, 0], [(?)(?)(?)(?)(?)(?)(?)(?)])(1 )(2 )]
9: 613d217f-7f13-4268-9907-1662339531cd, 1, 0 [(0 [0xC004F014, 0, 0], [(?)(?)(?)(?)(?)(?)(?)(?)])(1 )(2 )]
10: 763fe1c2-d40f-4f3c-9a28-7a3af6f0d987, 1, 1 [(0 [0x00000000, 1, 0], [(?)( 1 0x00000000)(?)( 2 0x00000000 0 0 msft:rm/algorithm/hwid/4.0 0x00000000 0)(?)(?)( 10 0x00000000 msft:rm/algorithm/flags/1.0)(?)])(1 )(2 )]
11: 7f71c90a-6279-4274-b398-37f7e9019dd4, 1, 0 [(0 [0xC004F014, 0, 0], [(?)(?)(?)(?)(?)(?)(?)(?)])(1 )(2 )]
12: 8da2dfae-e4f5-4e6a-9272-96f8470e033e, 1, 0 [(0 [0xC004F014, 0, 0], [(?)(?)(?)(?)(?)(?)(?)(?)])(1 )(2 )]
13: 9e473b6d-b591-4c46-9c44-90a865f22e76, 1, 0 [(0 [0xC004F014, 0, 0], [(?)(?)(?)(?)(?)(?)(?)(?)])(1 )(2 )]
14: bbc56067-37f8-49dd-87b2-a418a9ba130a, 1, 0 [(0 [0xC004F014, 0, 0], [(?)(?)(?)(?)(?)(?)(?)(?)])(1 )(2 )]
15: bd3762d7-270d-4760-8fb3-d829ca45278a, 1, 0 [(0 [0xC004F014, 0, 0], [(?)(?)(?)(?)(?)(?)(?)(?)])(1 )(2 )]
16: c06b6981-d7fd-4a35-b7b4-054742b7af67, 1, 0 [(0 [0xC004F014, 0, 0], [(?)(?)(?)(?)(?)(?)(?)(?)])(1 )(2 )]
17: d03e843c-9044-4cd4-b5eb-78a9586b5598, 1, 0 [(0 [0xC004F014, 0, 0], [(?)(?)(?)(?)(?)(?)(?)(?)])(1 )(2 )]
18: 4a8149bb-7d61-49f4-8822-82c7bf88d64b, 1, 0 [(0 [0xC004F014, 0, 0], [(?)(?)(?)(?)(?)(?)(?)(?)])(1 )(2 )]
19: ec67814b-30e6-4a50-bf7b-d55daf729d1e, 1, 0 [(0 [0xC004F014, 0, 0], [(?)(?)(?)(?)(?)(?)(?)(?)])(1 )(2 )]

","1003","0","16384","4","0","0","36028797018963968","133317","Microsoft-Windows-Security-SPP","e23b33b0-c8c9-472c-a5f9-f2bdfea0f156","Application","0","0","COHPMARTIN.gpco.local",,"29/08/2016 09:25:17",,,"application","System.UInt32[]","System.Diagnostics.Eventing.Reader.EventBookmark","Information",,,"System.Collections.ObjectModel.ReadOnlyCollection`1[System.String]","System.Collections.Generic.List`1[System.Diagnostics.Eventing.Reader.EventProperty]"
"Initialization status for service objects.
C:\windows\system32\sppwinob.dll, msft:spp/windowsfunctionality/agent/7.0, 0x00000000, 0x00000000
C:\windows\system32\sppobjs.dll, msft:rm/algorithm/inherited/1.0, 0x00000000, 0x00000000
C:\windows\system32\sppobjs.dll, msft:rm/algorithm/phone/1.0, 0x00000000, 0x00000000
C:\windows\system32\sppobjs.dll, msft:rm/algorithm/pkey/detect, 0x00000000, 0x00000000
C:\windows\system32\sppobjs.dll, msft:spp/ActionScheduler/1.0, 0x00000000, 0x00000000
C:\windows\system32\sppobjs.dll, msft:spp/TaskScheduler/1.0, 0x00000000, 0x00000000
C:\windows\system32\sppobjs.dll, msft:spp/statecollector/pkey, 0x00000000, 0x00000000
C:\windows\system32\sppobjs.dll, msft:spp/volume/services/kms/1.0, 0x00000000, 0x00000000
C:\windows\system32\sppobjs.dll, msft:spp/volume/services/kms/activationinfo/1.0, 0x00000000, 0x00000000
","1066","0","16384","4","0","0","36028797018963968","133316","Microsoft-Windows-Security-SPP","e23b33b0-c8c9-472c-a5f9-f2bdfea0f156","Application","0","0","COHPMARTIN.gpco.local",,"29/08/2016 09:25:17",,,"application","System.UInt32[]","System.Diagnostics.Eventing.Reader.EventBookmark","Information",,,"System.Collections.ObjectModel.ReadOnlyCollection`1[System.String]","System.Collections.Generic.List`1[System.Diagnostics.Eventing.Reader.EventProperty]"
"The Software Protection service is starting.
Parameters:caller=lync.exe","900","0","16384","4","0","0","36028797018963968","133315","Microsoft-Windows-Security-SPP","e23b33b0-c8c9-472c-a5f9-f2bdfea0f156","Application","0","0","COHPMARTIN.gpco.local",,"29/08/2016 09:25:17",,,"application","System.UInt32[]","System.Diagnostics.Eventing.Reader.EventBookmark","Information",,,"System.Collections.ObjectModel.ReadOnlyCollection`1[System.String]","System.Collections.Generic.List`1[System.Diagnostics.Eventing.Reader.EventProperty]"
,"0",,"0","4","0",,"36028797018963968","133314","BrYNSvc",,"Application",,,"COHPMARTIN.gpco.local",,"29/08/2016 09:25:13",,,"application","System.UInt32[]","System.Diagnostics.Eventing.Reader.EventBookmark",,,,,"System.Collections.Generic.List`1[System.Diagnostics.Eventing.Reader.EventProperty]"
"The application (Cisco Any Connect Secure Mobility Client, from vendor Cisco Systems, Inc.) has the following problem: To function properly, Cisco Any Connect Secure Mobility Client must be reinstalled after you upgrade Windows.","1","0",,"3","0","2","-9223372036854775808","133313","Microsoft-Windows-ApplicationExperienceInfrastructure","5ec13d8e-4b3f-422e-a7e7-3121a1d90c7a","Application","7668","7672","COHPMARTIN.gpco.local","S-1-5-21-2511364499-3860350569-1670997104-1142","29/08/2016 09:25:08",,,"application","System.UInt32[]","System.Diagnostics.Eventing.Reader.EventBookmark","Warning","Stop",,"System.Collections.ObjectModel.ReadOnlyCollection`1[System.String]","System.Collections.Generic.List`1[System.Diagnostics.Eventing.Reader.EventProperty]"
,"0",,"0","4","0",,"36028797018963968","133312","igfxCUIService1.0.0.0",,"Application",,,"COHPMARTIN.gpco.local",,"29/08/2016 09:24:50",,,"application","System.UInt32[]","System.Diagnostics.Eventing.Reader.EventBookmark",,,,,"System.Collections.Generic.List`1[System.Diagnostics.Eventing.Reader.EventProperty]"
"09:24:47","0",,"0","4","0",,"36028797018963968","133311","Seagate Dashboard Services Session Logon",,"Application",,,"COHPMARTIN.gpco.local",,"29/08/2016 09:24:47",,,"application","System.UInt32[]","System.Diagnostics.Eventing.Reader.EventBookmark","Information","Info",,"System.Collections.ObjectModel.ReadOnlyCollection`1[System.String]","System.Collections.Generic.List`1[System.Diagnostics.Eventing.Reader.EventProperty]"
,"0",,"0","4","0",,"36028797018963968","133310","igfxCUIService1.0.0.0",,"Application",,,"COHPMARTIN.gpco.local",,"29/08/2016 09:24:47",,,"application","System.UInt32[]","System.Diagnostics.Eventing.Reader.EventBookmark",,,,,"System.Collections.Generic.List`1[System.Diagnostics.Eventing.Reader.EventProperty]"
,"0",,"0","4","0",,"36028797018963968","133309","igfxCUIService1.0.0.0",,"Application",,,"COHPMARTIN.gpco.local",,"29/08/2016 09:24:47",,,"application","System.UInt32[]","System.Diagnostics.Eventing.Reader.EventBookmark",,,,,"System.Collections.Generic.List`1[System.Diagnostics.Eventing.Reader.EventProperty]"
"Cannot retrieve event message text.","8005",,"32768","2","1",,"36028797018963968","133308","Sophos Message Router",,"Application",,,"COHPMARTIN.gpco.local","S-1-5-18","29/08/2016 09:24:33",,,"application","System.UInt32[]","System.Diagnostics.Eventing.Reader.EventBookmark",,,,,"System.Collections.Generic.List`1[System.Diagnostics.Eventing.Reader.EventProperty]"
"Cannot retrieve event message text.","8004",,"32768","3","1",,"36028797018963968","133307","Sophos Message Router",,"Application",,,"COHPMARTIN.gpco.local","S-1-5-18","29/08/2016 09:24:27",,,"application","System.UInt32[]","System.Diagnostics.Eventing.Reader.EventBookmark",,,,,"System.Collections.Generic.List`1[System.Diagnostics.Eventing.Reader.EventProperty]"
"The Software Protection service has stopped.
","903","0","16384","0","0","0","36028797018963968","133306","Microsoft-Windows-Security-SPP","e23b33b0-c8c9-472c-a5f9-f2bdfea0f156","Application","0","0","COHPMARTIN.gpco.local",,"29/08/2016 09:21:41",,,"application","System.UInt32[]","System.Diagnostics.Eventing.Reader.EventBookmark","Information",,,"System.Collections.ObjectModel.ReadOnlyCollection`1[System.String]","System.Collections.Generic.List`1[System.Diagnostics.Eventing.Reader.EventProperty]"
"Successfully scheduled Software Protection service for re-start at 2116-08-05T07:21:41Z. Reason: RulesEngine.","16384","0","16384","4","0","0","36028797018963968","133305","Microsoft-Windows-Security-SPP","e23b33b0-c8c9-472c-a5f9-f2bdfea0f156","Application","0","0","COHPMARTIN.gpco.local",,"29/08/2016 09:21:41",,,"application","System.UInt32[]","System.Diagnostics.Eventing.Reader.EventBookmark","Information",,,"System.Collections.ObjectModel.ReadOnlyCollection`1[System.String]","System.Collections.Generic.List`1[System.Diagnostics.Eventing.Reader.EventProperty]"
"The Windows Search Service started.
","1003","0","16384","4","1","0","36028797018963968","133304","Microsoft-Windows-Search","ca4e628d-8567-4896-ab6b-835b221f373f","Application","0","0","COHPMARTIN.gpco.local",,"29/08/2016 09:21:12",,,"application","System.UInt32[]","System.Diagnostics.Eventing.Reader.EventBookmark","Information",,"Search service","System.Collections.ObjectModel.ReadOnlyCollection`1[System.String]","System.Collections.Generic.List`1[System.Diagnostics.Eventing.Reader.EventProperty]"
"SearchIndexer (6640) Windows: The database engine attached a database (1, C:\ProgramData\Microsoft\Search\Data\Applications\Windows\Windows.edb). (Time=0 seconds) 
 
Internal Timing Sequence: [1] 0.000, [2] 0.000, [3] 0.000, [4] 0.000, [5] 0.078, [6] 0.000, [7] 0.000, [8] 0.000, [9] 0.000, [10] 0.000, [11] 0.000, [12] 0.000. 
Saved Cache: 1 0","326",,"0","4","1",,"36028797018963968","133303","ESENT",,"Application",,,"COHPMARTIN.gpco.local",,"29/08/2016 09:21:11",,,"application","System.UInt32[]","System.Diagnostics.Eventing.Reader.EventBookmark","Information","Info","General","System.Collections.ObjectModel.ReadOnlyCollection`1[System.String]","System.Collections.Generic.List`1[System.Diagnostics.Eventing.Reader.EventProperty]"
"SearchIndexer (6640) Windows: The database engine started a new instance (0). (Time=0 seconds) 
 
Internal Timing Sequence: [1] 0.000, [2] 0.000, [3] 0.016, [4] 0.000, [5] 0.000, [6] 0.000, [7] 0.000, [8] 0.000, [9] 0.000, [10] 0.000.","105",,"0","4","1",,"36028797018963968","133302","ESENT",,"Application",,,"COHPMARTIN.gpco.local",,"29/08/2016 09:21:11",,,"application","System.UInt32[]","System.Diagnostics.Eventing.Reader.EventBookmark","Information","Info","General","System.Collections.ObjectModel.ReadOnlyCollection`1[System.String]","System.Collections.Generic.List`1[System.Diagnostics.Eventing.Reader.EventProperty]"
"SearchIndexer (6640) Windows: The database engine (6.03.9600.0000) is starting a new instance (0).","102",,"0","4","1",,"36028797018963968","133301","ESENT",,"Application",,,"COHPMARTIN.gpco.local",,"29/08/2016 09:21:11",,,"application","System.UInt32[]","System.Diagnostics.Eventing.Reader.EventBookmark","Information","Info","General","System.Collections.ObjectModel.ReadOnlyCollection`1[System.String]","System.Collections.Generic.List`1[System.Diagnostics.Eventing.Reader.EventProperty]"
"The Windows Security Center Service has started.","1",,"0","4","0",,"36028797018963968","133300","SecurityCenter",,"Application",,,"COHPMARTIN.gpco.local",,"29/08/2016 09:21:11",,,"application","System.UInt32[]","System.Diagnostics.Eventing.Reader.EventBookmark","Information","Info",,"System.Collections.ObjectModel.ReadOnlyCollection`1[System.String]","System.Collections.Generic.List`1[System.Diagnostics.Eventing.Reader.EventProperty]"
"The Software Protection service has started.
6.3.9600.17809","902","0","16384","0","0","0","36028797018963968","133299","Microsoft-Windows-Security-SPP","e23b33b0-c8c9-472c-a5f9-f2bdfea0f156","Application","0","0","COHPMARTIN.gpco.local",,"29/08/2016 09:21:11",,,"application","System.UInt32[]","System.Diagnostics.Eventing.Reader.EventBookmark","Information",,,"System.Collections.ObjectModel.ReadOnlyCollection`1[System.String]","System.Collections.Generic.List`1[System.Diagnostics.Eventing.Reader.EventProperty]"
"The Software Protection service has completed licensing status check.
Application Id=55c92734-d682-4d71-983e-d6ec3f16059f
Licensing Status=
1: 05e80e9f-93e3-4433-8b6d-bac4ae66d7bc, 1, 0 [(0 [0xC004F014, 0, 0], [(?)(?)(?)(?)(?)(?)(?)(?)])(1 )(2 )]
2: 0724cb7d-3437-4cb7-93cb-830375d0079d, 1, 0 [(0 [0xC004F014, 0, 0], [(?)(?)(?)(?)(?)(?)(?)(?)])(1 )(2 )]
3: 0cdc4d08-6df6-4eb4-b5b4-a373c3e351e7, 1, 0 [(0 [0xC004F014, 0, 0], [(?)(?)(?)(?)(?)(?)(?)(?)])(1 )(2 )]
4: 29d0b60f-66da-4858-bcaf-9eb513cd310d, 1, 0 [(0 [0xC004F014, 0, 0], [(?)(?)(?)(?)(?)(?)(?)(?)])(1 )(2 )]
5: 2c293c26-a45a-4a2a-a350-c69a67097529, 1, 0 [(0 [0xC004F014, 0, 0], [(?)(?)(?)(?)(?)(?)(?)(?)])(1 )(2 )]
6: 354d964a-56e7-43c5-a93f-287a7a750bd4, 1, 0 [(0 [0xC004F014, 0, 0], [(?)(?)(?)(?)(?)(?)(?)(?)])(1 )(2 )]
7: 4614b66f-a1d7-441c-9731-23f22d0ff4e5, 1, 0 [(0 [0xC004F014, 0, 0], [(?)(?)(?)(?)(?)(?)(?)(?)])(1 )(2 )]
8: 51b43152-a885-432f-a1cb-a575ca416784, 1, 0 [(0 [0xC004F014, 0, 0], [(?)(?)(?)(?)(?)(?)(?)(?)])(1 )(2 )]
9: 613d217f-7f13-4268-9907-1662339531cd, 1, 0 [(0 [0xC004F014, 0, 0], [(?)(?)(?)(?)(?)(?)(?)(?)])(1 )(2 )]
10: 763fe1c2-d40f-4f3c-9a28-7a3af6f0d987, 1, 1 [(0 [0x00000000, 1, 0], [(?)( 1 0x00000000)(?)( 2 0x00000000 0 0 msft:rm/algorithm/hwid/4.0 0x00000000 0)(?)(?)( 10 0x00000000 msft:rm/algorithm/flags/1.0)(?)])(1 )(2 )]
11: 7f71c90a-6279-4274-b398-37f7e9019dd4, 1, 0 [(0 [0xC004F014, 0, 0], [(?)(?)(?)(?)(?)(?)(?)(?)])(1 )(2 )]
12: 8da2dfae-e4f5-4e6a-9272-96f8470e033e, 1, 0 [(0 [0xC004F014, 0, 0], [(?)(?)(?)(?)(?)(?)(?)(?)])(1 )(2 )]
13: 9e473b6d-b591-4c46-9c44-90a865f22e76, 1, 0 [(0 [0xC004F014, 0, 0], [(?)(?)(?)(?)(?)(?)(?)(?)])(1 )(2 )]
14: bbc56067-37f8-49dd-87b2-a418a9ba130a, 1, 0 [(0 [0xC004F014, 0, 0], [(?)(?)(?)(?)(?)(?)(?)(?)])(1 )(2 )]
15: bd3762d7-270d-4760-8fb3-d829ca45278a, 1, 0 [(0 [0xC004F014, 0, 0], [(?)(?)(?)(?)(?)(?)(?)(?)])(1 )(2 )]
16: c06b6981-d7fd-4a35-b7b4-054742b7af67, 1, 0 [(0 [0xC004F014, 0, 0], [(?)(?)(?)(?)(?)(?)(?)(?)])(1 )(2 )]
17: d03e843c-9044-4cd4-b5eb-78a9586b5598, 1, 0 [(0 [0xC004F014, 0, 0], [(?)(?)(?)(?)(?)(?)(?)(?)])(1 )(2 )]
18: 4a8149bb-7d61-49f4-8822-82c7bf88d64b, 1, 0 [(0 [0xC004F014, 0, 0], [(?)(?)(?)(?)(?)(?)(?)(?)])(1 )(2 )]
19: ec67814b-30e6-4a50-bf7b-d55daf729d1e, 1, 0 [(0 [0xC004F014, 0, 0], [(?)(?)(?)(?)(?)(?)(?)(?)])(1 )(2 )]

","1003","0","16384","4","0","0","36028797018963968","133298","Microsoft-Windows-Security-SPP","e23b33b0-c8c9-472c-a5f9-f2bdfea0f156","Application","0","0","COHPMARTIN.gpco.local",,"29/08/2016 09:21:11",,,"application","System.UInt32[]","System.Diagnostics.Eventing.Reader.EventBookmark","Information",,,"System.Collections.ObjectModel.ReadOnlyCollection`1[System.String]","System.Collections.Generic.List`1[System.Diagnostics.Eventing.Reader.EventProperty]"
"Initialization status for service objects.
C:\windows\system32\sppwinob.dll, msft:spp/windowsfunctionality/agent/7.0, 0x00000000, 0x00000000
C:\windows\system32\sppobjs.dll, msft:rm/algorithm/inherited/1.0, 0x00000000, 0x00000000
C:\windows\system32\sppobjs.dll, msft:rm/algorithm/phone/1.0, 0x00000000, 0x00000000
C:\windows\system32\sppobjs.dll, msft:rm/algorithm/pkey/detect, 0x00000000, 0x00000000
C:\windows\system32\sppobjs.dll, msft:spp/ActionScheduler/1.0, 0x00000000, 0x00000000
C:\windows\system32\sppobjs.dll, msft:spp/TaskScheduler/1.0, 0x00000000, 0x00000000
C:\windows\system32\sppobjs.dll, msft:spp/statecollector/pkey, 0x00000000, 0x00000000
C:\windows\system32\sppobjs.dll, msft:spp/volume/services/kms/1.0, 0x00000000, 0x00000000
C:\windows\system32\sppobjs.dll, msft:spp/volume/services/kms/activationinfo/1.0, 0x00000000, 0x00000000
","1066","0","16384","4","0","0","36028797018963968","133297","Microsoft-Windows-Security-SPP","e23b33b0-c8c9-472c-a5f9-f2bdfea0f156","Application","0","0","COHPMARTIN.gpco.local",,"29/08/2016 09:21:11",,,"application","System.UInt32[]","System.Diagnostics.Eventing.Reader.EventBookmark","Information",,,"System.Collections.ObjectModel.ReadOnlyCollection`1[System.String]","System.Collections.Generic.List`1[System.Diagnostics.Eventing.Reader.EventProperty]"
,"0",,"0","4","0",,"36028797018963968","133296","dbupdate",,"Application",,,"COHPMARTIN.gpco.local",,"29/08/2016 09:21:11",,,"application","System.UInt32[]","System.Diagnostics.Eventing.Reader.EventBookmark",,,,,"System.Collections.Generic.List`1[System.Diagnostics.Eventing.Reader.EventProperty]"
"The Software Protection service is starting.
Parameters:<none>","900","0","16384","4","0","0","36028797018963968","133295","Microsoft-Windows-Security-SPP","e23b33b0-c8c9-472c-a5f9-f2bdfea0f156","Application","0","0","COHPMARTIN.gpco.local",,"29/08/2016 09:21:11",,,"application","System.UInt32[]","System.Diagnostics.Eventing.Reader.EventBookmark","Information",,,"System.Collections.ObjectModel.ReadOnlyCollection`1[System.String]","System.Collections.Generic.List`1[System.Diagnostics.Eventing.Reader.EventProperty]"
"Service stopped.","101",,"0","4","1",,"36028797018963968","133294","SkypeUpdate",,"Application",,,"COHPMARTIN.gpco.local",,"29/08/2016 09:21:05",,,"application","System.UInt32[]","System.Diagnostics.Eventing.Reader.EventBookmark","Information","Info","Service Events","System.Collections.ObjectModel.ReadOnlyCollection`1[System.String]","System.Collections.Generic.List`1[System.Diagnostics.Eventing.Reader.EventProperty]"
"SkypeUpdate service is shutting down due to idle timeout.","103",,"0","4","1",,"36028797018963968","133293","SkypeUpdate",,"Application",,,"COHPMARTIN.gpco.local",,"29/08/2016 09:21:04",,,"application","System.UInt32[]","System.Diagnostics.Eventing.Reader.EventBookmark","Information","Info","Service Events","System.Collections.ObjectModel.ReadOnlyCollection`1[System.String]","System.Collections.Generic.List`1[System.Diagnostics.Eventing.Reader.EventProperty]"
"Fault bucket 125729745435, type 5
Event Name: WindowsUpdateFailure3
Response: Not available
Cab Id: 0

Problem signature:
P1: 7.9.9600.18235
P2: 8024402c
P3: 00000000-0000-0000-0000-000000000000
P4: Scan
P5: 0
P6: 1
P7: 0
P8: Device Driver Retrieval Client
P9: {3DA21691-E39D-4DA6-8A4B-B43877BCB1B7}
P10: 0

Attached files:
C:\Windows\WindowsUpdate.log
C:\Windows\SoftwareDistribution\ReportingEvents.log

These files may be available here:
C:\ProgramData\Microsoft\Windows\WER\ReportArchive\NonCritical_7.9.9600.18235_8e7a2848aea96e4cbcc1f4f51d1eaf7c4723d0_00000000_159d0c01

Analysis symbol: 
Rechecking for solution: 0
Report Id: f9993629-6db8-11e6-82c5-f81654624463
Report Status: 0
Hashed bucket: 8628b1456f7faa5e27e6f7ce6ce522b2","1001",,"0","4","0",,"36028797018963968","133292","Windows Error Reporting",,"Application",,,"COHPMARTIN.gpco.local",,"29/08/2016 09:19:52",,,"application","System.UInt32[]","System.Diagnostics.Eventing.Reader.EventBookmark","Information","Info",,"System.Collections.ObjectModel.ReadOnlyCollection`1[System.String]","System.Collections.Generic.List`1[System.Diagnostics.Eventing.Reader.EventProperty]"
"Fault bucket , type 0
Event Name: WindowsUpdateFailure3
Response: Not available
Cab Id: 0

Problem signature:
P1: 7.9.9600.18235
P2: 8024402c
P3: 00000000-0000-0000-0000-000000000000
P4: Scan
P5: 0
P6: 1
P7: 0
P8: Device Driver Retrieval Client
P9: {3DA21691-E39D-4DA6-8A4B-B43877BCB1B7}
P10: 0

Attached files:
C:\Windows\WindowsUpdate.log
C:\Windows\SoftwareDistribution\ReportingEvents.log

These files may be available here:
C:\ProgramData\Microsoft\Windows\WER\ReportQueue\NonCritical_7.9.9600.18235_8e7a2848aea96e4cbcc1f4f51d1eaf7c4723d0_00000000_cab_18bd08b5

Analysis symbol: 
Rechecking for solution: 0
Report Id: f9993629-6db8-11e6-82c5-f81654624463
Report Status: 4
Hashed bucket: ","1001",,"0","4","0",,"36028797018963968","133291","Windows Error Reporting",,"Application",,,"COHPMARTIN.gpco.local",,"29/08/2016 09:19:52",,,"application","System.UInt32[]","System.Diagnostics.Eventing.Reader.EventBookmark","Information","Info",,"System.Collections.ObjectModel.ReadOnlyCollection`1[System.String]","System.Collections.Generic.List`1[System.Diagnostics.Eventing.Reader.EventProperty]"
"Fault bucket , type 0
Event Name: WindowsUpdateFailure3
Response: Not available
Cab Id: 0

Problem signature:
P1: 7.9.9600.18235
P2: 8024402c
P3: 00000000-0000-0000-0000-000000000000
P4: Scan
P5: 0
P6: 1
P7: 0
P8: Device Driver Retrieval Client
P9: {3DA21691-E39D-4DA6-8A4B-B43877BCB1B7}
P10: 0

Attached files:
C:\Windows\WindowsUpdate.log
C:\Windows\SoftwareDistribution\ReportingEvents.log

These files may be available here:


Analysis symbol: 
Rechecking for solution: 0
Report Id: f9993629-6db8-11e6-82c5-f81654624463
Report Status: 262144
Hashed bucket: ","1001",,"0","4","0",,"36028797018963968","133290","Windows Error Reporting",,"Application",,,"COHPMARTIN.gpco.local",,"29/08/2016 09:19:52",,,"application","System.UInt32[]","System.Diagnostics.Eventing.Reader.EventBookmark","Information","Info",,"System.Collections.ObjectModel.ReadOnlyCollection`1[System.String]","System.Collections.Generic.List`1[System.Diagnostics.Eventing.Reader.EventProperty]"
"The Software Protection service has stopped.
","903","0","16384","0","0","0","36028797018963968","133289","Microsoft-Windows-Security-SPP","e23b33b0-c8c9-472c-a5f9-f2bdfea0f156","Application","0","0","COHPMARTIN.gpco.local",,"29/08/2016 09:19:51",,,"application","System.UInt32[]","System.Diagnostics.Eventing.Reader.EventBookmark","Information",,,"System.Collections.ObjectModel.ReadOnlyCollection`1[System.String]","System.Collections.Generic.List`1[System.Diagnostics.Eventing.Reader.EventProperty]"
"Successfully scheduled Software Protection service for re-start at 2116-08-05T07:19:51Z. Reason: RulesEngine.","16384","0","16384","4","0","0","36028797018963968","133288","Microsoft-Windows-Security-SPP","e23b33b0-c8c9-472c-a5f9-f2bdfea0f156","Application","0","0","COHPMARTIN.gpco.local",,"29/08/2016 09:19:51",,,"application","System.UInt32[]","System.Diagnostics.Eventing.Reader.EventBookmark","Information",,,"System.Collections.ObjectModel.ReadOnlyCollection`1[System.String]","System.Collections.Generic.List`1[System.Diagnostics.Eventing.Reader.EventProperty]"
"svchost (6688) Instance: The database engine attached a database (1, C:\ProgramData\Microsoft\Windows\AppRepository\PackageRepository.edb). (Time=0 seconds) 
 
Internal Timing Sequence: [1] 0.000, [2] 0.000, [3] 0.000, [4] 0.000, [5] 0.000, [6] 0.000, [7] 0.000, [8] 0.000, [9] 0.000, [10] 0.000, [11] 0.000, [12] 0.000. 
Saved Cache: 1 0","326",,"0","4","1",,"36028797018963968","133287","ESENT",,"Application",,,"COHPMARTIN.gpco.local",,"29/08/2016 09:19:21",,,"application","System.UInt32[]","System.Diagnostics.Eventing.Reader.EventBookmark","Information","Info","General","System.Collections.ObjectModel.ReadOnlyCollection`1[System.String]","System.Collections.Generic.List`1[System.Diagnostics.Eventing.Reader.EventProperty]"
"svchost (6688) Instance: The database engine started a new instance (0). (Time=0 seconds) 
 
Internal Timing Sequence: [1] 0.000, [2] 0.000, [3] 0.015, [4] 0.000, [5] 0.000, [6] 0.000, [7] 0.000, [8] 0.000, [9] 0.000, [10] 0.000.","105",,"0","4","1",,"36028797018963968","133286","ESENT",,"Application",,,"COHPMARTIN.gpco.local",,"29/08/2016 09:19:21",,,"application","System.UInt32[]","System.Diagnostics.Eventing.Reader.EventBookmark","Information","Info","General","System.Collections.ObjectModel.ReadOnlyCollection`1[System.String]","System.Collections.Generic.List`1[System.Diagnostics.Eventing.Reader.EventProperty]"
"svchost (6688) Instance: The database engine (6.03.9600.0000) is starting a new instance (0).","102",,"0","4","1",,"36028797018963968","133285","ESENT",,"Application",,,"COHPMARTIN.gpco.local",,"29/08/2016 09:19:21",,,"application","System.UInt32[]","System.Diagnostics.Eventing.Reader.EventBookmark","Information","Info","General","System.Collections.ObjectModel.ReadOnlyCollection`1[System.String]","System.Collections.Generic.List`1[System.Diagnostics.Eventing.Reader.EventProperty]"
"The Software Protection service has started.
6.3.9600.17809","902","0","16384","0","0","0","36028797018963968","133284","Microsoft-Windows-Security-SPP","e23b33b0-c8c9-472c-a5f9-f2bdfea0f156","Application","0","0","COHPMARTIN.gpco.local",,"29/08/2016 09:19:21",,,"application","System.UInt32[]","System.Diagnostics.Eventing.Reader.EventBookmark","Information",,,"System.Collections.ObjectModel.ReadOnlyCollection`1[System.String]","System.Collections.Generic.List`1[System.Diagnostics.Eventing.Reader.EventProperty]"
"The Software Protection service has completed licensing status check.
Application Id=55c92734-d682-4d71-983e-d6ec3f16059f
Licensing Status=
1: 05e80e9f-93e3-4433-8b6d-bac4ae66d7bc, 1, 0 [(0 [0xC004F014, 0, 0], [(?)(?)(?)(?)(?)(?)(?)(?)])(1 )(2 )]
2: 0724cb7d-3437-4cb7-93cb-830375d0079d, 1, 0 [(0 [0xC004F014, 0, 0], [(?)(?)(?)(?)(?)(?)(?)(?)])(1 )(2 )]
3: 0cdc4d08-6df6-4eb4-b5b4-a373c3e351e7, 1, 0 [(0 [0xC004F014, 0, 0], [(?)(?)(?)(?)(?)(?)(?)(?)])(1 )(2 )]
4: 29d0b60f-66da-4858-bcaf-9eb513cd310d, 1, 0 [(0 [0xC004F014, 0, 0], [(?)(?)(?)(?)(?)(?)(?)(?)])(1 )(2 )]
5: 2c293c26-a45a-4a2a-a350-c69a67097529, 1, 0 [(0 [0xC004F014, 0, 0], [(?)(?)(?)(?)(?)(?)(?)(?)])(1 )(2 )]
6: 354d964a-56e7-43c5-a93f-287a7a750bd4, 1, 0 [(0 [0xC004F014, 0, 0], [(?)(?)(?)(?)(?)(?)(?)(?)])(1 )(2 )]
7: 4614b66f-a1d7-441c-9731-23f22d0ff4e5, 1, 0 [(0 [0xC004F014, 0, 0], [(?)(?)(?)(?)(?)(?)(?)(?)])(1 )(2 )]
8: 51b43152-a885-432f-a1cb-a575ca416784, 1, 0 [(0 [0xC004F014, 0, 0], [(?)(?)(?)(?)(?)(?)(?)(?)])(1 )(2 )]
9: 613d217f-7f13-4268-9907-1662339531cd, 1, 0 [(0 [0xC004F014, 0, 0], [(?)(?)(?)(?)(?)(?)(?)(?)])(1 )(2 )]
10: 763fe1c2-d40f-4f3c-9a28-7a3af6f0d987, 1, 1 [(0 [0x00000000, 1, 0], [(?)( 1 0x00000000)(?)( 2 0x00000000 0 0 msft:rm/algorithm/hwid/4.0 0x00000000 0)(?)(?)( 10 0x00000000 msft:rm/algorithm/flags/1.0)(?)])(1 )(2 )]
11: 7f71c90a-6279-4274-b398-37f7e9019dd4, 1, 0 [(0 [0xC004F014, 0, 0], [(?)(?)(?)(?)(?)(?)(?)(?)])(1 )(2 )]
12: 8da2dfae-e4f5-4e6a-9272-96f8470e033e, 1, 0 [(0 [0xC004F014, 0, 0], [(?)(?)(?)(?)(?)(?)(?)(?)])(1 )(2 )]
13: 9e473b6d-b591-4c46-9c44-90a865f22e76, 1, 0 [(0 [0xC004F014, 0, 0], [(?)(?)(?)(?)(?)(?)(?)(?)])(1 )(2 )]
14: bbc56067-37f8-49dd-87b2-a418a9ba130a, 1, 0 [(0 [0xC004F014, 0, 0], [(?)(?)(?)(?)(?)(?)(?)(?)])(1 )(2 )]
15: bd3762d7-270d-4760-8fb3-d829ca45278a, 1, 0 [(0 [0xC004F014, 0, 0], [(?)(?)(?)(?)(?)(?)(?)(?)])(1 )(2 )]
16: c06b6981-d7fd-4a35-b7b4-054742b7af67, 1, 0 [(0 [0xC004F014, 0, 0], [(?)(?)(?)(?)(?)(?)(?)(?)])(1 )(2 )]
17: d03e843c-9044-4cd4-b5eb-78a9586b5598, 1, 0 [(0 [0xC004F014, 0, 0], [(?)(?)(?)(?)(?)(?)(?)(?)])(1 )(2 )]
18: 4a8149bb-7d61-49f4-8822-82c7bf88d64b, 1, 0 [(0 [0xC004F014, 0, 0], [(?)(?)(?)(?)(?)(?)(?)(?)])(1 )(2 )]
19: ec67814b-30e6-4a50-bf7b-d55daf729d1e, 1, 0 [(0 [0xC004F014, 0, 0], [(?)(?)(?)(?)(?)(?)(?)(?)])(1 )(2 )]

