#TYPE System.Diagnostics.Eventing.Reader.EventLogRecord
"Message","Id","Version","Qualifiers","Level","Task","Opcode","Keywords","RecordId","ProviderName","ProviderId","LogName","ProcessId","ThreadId","MachineName","UserId","TimeCreated","ActivityId","RelatedActivityId","ContainerLog","MatchedQueryIds","Bookmark","LevelDisplayName","OpcodeDisplayName","TaskDisplayName","KeywordsDisplayNames","Properties"
"The Exchange web service request GetAppManifests succeeded. ","63",,"16384","4","0",,"36028797018963968","133812","Outlook",,"Application",,,"COHPMARTIN.gpco.local",,"31/08/2016 22:57:47",,,"application","System.UInt32[]","System.Diagnostics.Eventing.Reader.EventBookmark","Information",,,"System.Collections.ObjectModel.ReadOnlyCollection`1[System.String]","System.Collections.Generic.List`1[System.Diagnostics.Eventing.Reader.EventProperty]"
"The Exchange web service request GetAppManifests succeeded. ","63",,"16384","4","0",,"36028797018963968","133811","Outlook",,"Application",,,"COHPMARTIN.gpco.local",,"31/08/2016 22:57:47",,,"application","System.UInt32[]","System.Diagnostics.Eventing.Reader.EventBookmark","Information",,,"System.Collections.ObjectModel.ReadOnlyCollection`1[System.String]","System.Collections.Generic.List`1[System.Diagnostics.Eventing.Reader.EventProperty]"
"The Exchange web service request GetAppManifests succeeded. ","63",,"16384","4","0",,"36028797018963968","133810","Outlook",,"Application",,,"COHPMARTIN.gpco.local",,"31/08/2016 22:57:38",,,"application","System.UInt32[]","System.Diagnostics.Eventing.Reader.EventBookmark","Information",,,"System.Collections.ObjectModel.ReadOnlyCollection`1[System.String]","System.Collections.Generic.List`1[System.Diagnostics.Eventing.Reader.EventProperty]"
"The Exchange web service request GetAppManifests succeeded. ","63",,"16384","4","0",,"36028797018963968","133809","Outlook",,"Application",,,"COHPMARTIN.gpco.local",,"31/08/2016 22:57:38",,,"application","System.UInt32[]","System.Diagnostics.Eventing.Reader.EventBookmark","Information",,,"System.Collections.ObjectModel.ReadOnlyCollection`1[System.String]","System.Collections.Generic.List`1[System.Diagnostics.Eventing.Reader.EventProperty]"
"The Exchange web service request GetAppManifests succeeded. ","63",,"16384","4","0",,"36028797018963968","133808","Outlook",,"Application",,,"COHPMARTIN.gpco.local",,"31/08/2016 22:57:37",,,"application","System.UInt32[]","System.Diagnostics.Eventing.Reader.EventBookmark","Information",,,"System.Collections.ObjectModel.ReadOnlyCollection`1[System.String]","System.Collections.Generic.List`1[System.Diagnostics.Eventing.Reader.EventProperty]"
"The Exchange web service request GetAppManifests succeeded. ","63",,"16384","4","0",,"36028797018963968","133807","Outlook",,"Application",,,"COHPMARTIN.gpco.local",,"31/08/2016 22:57:20",,,"application","System.UInt32[]","System.Diagnostics.Eventing.Reader.EventBookmark","Information",,,"System.Collections.ObjectModel.ReadOnlyCollection`1[System.String]","System.Collections.Generic.List`1[System.Diagnostics.Eventing.Reader.EventProperty]"
"The Exchange web service request GetAppManifests succeeded. ","63",,"16384","4","0",,"36028797018963968","133806","Outlook",,"Application",,,"COHPMARTIN.gpco.local",,"31/08/2016 22:57:18",,,"application","System.UInt32[]","System.Diagnostics.Eventing.Reader.EventBookmark","Information",,,"System.Collections.ObjectModel.ReadOnlyCollection`1[System.String]","System.Collections.Generic.List`1[System.Diagnostics.Eventing.Reader.EventProperty]"
"DNS lookup failure trying to resolve the following addresses: COPWA01,COPWA01.gpco.local.

For more information, see the RMS status report. To open the report, click Start, point to All Programs, point to Sophos, point to Sophos Endpoint Security and Control, and then click View Sophos Network Communications Report.
","8005",,"32768","2","1",,"36028797018963968","133805","Sophos Message Router",,"Application",,,"COHPMARTIN.gpco.local","S-1-5-18","31/08/2016 22:44:22",,,"application","System.UInt32[]","System.Diagnostics.Eventing.Reader.EventBookmark",,,,,"System.Collections.Generic.List`1[System.Diagnostics.Eventing.Reader.EventProperty]"
"Cannot retrieve event message text.","8004",,"32768","3","1",,"36028797018963968","133804","Sophos Message Router",,"Application",,,"COHPMARTIN.gpco.local","S-1-5-18","31/08/2016 22:44:20",,,"application","System.UInt32[]","System.Diagnostics.Eventing.Reader.EventBookmark",,,,,"System.Collections.Generic.List`1[System.Diagnostics.Eventing.Reader.EventProperty]"
,"0",,"0","4","0",,"36028797018963968","133803","dbupdate",,"Application",,,"COHPMARTIN.gpco.local",,"31/08/2016 21:46:21",,,"application","System.UInt32[]","System.Diagnostics.Eventing.Reader.EventBookmark",,,,,"System.Collections.Generic.List`1[System.Diagnostics.Eventing.Reader.EventProperty]"
,"0",,"0","4","0",,"36028797018963968","133802","dbupdate",,"Application",,,"COHPMARTIN.gpco.local",,"31/08/2016 21:46:19",,,"application","System.UInt32[]","System.Diagnostics.Eventing.Reader.EventBookmark",,,,,"System.Collections.Generic.List`1[System.Diagnostics.Eventing.Reader.EventProperty]"
"Cannot retrieve event message text.","8005",,"32768","2","1",,"36028797018963968","133801","Sophos Message Router",,"Application",,,"COHPMARTIN.gpco.local","S-1-5-18","31/08/2016 20:35:01",,,"application","System.UInt32[]","System.Diagnostics.Eventing.Reader.EventBookmark",,,,,"System.Collections.Generic.List`1[System.Diagnostics.Eventing.Reader.EventProperty]"
"Cannot retrieve event message text.","8004",,"32768","3","1",,"36028797018963968","133800","Sophos Message Router",,"Application",,,"COHPMARTIN.gpco.local","S-1-5-18","31/08/2016 20:34:58",,,"application","System.UInt32[]","System.Diagnostics.Eventing.Reader.EventBookmark",,,,,"System.Collections.Generic.List`1[System.Diagnostics.Eventing.Reader.EventProperty]"
"Cannot retrieve event message text.","8005",,"32768","2","1",,"36028797018963968","133799","Sophos Message Router",,"Application",,,"COHPMARTIN.gpco.local","S-1-5-18","31/08/2016 19:24:22",,,"application","System.UInt32[]","System.Diagnostics.Eventing.Reader.EventBookmark",,,,,"System.Collections.Generic.List`1[System.Diagnostics.Eventing.Reader.EventProperty]"
"Cannot retrieve event message text.","8004",,"32768","3","1",,"36028797018963968","133798","Sophos Message Router",,"Application",,,"COHPMARTIN.gpco.local","S-1-5-18","31/08/2016 19:24:20",,,"application","System.UInt32[]","System.Diagnostics.Eventing.Reader.EventBookmark",,,,,"System.Collections.Generic.List`1[System.Diagnostics.Eventing.Reader.EventProperty]"
"The Exchange web service request GetAppManifests succeeded. ","63",,"16384","4","0",,"36028797018963968","133797","Outlook",,"Application",,,"COHPMARTIN.gpco.local",,"31/08/2016 18:57:40",,,"application","System.UInt32[]","System.Diagnostics.Eventing.Reader.EventBookmark","Information",,,"System.Collections.ObjectModel.ReadOnlyCollection`1[System.String]","System.Collections.Generic.List`1[System.Diagnostics.Eventing.Reader.EventProperty]"
"The Exchange web service request GetAppManifests succeeded. ","63",,"16384","4","0",,"36028797018963968","133796","Outlook",,"Application",,,"COHPMARTIN.gpco.local",,"31/08/2016 18:57:38",,,"application","System.UInt32[]","System.Diagnostics.Eventing.Reader.EventBookmark","Information",,,"System.Collections.ObjectModel.ReadOnlyCollection`1[System.String]","System.Collections.Generic.List`1[System.Diagnostics.Eventing.Reader.EventProperty]"
"Outlook detected a change notification for your apps and will attempt to update them.","63",,"16384","4","0",,"36028797018963968","133795","Outlook",,"Application",,,"COHPMARTIN.gpco.local",,"31/08/2016 18:57:37",,,"application","System.UInt32[]","System.Diagnostics.Eventing.Reader.EventBookmark","Information",,,"System.Collections.ObjectModel.ReadOnlyCollection`1[System.String]","System.Collections.Generic.List`1[System.Diagnostics.Eventing.Reader.EventProperty]"
"Fault bucket 125729745435, type 5
Event Name: WindowsUpdateFailure3
Response: Not available
Cab Id: 0

Problem signature:
P1: 7.9.9600.18235
P2: 8024402c
P3: 00000000-0000-0000-0000-000000000000
P4: Scan
P5: 0
P6: 1
P7: 0
P8: Device Driver Retrieval Client
P9: {3DA21691-E39D-4DA6-8A4B-B43877BCB1B7}
P10: 0

Attached files:
C:\Windows\WindowsUpdate.log
C:\Windows\SoftwareDistribution\ReportingEvents.log

These files may be available here:
C:\ProgramData\Microsoft\Windows\WER\ReportArchive\NonCritical_7.9.9600.18235_8e7a2848aea96e4cbcc1f4f51d1eaf7c4723d0_00000000_3232892d

Analysis symbol: 
Rechecking for solution: 0
Report Id: 000f8043-6f9c-11e6-82c5-f81654624463
Report Status: 0
Hashed bucket: 8628b1456f7faa5e27e6f7ce6ce522b2","1001",,"0","4","0",,"36028797018963968","133794","Windows Error Reporting",,"Application",,,"COHPMARTIN.gpco.local",,"31/08/2016 18:57:30",,,"application","System.UInt32[]","System.Diagnostics.Eventing.Reader.EventBookmark","Information","Info",,"System.Collections.ObjectModel.ReadOnlyCollection`1[System.String]","System.Collections.Generic.List`1[System.Diagnostics.Eventing.Reader.EventProperty]"
"Fault bucket , type 0
Event Name: WindowsUpdateFailure3
Response: Not available
Cab Id: 0

Problem signature:
P1: 7.9.9600.18235
P2: 8024402c
P3: 00000000-0000-0000-0000-000000000000
P4: Scan
P5: 0
P6: 1
P7: 0
P8: Device Driver Retrieval Client
P9: {3DA21691-E39D-4DA6-8A4B-B43877BCB1B7}
P10: 0

Attached files:
C:\Windows\WindowsUpdate.log
C:\Windows\SoftwareDistribution\ReportingEvents.log

These files may be available here:
C:\ProgramData\Microsoft\Windows\WER\ReportQueue\NonCritical_7.9.9600.18235_8e7a2848aea96e4cbcc1f4f51d1eaf7c4723d0_00000000_cab_31928610

Analysis symbol: 
Rechecking for solution: 0
Report Id: 000f8043-6f9c-11e6-82c5-f81654624463
Report Status: 4
Hashed bucket: ","1001",,"0","4","0",,"36028797018963968","133793","Windows Error Reporting",,"Application",,,"COHPMARTIN.gpco.local",,"31/08/2016 18:57:30",,,"application","System.UInt32[]","System.Diagnostics.Eventing.Reader.EventBookmark","Information","Info",,"System.Collections.ObjectModel.ReadOnlyCollection`1[System.String]","System.Collections.Generic.List`1[System.Diagnostics.Eventing.Reader.EventProperty]"
"Fault bucket , type 0
Event Name: WindowsUpdateFailure3
Response: Not available
Cab Id: 0

Problem signature:
P1: 7.9.9600.18235
P2: 8024402c
P3: 00000000-0000-0000-0000-000000000000
P4: Scan
P5: 0
P6: 1
P7: 0
P8: Device Driver Retrieval Client
P9: {3DA21691-E39D-4DA6-8A4B-B43877BCB1B7}
P10: 0

Attached files:
C:\Windows\WindowsUpdate.log
C:\Windows\SoftwareDistribution\ReportingEvents.log

These files may be available here:


Analysis symbol: 
Rechecking for solution: 0
Report Id: 000f8043-6f9c-11e6-82c5-f81654624463
Report Status: 262144
Hashed bucket: ","1001",,"0","4","0",,"36028797018963968","133792","Windows Error Reporting",,"Application",,,"COHPMARTIN.gpco.local",,"31/08/2016 18:57:29",,,"application","System.UInt32[]","System.Diagnostics.Eventing.Reader.EventBookmark","Information","Info",,"System.Collections.ObjectModel.ReadOnlyCollection`1[System.String]","System.Collections.Generic.List`1[System.Diagnostics.Eventing.Reader.EventProperty]"
"The Exchange web service request GetAppManifests succeeded. ","63",,"16384","4","0",,"36028797018963968","133791","Outlook",,"Application",,,"COHPMARTIN.gpco.local",,"31/08/2016 18:57:21",,,"application","System.UInt32[]","System.Diagnostics.Eventing.Reader.EventBookmark","Information",,,"System.Collections.ObjectModel.ReadOnlyCollection`1[System.String]","System.Collections.Generic.List`1[System.Diagnostics.Eventing.Reader.EventProperty]"
"The Exchange web service request GetAppManifests succeeded. ","63",,"16384","4","0",,"36028797018963968","133790","Outlook",,"Application",,,"COHPMARTIN.gpco.local",,"31/08/2016 18:57:19",,,"application","System.UInt32[]","System.Diagnostics.Eventing.Reader.EventBookmark","Information",,,"System.Collections.ObjectModel.ReadOnlyCollection`1[System.String]","System.Collections.Generic.List`1[System.Diagnostics.Eventing.Reader.EventProperty]"
"The Exchange web service request GetAppManifests succeeded. ","63",,"16384","4","0",,"36028797018963968","133789","Outlook",,"Application",,,"COHPMARTIN.gpco.local",,"31/08/2016 18:57:18",,,"application","System.UInt32[]","System.Diagnostics.Eventing.Reader.EventBookmark","Information",,,"System.Collections.ObjectModel.ReadOnlyCollection`1[System.String]","System.Collections.Generic.List`1[System.Diagnostics.Eventing.Reader.EventProperty]"
"Customer Experience Improvement Program data was successfully sent to Microsoft.","1007","0","16384","4","0","0","36028797018963968","133788","Microsoft-Windows-CEIP","a402fe09-da6e-45f2-82af-3cb37170ee0c","Application","0","0","COHPMARTIN.gpco.local",,"31/08/2016 18:57:14",,,"application","System.UInt32[]","System.Diagnostics.Eventing.Reader.EventBookmark","Information",,,"System.Collections.ObjectModel.ReadOnlyCollection`1[System.String]","System.Collections.Generic.List`1[System.Diagnostics.Eventing.Reader.EventProperty]"
"PowerEvent handled successfully by the service.","0",,"0","4","0",,"36028797018963968","133787","Seagate Dashboard Services",,"Application",,,"COHPMARTIN.gpco.local",,"31/08/2016 18:57:06",,,"application","System.UInt32[]","System.Diagnostics.Eventing.Reader.EventBookmark","Information","Info",,"System.Collections.ObjectModel.ReadOnlyCollection`1[System.String]","System.Collections.Generic.List`1[System.Diagnostics.Eventing.Reader.EventProperty]"
,"0",,"0","4","0",,"36028797018963968","133786","BrYNSvc",,"Application",,,"COHPMARTIN.gpco.local",,"31/08/2016 18:57:06",,,"application","System.UInt32[]","System.Diagnostics.Eventing.Reader.EventBookmark",,,,,"System.Collections.Generic.List`1[System.Diagnostics.Eventing.Reader.EventProperty]"
"PowerEvent handled successfully by the service.","0",,"0","4","0",,"36028797018963968","133785","Seagate Dashboard Services",,"Application",,,"COHPMARTIN.gpco.local",,"31/08/2016 18:57:06",,,"application","System.UInt32[]","System.Diagnostics.Eventing.Reader.EventBookmark","Information","Info",,"System.Collections.ObjectModel.ReadOnlyCollection`1[System.String]","System.Collections.Generic.List`1[System.Diagnostics.Eventing.Reader.EventProperty]"
,"0",,"0","4","0",,"36028797018963968","133784","BrYNSvc",,"Application",,,"COHPMARTIN.gpco.local",,"31/08/2016 18:57:06",,,"application","System.UInt32[]","System.Diagnostics.Eventing.Reader.EventBookmark",,,,,"System.Collections.Generic.List`1[System.Diagnostics.Eventing.Reader.EventProperty]"
"PowerEvent handled successfully by the service.","0",,"0","4","0",,"36028797018963968","133783","Seagate Dashboard Services",,"Application",,,"COHPMARTIN.gpco.local",,"31/08/2016 17:11:42",,,"application","System.UInt32[]","System.Diagnostics.Eventing.Reader.EventBookmark","Information","Info",,"System.Collections.ObjectModel.ReadOnlyCollection`1[System.String]","System.Collections.Generic.List`1[System.Diagnostics.Eventing.Reader.EventProperty]"
,"0",,"0","4","0",,"36028797018963968","133782","BrYNSvc",,"Application",,,"COHPMARTIN.gpco.local",,"31/08/2016 17:11:42",,,"application","System.UInt32[]","System.Diagnostics.Eventing.Reader.EventBookmark",,,,,"System.Collections.Generic.List`1[System.Diagnostics.Eventing.Reader.EventProperty]"
"Customer Experience Improvement Program data was successfully consolidated into files that will be sent to Microsoft for analysis. These files will be sent only if the user has opted to join the Windows Customer Experience Improvement Program.","1005","0","16384","4","0","0","36028797018963968","133781","Microsoft-Windows-CEIP","a402fe09-da6e-45f2-82af-3cb37170ee0c","Application","0","0","COHPMARTIN.gpco.local",,"31/08/2016 17:01:15",,,"application","System.UInt32[]","System.Diagnostics.Eventing.Reader.EventBookmark","Information",,,"System.Collections.ObjectModel.ReadOnlyCollection`1[System.String]","System.Collections.Generic.List`1[System.Diagnostics.Eventing.Reader.EventProperty]"
,"0",,"0","4","0",,"36028797018963968","133780","dbupdate",,"Application",,,"COHPMARTIN.gpco.local",,"31/08/2016 16:46:15",,,"application","System.UInt32[]","System.Diagnostics.Eventing.Reader.EventBookmark",,,,,"System.Collections.Generic.List`1[System.Diagnostics.Eventing.Reader.EventProperty]"
,"0",,"0","4","0",,"36028797018963968","133779","dbupdate",,"Application",,,"COHPMARTIN.gpco.local",,"31/08/2016 16:46:14",,,"application","System.UInt32[]","System.Diagnostics.Eventing.Reader.EventBookmark",,,,,"System.Collections.Generic.List`1[System.Diagnostics.Eventing.Reader.EventProperty]"
"The Software Protection service has completed licensing status check.
Application Id=0ff1ce15-a989-479d-af46-f275c6370663
Licensing Status=
1: 3e4294dd-a765-49bc-8dbd-cf8b62a4bd3d, 1, 1 [(0 [0x00000000, 1, 0], [(?)( 1 0x00000000)(?)( 2 0x00000000 3 0 msft:rm/algorithm/hwid/4.0 0x00000000 0)(?)(?)(?)(?)])(1 )(2 )]

","1003","0","16384","4","0","0","36028797018963968","133778","Microsoft-Windows-Security-SPP","e23b33b0-c8c9-472c-a5f9-f2bdfea0f156","Application","0","0","COHPMARTIN.gpco.local",,"31/08/2016 16:24:20",,,"application","System.UInt32[]","System.Diagnostics.Eventing.Reader.EventBookmark","Information",,,"System.Collections.ObjectModel.ReadOnlyCollection`1[System.String]","System.Collections.Generic.List`1[System.Diagnostics.Eventing.Reader.EventProperty]"
"The Software Protection service has completed licensing status check.
Application Id=0ff1ce15-a989-479d-af46-f275c6370663
Licensing Status=
1: 2b88c4f2-ea8f-43cd-805e-4d41346e18a7, 1, 1 [(0 [0x00000000, 1, 0], [(?)( 1 0x00000000)(?)( 2 0x00000000 3 0 msft:rm/algorithm/hwid/4.0 0x00000000 0)(?)(?)(?)(?)])(1 )(2 )]

","1003","0","16384","4","0","0","36028797018963968","133777","Microsoft-Windows-Security-SPP","e23b33b0-c8c9-472c-a5f9-f2bdfea0f156","Application","0","0","COHPMARTIN.gpco.local",,"31/08/2016 16:24:20",,,"application","System.UInt32[]","System.Diagnostics.Eventing.Reader.EventBookmark","Information",,,"System.Collections.ObjectModel.ReadOnlyCollection`1[System.String]","System.Collections.Generic.List`1[System.Diagnostics.Eventing.Reader.EventProperty]"
"The Software Protection service has completed licensing status check.
Application Id=0ff1ce15-a989-479d-af46-f275c6370663
Licensing Status=
1: 26b394d7-7ad7-4aab-8fcc-6ea678395a91, 1, 0 [(0 [0xC004F014, 0, 0], [(?)(?)(?)(?)(?)(?)(?)(?)])(1 )(2 )]
2: 2b88c4f2-ea8f-43cd-805e-4d41346e18a7, 1, 1 [(0 [0x00000000, 1, 0], [(?)( 1 0x00000000)(?)( 2 0x00000000 3 0 msft:rm/algorithm/hwid/4.0 0x00000000 0)(?)(?)(?)(?)])(1 )(2 )]
3: 339a5901-9bde-4f48-a88d-d048a42b54b1, 1, 0 [(0 [0xC004F014, 0, 0], [(?)(?)(?)(?)(?)(?)(?)(?)])(1 )(2 )]
4: 3e4294dd-a765-49bc-8dbd-cf8b62a4bd3d, 1, 1 [(0 [0x00000000, 1, 0], [(?)( 1 0x00000000)(?)( 2 0x00000000 3 0 msft:rm/algorithm/hwid/4.0 0x00000000 0)(?)(?)(?)(?)])(1 )(2 )]
5: 5829fd99-2b17-4be4-9814-381145e49019, 1, 0 [(0 [0xC004F014, 0, 0], [(?)(?)(?)(?)(?)(?)(?)(?)])(1 )(2 )]
6: 596bf8ec-7cab-4a98-83ae-459db70d24e4, 1, 0 [(0 [0xC004F014, 0, 0], [(?)(?)(?)(?)(?)(?)(?)(?)])(1 )(2 )]
7: 60afa663-984d-47a6-ac9c-00346ff5e8f0, 1, 0 [(0 [0xC004F014, 0, 0], [(?)(?)(?)(?)(?)(?)(?)(?)])(1 )(2 )]
8: 6c1bed1d-0273-4045-90d2-e0836f3c380b, 1, 0 [(0 [0xC004F014, 0, 0], [(?)(?)(?)(?)(?)(?)(?)(?)])(1 )(2 )]
9: 70d9ceb6-6dfa-4da4-b413-18c1c3c76e2e, 1, 0 [(0 [0xC004F014, 0, 0], [(?)(?)(?)(?)(?)(?)(?)(?)])(1 )(2 )]
10: 84832881-46ef-4124-8abc-eb493cdcf78e, 1, 0 [(0 [0xC004F014, 0, 0], [(?)(?)(?)(?)(?)(?)(?)(?)])(1 )(2 )]
11: aa64f755-8a7b-4519-bc32-cab66deb92cb, 1, 0 [(0 [0xC004F014, 0, 0], [(?)(?)(?)(?)(?)(?)(?)(?)])(1 )(2 )]
12: b322da9c-a2e2-4058-9e4e-f59a6970bd69, 1, 0 [(0 [0xC004F014, 0, 0], [(?)(?)(?)(?)(?)(?)(?)(?)])(1 )(2 )]
13: c8ce6adc-ede7-4ce2-8e7b-c49f462ab8c3, 1, 0 [(0 [0xC004F014, 0, 0], [(?)(?)(?)(?)(?)(?)(?)(?)])(1 )(2 )]
14: de52bd50-9564-4adc-8fcb-a345c17f84f9, 1, 0 [(0 [0xC004F014, 0, 0], [(?)(?)(?)(?)(?)(?)(?)(?)])(1 )(2 )]
15: e13ac10e-75d0-4aff-a0cd-764982cf541c, 1, 0 [(0 [0xC004F014, 0, 0], [(?)(?)(?)(?)(?)(?)(?)(?)])(1 )(2 )]
16: e1fef7e5-6886-458c-8e45-7c1e9daab00c, 1, 0 [(0 [0xC004F014, 0, 0], [(?)(?)(?)(?)(?)(?)(?)(?)])(1 )(2 )]

","1003","0","16384","4","0","0","36028797018963968","133776","Microsoft-Windows-Security-SPP","e23b33b0-c8c9-472c-a5f9-f2bdfea0f156","Application","0","0","COHPMARTIN.gpco.local",,"31/08/2016 16:24:20",,,"application","System.UInt32[]","System.Diagnostics.Eventing.Reader.EventBookmark","Information",,,"System.Collections.ObjectModel.ReadOnlyCollection`1[System.String]","System.Collections.Generic.List`1[System.Diagnostics.Eventing.Reader.EventProperty]"
"The computer 'Administrators (built-in)' preference item in the 'Sophos client policy {FBE5DF28-8803-4429-A5C0-B62D2D01C694}' Group Policy Object did not apply because it failed with error code '0x80070534 No mapping between account names and security IDs was done.' This error was suppressed.","4098",,"34305","3","2",,"36028797018963968","133775","Group Policy Local Users and Groups",,"Application",,,"COHPMARTIN.gpco.local","S-1-5-18","31/08/2016 16:23:02",,,"application","System.UInt32[]","System.Diagnostics.Eventing.Reader.EventBookmark","Warning",,,"System.Collections.ObjectModel.ReadOnlyCollection`1[System.String]","System.Collections.Generic.List`1[System.Diagnostics.Eventing.Reader.EventProperty]"
"Performance counters for the WmiApRpl (WmiApRpl) service were loaded successfully. The Record Data in the data section contains the new index values assigned to this service.","1000","0",,"4","0","0","-9223372036854775808","133774","Microsoft-Windows-LoadPerf","122ee297-bb47-41ae-b265-1ca8d1886d40","Application","4980","12348","COHPMARTIN.gpco.local","S-1-5-18","31/08/2016 16:11:25",,,"application","System.UInt32[]","System.Diagnostics.Eventing.Reader.EventBookmark","Information","Info",,"System.Collections.ObjectModel.ReadOnlyCollection`1[System.String]","System.Collections.Generic.List`1[System.Diagnostics.Eventing.Reader.EventProperty]"
"Unloading the performance counter strings for service WmiApRpl (WmiApRpl) failed. The first DWORD in the Data section contains the error code.","3011","0",,"2","0","0","-9223372036854775808","133773","Microsoft-Windows-LoadPerf","122ee297-bb47-41ae-b265-1ca8d1886d40","Application","4980","12348","COHPMARTIN.gpco.local","S-1-5-18","31/08/2016 16:11:22",,,"application","System.UInt32[]","System.Diagnostics.Eventing.Reader.EventBookmark","Error","Info",,"System.Collections.ObjectModel.ReadOnlyCollection`1[System.String]","System.Collections.Generic.List`1[System.Diagnostics.Eventing.Reader.EventProperty]"
"The performance strings in the Performance registry value is corrupted when process Performance extension counter provider. The BaseIndex value from the Performance registry is the first DWORD in the Data section, LastCounter value is the second DWORD in the Data section, and LastHelp value is the third DWORD in the Data section.","3012","0",,"2","0","0","-9223372036854775808","133772","Microsoft-Windows-LoadPerf","122ee297-bb47-41ae-b265-1ca8d1886d40","Application","4980","12348","COHPMARTIN.gpco.local","S-1-5-18","31/08/2016 16:11:22",,,"application","System.UInt32[]","System.Diagnostics.Eventing.Reader.EventBookmark","Error","Info",,"System.Collections.ObjectModel.ReadOnlyCollection`1[System.String]","System.Collections.Generic.List`1[System.Diagnostics.Eventing.Reader.EventProperty]"
"The Exchange web service request GetAppManifests succeeded. ","63",,"16384","4","0",,"36028797018963968","133771","Outlook",,"Application",,,"COHPMARTIN.gpco.local",,"31/08/2016 14:42:58",,,"application","System.UInt32[]","System.Diagnostics.Eventing.Reader.EventBookmark","Information",,,"System.Collections.ObjectModel.ReadOnlyCollection`1[System.String]","System.Collections.Generic.List`1[System.Diagnostics.Eventing.Reader.EventProperty]"
"The Exchange web service request GetAppManifests succeeded. ","63",,"16384","4","0",,"36028797018963968","133770","Outlook",,"Application",,,"COHPMARTIN.gpco.local",,"31/08/2016 14:42:58",,,"application","System.UInt32[]","System.Diagnostics.Eventing.Reader.EventBookmark","Information",,,"System.Collections.ObjectModel.ReadOnlyCollection`1[System.String]","System.Collections.Generic.List`1[System.Diagnostics.Eventing.Reader.EventProperty]"
"Outlook detected a change notification for your apps and will attempt to update them.","63",,"16384","4","0",,"36028797018963968","133769","Outlook",,"Application",,,"COHPMARTIN.gpco.local",,"31/08/2016 14:42:57",,,"application","System.UInt32[]","System.Diagnostics.Eventing.Reader.EventBookmark","Information",,,"System.Collections.ObjectModel.ReadOnlyCollection`1[System.String]","System.Collections.Generic.List`1[System.Diagnostics.Eventing.Reader.EventProperty]"
"The Exchange web service request GetAppManifests succeeded. ","63",,"16384","4","0",,"36028797018963968","133768","Outlook",,"Application",,,"COHPMARTIN.gpco.local",,"31/08/2016 14:42:47",,,"application","System.UInt32[]","System.Diagnostics.Eventing.Reader.EventBookmark","Information",,,"System.Collections.ObjectModel.ReadOnlyCollection`1[System.String]","System.Collections.Generic.List`1[System.Diagnostics.Eventing.Reader.EventProperty]"
"The Exchange web service request GetAppManifests succeeded. ","63",,"16384","4","0",,"36028797018963968","133767","Outlook",,"Application",,,"COHPMARTIN.gpco.local",,"31/08/2016 14:42:47",,,"application","System.UInt32[]","System.Diagnostics.Eventing.Reader.EventBookmark","Information",,,"System.Collections.ObjectModel.ReadOnlyCollection`1[System.String]","System.Collections.Generic.List`1[System.Diagnostics.Eventing.Reader.EventProperty]"
"The computer 'Administrators (built-in)' preference item in the 'Sophos client policy {FBE5DF28-8803-4429-A5C0-B62D2D01C694}' Group Policy Object did not apply because it failed with error code '0x80070534 No mapping between account names and security IDs was done.' This error was suppressed.","4098",,"34305","3","2",,"36028797018963968","133766","Group Policy Local Users and Groups",,"Application",,,"COHPMARTIN.gpco.local","S-1-5-18","31/08/2016 14:25:04",,,"application","System.UInt32[]","System.Diagnostics.Eventing.Reader.EventBookmark","Warning",,,"System.Collections.ObjectModel.ReadOnlyCollection`1[System.String]","System.Collections.Generic.List`1[System.Diagnostics.Eventing.Reader.EventProperty]"
"The Exchange web service request GetAppManifests succeeded. ","63",,"16384","4","0",,"36028797018963968","133765","Outlook",,"Application",,,"COHPMARTIN.gpco.local",,"31/08/2016 13:25:44",,,"application","System.UInt32[]","System.Diagnostics.Eventing.Reader.EventBookmark","Information",,,"System.Collections.ObjectModel.ReadOnlyCollection`1[System.String]","System.Collections.Generic.List`1[System.Diagnostics.Eventing.Reader.EventProperty]"
"The Exchange web service request GetAppManifests succeeded. ","63",,"16384","4","0",,"36028797018963968","133764","Outlook",,"Application",,,"COHPMARTIN.gpco.local",,"31/08/2016 13:25:43",,,"application","System.UInt32[]","System.Diagnostics.Eventing.Reader.EventBookmark","Information",,,"System.Collections.ObjectModel.ReadOnlyCollection`1[System.String]","System.Collections.Generic.List`1[System.Diagnostics.Eventing.Reader.EventProperty]"
"The computer 'Administrators (built-in)' preference item in the 'Sophos client policy {FBE5DF28-8803-4429-A5C0-B62D2D01C694}' Group Policy Object did not apply because it failed with error code '0x80070534 No mapping between account names and security IDs was done.' This error was suppressed.","4098",,"34305","3","2",,"36028797018963968","133763","Group Policy Local Users and Groups",,"Application",,,"COHPMARTIN.gpco.local","S-1-5-18","31/08/2016 12:27:03",,,"application","System.UInt32[]","System.Diagnostics.Eventing.Reader.EventBookmark","Warning",,,"System.Collections.ObjectModel.ReadOnlyCollection`1[System.String]","System.Collections.Generic.List`1[System.Diagnostics.Eventing.Reader.EventProperty]"
,"0",,"0","4","0",,"36028797018963968","133762","dbupdate",,"Application",,,"COHPMARTIN.gpco.local",,"31/08/2016 11:46:49",,,"application","System.UInt32[]","System.Diagnostics.Eventing.Reader.EventBookmark",,,,,"System.Collections.Generic.List`1[System.Diagnostics.Eventing.Reader.EventProperty]"
,"0",,"0","4","0",,"36028797018963968","133761","dbupdate",,"Application",,,"COHPMARTIN.gpco.local",,"31/08/2016 11:46:47",,,"application","System.UInt32[]","System.Diagnostics.Eventing.Reader.EventBookmark",,,,,"System.Collections.Generic.List`1[System.Diagnostics.Eventing.Reader.EventProperty]"
"Performance counters for the WmiApRpl (WmiApRpl) service were loaded successfully. The Record Data in the data section contains the new index values assigned to this service.","1000","0",,"4","0","0","-9223372036854775808","133760","Microsoft-Windows-LoadPerf","122ee297-bb47-41ae-b265-1ca8d1886d40","Application","15512","5892","COHPMARTIN.gpco.local","S-1-5-18","31/08/2016 11:03:22",,,"application","System.UInt32[]","System.Diagnostics.Eventing.Reader.EventBookmark","Information","Info",,"System.Collections.ObjectModel.ReadOnlyCollection`1[System.String]","System.Collections.Generic.List`1[System.Diagnostics.Eventing.Reader.EventProperty]"
"Unloading the performance counter strings for service WmiApRpl (WmiApRpl) failed. The first DWORD in the Data section contains the error code.","3011","0",,"2","0","0","-9223372036854775808","133759","Microsoft-Windows-LoadPerf","122ee297-bb47-41ae-b265-1ca8d1886d40","Application","15512","5892","COHPMARTIN.gpco.local","S-1-5-18","31/08/2016 11:03:19",,,"application","System.UInt32[]","System.Diagnostics.Eventing.Reader.EventBookmark","Error","Info",,"System.Collections.ObjectModel.ReadOnlyCollection`1[System.String]","System.Collections.Generic.List`1[System.Diagnostics.Eventing.Reader.EventProperty]"
"The performance strings in the Performance registry value is corrupted when process Performance extension counter provider. The BaseIndex value from the Performance registry is the first DWORD in the Data section, LastCounter value is the second DWORD in the Data section, and LastHelp value is the third DWORD in the Data section.","3012","0",,"2","0","0","-9223372036854775808","133758","Microsoft-Windows-LoadPerf","122ee297-bb47-41ae-b265-1ca8d1886d40","Application","15512","5892","COHPMARTIN.gpco.local","S-1-5-18","31/08/2016 11:03:19",,,"application","System.UInt32[]","System.Diagnostics.Eventing.Reader.EventBookmark","Error","Info",,"System.Collections.ObjectModel.ReadOnlyCollection`1[System.String]","System.Collections.Generic.List`1[System.Diagnostics.Eventing.Reader.EventProperty]"
"svchost (7052) Instance: The database engine stopped the instance (0). 
 
Dirty Shutdown: 0 
 
Internal Timing Sequence: [1] 0.000, [2] 0.000, [3] 0.000, [4] 0.000, [5] 0.000, [6] 0.000, [7] 0.000, [8] 0.000, [9] 0.000, [10] 0.000, [11] 0.000, [12] 0.000, [13] 0.000, [14] 0.000, [15] 0.000.","103",,"0","4","1",,"36028797018963968","133757","ESENT",,"Application",,,"COHPMARTIN.gpco.local",,"31/08/2016 10:56:41",,,"application","System.UInt32[]","System.Diagnostics.Eventing.Reader.EventBookmark","Information","Info","General","System.Collections.ObjectModel.ReadOnlyCollection`1[System.String]","System.Collections.Generic.List`1[System.Diagnostics.Eventing.Reader.EventProperty]"
"svchost (7052) Instance: The database engine detached a database (1, C:\ProgramData\Microsoft\Windows\AppRepository\PackageRepository.edb). (Time=0 seconds) 
 
Internal Timing Sequence: [1] 0.000, [2] 0.000, [3] 0.000, [4] 0.000, [5] 0.000, [6] 0.000, [7] 0.000, [8] 0.000, [9] 0.000, [10] 0.000, [11] 0.016, [12] 0.000. 
Revived Cache: 0 0","327",,"0","4","1",,"36028797018963968","133756","ESENT",,"Application",,,"COHPMARTIN.gpco.local",,"31/08/2016 10:56:41",,,"application","System.UInt32[]","System.Diagnostics.Eventing.Reader.EventBookmark","Information","Info","General","System.Collections.ObjectModel.ReadOnlyCollection`1[System.String]","System.Collections.Generic.List`1[System.Diagnostics.Eventing.Reader.EventProperty]"
"svchost (7052) Instance: The database engine attached a database (1, C:\ProgramData\Microsoft\Windows\AppRepository\PackageRepository.edb). (Time=0 seconds) 
 
Internal Timing Sequence: [1] 0.000, [2] 0.000, [3] 0.015, [4] 0.000, [5] 0.000, [6] 0.000, [7] 0.000, [8] 0.000, [9] 0.000, [10] 0.000, [11] 0.000, [12] 0.000. 
Saved Cache: 1 0","326",,"0","4","1",,"36028797018963968","133755","ESENT",,"Application",,,"COHPMARTIN.gpco.local",,"31/08/2016 10:51:41",,,"application","System.UInt32[]","System.Diagnostics.Eventing.Reader.EventBookmark","Information","Info","General","System.Collections.ObjectModel.ReadOnlyCollection`1[System.String]","System.Collections.Generic.List`1[System.Diagnostics.Eventing.Reader.EventProperty]"
"svchost (7052) Instance: The database engine started a new instance (0). (Time=0 seconds) 
 
Internal Timing Sequence: [1] 0.000, [2] 0.000, [3] 0.000, [4] 0.000, [5] 0.000, [6] 0.000, [7] 0.000, [8] 0.000, [9] 0.000, [10] 0.000.","105",,"0","4","1",,"36028797018963968","133754","ESENT",,"Application",,,"COHPMARTIN.gpco.local",,"31/08/2016 10:51:41",,,"application","System.UInt32[]","System.Diagnostics.Eventing.Reader.EventBookmark","Information","Info","General","System.Collections.ObjectModel.ReadOnlyCollection`1[System.String]","System.Collections.Generic.List`1[System.Diagnostics.Eventing.Reader.EventProperty]"
"svchost (7052) Instance: The database engine (6.03.9600.0000) is starting a new instance (0).","102",,"0","4","1",,"36028797018963968","133753","ESENT",,"Application",,,"COHPMARTIN.gpco.local",,"31/08/2016 10:51:41",,,"application","System.UInt32[]","System.Diagnostics.Eventing.Reader.EventBookmark","Information","Info","General","System.Collections.ObjectModel.ReadOnlyCollection`1[System.String]","System.Collections.Generic.List`1[System.Diagnostics.Eventing.Reader.EventProperty]"
"The Exchange web service request GetAppManifests succeeded. ","63",,"16384","4","0",,"36028797018963968","133752","Outlook",,"Application",,,"COHPMARTIN.gpco.local",,"31/08/2016 10:42:44",,,"application","System.UInt32[]","System.Diagnostics.Eventing.Reader.EventBookmark","Information",,,"System.Collections.ObjectModel.ReadOnlyCollection`1[System.String]","System.Collections.Generic.List`1[System.Diagnostics.Eventing.Reader.EventProperty]"
"The Exchange web service request GetAppManifests succeeded. ","63",,"16384","4","0",,"36028797018963968","133751","Outlook",,"Application",,,"COHPMARTIN.gpco.local",,"31/08/2016 10:42:43",,,"application","System.UInt32[]","System.Diagnostics.Eventing.Reader.EventBookmark","Information",,,"System.Collections.ObjectModel.ReadOnlyCollection`1[System.String]","System.Collections.Generic.List`1[System.Diagnostics.Eventing.Reader.EventProperty]"
"Security policy in the Group policy objects has been applied successfully.","1704",,"16384","4","0",,"36028797018963968","133750","SceCli",,"Application",,,"COHPMARTIN.gpco.local",,"31/08/2016 10:29:04",,,"application","System.UInt32[]","System.Diagnostics.Eventing.Reader.EventBookmark","Information",,,"System.Collections.ObjectModel.ReadOnlyCollection`1[System.String]","System.Collections.Generic.List`1[System.Diagnostics.Eventing.Reader.EventProperty]"
"The computer 'Administrators (built-in)' preference item in the 'Sophos client policy {FBE5DF28-8803-4429-A5C0-B62D2D01C694}' Group Policy Object did not apply because it failed with error code '0x80070534 No mapping between account names and security IDs was done.' This error was suppressed.","4098",,"34305","3","2",,"36028797018963968","133749","Group Policy Local Users and Groups",,"Application",,,"COHPMARTIN.gpco.local","S-1-5-18","31/08/2016 10:29:03",,,"application","System.UInt32[]","System.Diagnostics.Eventing.Reader.EventBookmark","Warning",,,"System.Collections.ObjectModel.ReadOnlyCollection`1[System.String]","System.Collections.Generic.List`1[System.Diagnostics.Eventing.Reader.EventProperty]"
"The store C:\Users\pmartin\Documents\Outlook Files\IGT_archive.pst has detected a catalog checkpoint.","32",,"16384","4","0",,"36028797018963968","133748","Outlook",,"Application",,,"COHPMARTIN.gpco.local",,"31/08/2016 09:32:23",,,"application","System.UInt32[]","System.Diagnostics.Eventing.Reader.EventBookmark","Information",,,"System.Collections.ObjectModel.ReadOnlyCollection`1[System.String]","System.Collections.Generic.List`1[System.Diagnostics.Eventing.Reader.EventProperty]"
"The store C:\Users\pmartin\OneDrive\Documents\Outlook Files\My Outlook Data File.pst has detected a catalog checkpoint.","32",,"16384","4","0",,"36028797018963968","133747","Outlook",,"Application",,,"COHPMARTIN.gpco.local",,"31/08/2016 09:31:27",,,"application","System.UInt32[]","System.Diagnostics.Eventing.Reader.EventBookmark","Information",,,"System.Collections.ObjectModel.ReadOnlyCollection`1[System.String]","System.Collections.Generic.List`1[System.Diagnostics.Eventing.Reader.EventProperty]"
"The store C:\Users\pmartin\AppData\Local\Microsoft\Outlook\philippe.martin@igt.com.ost has detected a catalog checkpoint.","32",,"16384","4","0",,"36028797018963968","133746","Outlook",,"Application",,,"COHPMARTIN.gpco.local",,"31/08/2016 09:29:11",,,"application","System.UInt32[]","System.Diagnostics.Eventing.Reader.EventBookmark","Information",,,"System.Collections.ObjectModel.ReadOnlyCollection`1[System.String]","System.Collections.Generic.List`1[System.Diagnostics.Eventing.Reader.EventProperty]"
"Performance counters for the WmiApRpl (WmiApRpl) service were loaded successfully. The Record Data in the data section contains the new index values assigned to this service.","1000","0",,"4","0","0","-9223372036854775808","133745","Microsoft-Windows-LoadPerf","122ee297-bb47-41ae-b265-1ca8d1886d40","Application","7176","10204","COHPMARTIN.gpco.local","S-1-5-18","31/08/2016 09:26:38",,,"application","System.UInt32[]","System.Diagnostics.Eventing.Reader.EventBookmark","Information","Info",,"System.Collections.ObjectModel.ReadOnlyCollection`1[System.String]","System.Collections.Generic.List`1[System.Diagnostics.Eventing.Reader.EventProperty]"
"Unloading the performance counter strings for service WmiApRpl (WmiApRpl) failed. The first DWORD in the Data section contains the error code.","3011","0",,"2","0","0","-9223372036854775808","133744","Microsoft-Windows-LoadPerf","122ee297-bb47-41ae-b265-1ca8d1886d40","Application","7176","10204","COHPMARTIN.gpco.local","S-1-5-18","31/08/2016 09:26:35",,,"application","System.UInt32[]","System.Diagnostics.Eventing.Reader.EventBookmark","Error","Info",,"System.Collections.ObjectModel.ReadOnlyCollection`1[System.String]","System.Collections.Generic.List`1[System.Diagnostics.Eventing.Reader.EventProperty]"
"The performance strings in the Performance registry value is corrupted when process Performance extension counter provider. The BaseIndex value from the Performance registry is the first DWORD in the Data section, LastCounter value is the second DWORD in the Data section, and LastHelp value is the third DWORD in the Data section.","3012","0",,"2","0","0","-9223372036854775808","133743","Microsoft-Windows-LoadPerf","122ee297-bb47-41ae-b265-1ca8d1886d40","Application","7176","10204","COHPMARTIN.gpco.local","S-1-5-18","31/08/2016 09:26:35",,,"application","System.UInt32[]","System.Diagnostics.Eventing.Reader.EventBookmark","Error","Info",,"System.Collections.ObjectModel.ReadOnlyCollection`1[System.String]","System.Collections.Generic.List`1[System.Diagnostics.Eventing.Reader.EventProperty]"
"The Exchange web service request GetAppManifests succeeded. ","63",,"16384","4","0",,"36028797018963968","133742","Outlook",,"Application",,,"COHPMARTIN.gpco.local",,"31/08/2016 09:25:33",,,"application","System.UInt32[]","System.Diagnostics.Eventing.Reader.EventBookmark","Information",,,"System.Collections.ObjectModel.ReadOnlyCollection`1[System.String]","System.Collections.Generic.List`1[System.Diagnostics.Eventing.Reader.EventProperty]"
"The Exchange web service request GetAppManifests succeeded. ","63",,"16384","4","0",,"36028797018963968","133741","Outlook",,"Application",,,"COHPMARTIN.gpco.local",,"31/08/2016 09:25:33",,,"application","System.UInt32[]","System.Diagnostics.Eventing.Reader.EventBookmark","Information",,,"System.Collections.ObjectModel.ReadOnlyCollection`1[System.String]","System.Collections.Generic.List`1[System.Diagnostics.Eventing.Reader.EventProperty]"
"The store C:\Users\pmartin\AppData\Local\Microsoft\Outlook\philippe.martin@gpco.be.ost has detected a catalog checkpoint.","32",,"16384","4","0",,"36028797018963968","133740","Outlook",,"Application",,,"COHPMARTIN.gpco.local",,"31/08/2016 09:23:18",,,"application","System.UInt32[]","System.Diagnostics.Eventing.Reader.EventBookmark","Information",,,"System.Collections.ObjectModel.ReadOnlyCollection`1[System.String]","System.Collections.Generic.List`1[System.Diagnostics.Eventing.Reader.EventProperty]"
"svchost (11388) Instance: The database engine stopped the instance (0). 
 
Dirty Shutdown: 0 
 
Internal Timing Sequence: [1] 0.000, [2] 0.000, [3] 0.000, [4] 0.000, [5] 0.000, [6] 0.000, [7] 0.000, [8] 0.000, [9] 0.000, [10] 0.000, [11] 0.000, [12] 0.000, [13] 0.000, [14] 0.000, [15] 0.000.","103",,"0","4","1",,"36028797018963968","133739","ESENT",,"Application",,,"COHPMARTIN.gpco.local",,"31/08/2016 09:18:08",,,"application","System.UInt32[]","System.Diagnostics.Eventing.Reader.EventBookmark","Information","Info","General","System.Collections.ObjectModel.ReadOnlyCollection`1[System.String]","System.Collections.Generic.List`1[System.Diagnostics.Eventing.Reader.EventProperty]"
"svchost (11388) Instance: The database engine detached a database (1, C:\ProgramData\Microsoft\Windows\AppRepository\PackageRepository.edb). (Time=0 seconds) 
 
Internal Timing Sequence: [1] 0.000, [2] 0.000, [3] 0.000, [4] 0.000, [5] 0.000, [6] 0.000, [7] 0.000, [8] 0.000, [9] 0.000, [10] 0.016, [11] 0.016, [12] 0.000. 
Revived Cache: 0 0","327",,"0","4","1",,"36028797018963968","133738","ESENT",,"Application",,,"COHPMARTIN.gpco.local",,"31/08/2016 09:18:08",,,"application","System.UInt32[]","System.Diagnostics.Eventing.Reader.EventBookmark","Information","Info","General","System.Collections.ObjectModel.ReadOnlyCollection`1[System.String]","System.Collections.Generic.List`1[System.Diagnostics.Eventing.Reader.EventProperty]"
"svchost (11388) Instance: The database engine attached a database (1, C:\ProgramData\Microsoft\Windows\AppRepository\PackageRepository.edb). (Time=0 seconds) 
 
Internal Timing Sequence: [1] 0.000, [2] 0.000, [3] 0.015, [4] 0.000, [5] 0.000, [6] 0.000, [7] 0.000, [8] 0.000, [9] 0.000, [10] 0.000, [11] 0.000, [12] 0.000. 
Saved Cache: 1 0","326",,"0","4","1",,"36028797018963968","133737","ESENT",,"Application",,,"COHPMARTIN.gpco.local",,"31/08/2016 09:12:59",,,"application","System.UInt32[]","System.Diagnostics.Eventing.Reader.EventBookmark","Information","Info","General","System.Collections.ObjectModel.ReadOnlyCollection`1[System.String]","System.Collections.Generic.List`1[System.Diagnostics.Eventing.Reader.EventProperty]"
"svchost (11388) Instance: The database engine started a new instance (0). (Time=0 seconds) 
 
Internal Timing Sequence: [1] 0.000, [2] 0.000, [3] 0.000, [4] 0.000, [5] 0.000, [6] 0.000, [7] 0.000, [8] 0.000, [9] 0.000, [10] 0.000.","105",,"0","4","1",,"36028797018963968","133736","ESENT",,"Application",,,"COHPMARTIN.gpco.local",,"31/08/2016 09:12:59",,,"application","System.UInt32[]","System.Diagnostics.Eventing.Reader.EventBookmark","Information","Info","General","System.Collections.ObjectModel.ReadOnlyCollection`1[System.String]","System.Collections.Generic.List`1[System.Diagnostics.Eventing.Reader.EventProperty]"
"svchost (11388) Instance: The database engine (6.03.9600.0000) is starting a new instance (0).","102",,"0","4","1",,"36028797018963968","133735","ESENT",,"Application",,,"COHPMARTIN.gpco.local",,"31/08/2016 09:12:59",,,"application","System.UInt32[]","System.Diagnostics.Eventing.Reader.EventBookmark","Information","Info","General","System.Collections.ObjectModel.ReadOnlyCollection`1[System.String]","System.Collections.Generic.List`1[System.Diagnostics.Eventing.Reader.EventProperty]"
"The Software Protection service has completed licensing status check.
Application Id=0ff1ce15-a989-479d-af46-f275c6370663
Licensing Status=
1: 3e4294dd-a765-49bc-8dbd-cf8b62a4bd3d, 1, 1 [(0 [0x00000000, 1, 0], [(?)( 1 0x00000000)(?)( 2 0x00000000 3 0 msft:rm/algorithm/hwid/4.0 0x00000000 0)(?)(?)(?)(?)])(1 )(2 )]

","1003","0","16384","4","0","0","36028797018963968","133734","Microsoft-Windows-Security-SPP","e23b33b0-c8c9-472c-a5f9-f2bdfea0f156","Application","0","0","COHPMARTIN.gpco.local",,"31/08/2016 09:05:00",,,"application","System.UInt32[]","System.Diagnostics.Eventing.Reader.EventBookmark","Information",,,"System.Collections.ObjectModel.ReadOnlyCollection`1[System.String]","System.Collections.Generic.List`1[System.Diagnostics.Eventing.Reader.EventProperty]"
"The Software Protection service has completed licensing status check.
Application Id=0ff1ce15-a989-479d-af46-f275c6370663
Licensing Status=
1: 2b88c4f2-ea8f-43cd-805e-4d41346e18a7, 1, 1 [(0 [0x00000000, 1, 0], [(?)( 1 0x00000000)(?)( 2 0x00000000 3 0 msft:rm/algorithm/hwid/4.0 0x00000000 0)(?)(?)(?)(?)])(1 )(2 )]

","1003","0","16384","4","0","0","36028797018963968","133733","Microsoft-Windows-Security-SPP","e23b33b0-c8c9-472c-a5f9-f2bdfea0f156","Application","0","0","COHPMARTIN.gpco.local",,"31/08/2016 09:05:00",,,"application","System.UInt32[]","System.Diagnostics.Eventing.Reader.EventBookmark","Information",,,"System.Collections.ObjectModel.ReadOnlyCollection`1[System.String]","System.Collections.Generic.List`1[System.Diagnostics.Eventing.Reader.EventProperty]"
"The Software Protection service has completed licensing status check.
Application Id=0ff1ce15-a989-479d-af46-f275c6370663
Licensing Status=
1: 26b394d7-7ad7-4aab-8fcc-6ea678395a91, 1, 0 [(0 [0xC004F014, 0, 0], [(?)(?)(?)(?)(?)(?)(?)(?)])(1 )(2 )]
2: 2b88c4f2-ea8f-43cd-805e-4d41346e18a7, 1, 1 [(0 [0x00000000, 1, 0], [(?)( 1 0x00000000)(?)( 2 0x00000000 3 0 msft:rm/algorithm/hwid/4.0 0x00000000 0)(?)(?)(?)(?)])(1 )(2 )]
3: 339a5901-9bde-4f48-a88d-d048a42b54b1, 1, 0 [(0 [0xC004F014, 0, 0], [(?)(?)(?)(?)(?)(?)(?)(?)])(1 )(2 )]
4: 3e4294dd-a765-49bc-8dbd-cf8b62a4bd3d, 1, 1 [(0 [0x00000000, 1, 0], [(?)( 1 0x00000000)(?)( 2 0x00000000 3 0 msft:rm/algorithm/hwid/4.0 0x00000000 0)(?)(?)(?)(?)])(1 )(2 )]
5: 5829fd99-2b17-4be4-9814-381145e49019, 1, 0 [(0 [0xC004F014, 0, 0], [(?)(?)(?)(?)(?)(?)(?)(?)])(1 )(2 )]
6: 596bf8ec-7cab-4a98-83ae-459db70d24e4, 1, 0 [(0 [0xC004F014, 0, 0], [(?)(?)(?)(?)(?)(?)(?)(?)])(1 )(2 )]
7: 60afa663-984d-47a6-ac9c-00346ff5e8f0, 1, 0 [(0 [0xC004F014, 0, 0], [(?)(?)(?)(?)(?)(?)(?)(?)])(1 )(2 )]
8: 6c1bed1d-0273-4045-90d2-e0836f3c380b, 1, 0 [(0 [0xC004F014, 0, 0], [(?)(?)(?)(?)(?)(?)(?)(?)])(1 )(2 )]
9: 70d9ceb6-6dfa-4da4-b413-18c1c3c76e2e, 1, 0 [(0 [0xC004F014, 0, 0], [(?)(?)(?)(?)(?)(?)(?)(?)])(1 )(2 )]
10: 84832881-46ef-4124-8abc-eb493cdcf78e, 1, 0 [(0 [0xC004F014, 0, 0], [(?)(?)(?)(?)(?)(?)(?)(?)])(1 )(2 )]
11: aa64f755-8a7b-4519-bc32-cab66deb92cb, 1, 0 [(0 [0xC004F014, 0, 0], [(?)(?)(?)(?)(?)(?)(?)(?)])(1 )(2 )]
12: b322da9c-a2e2-4058-9e4e-f59a6970bd69, 1, 0 [(0 [0xC004F014, 0, 0], [(?)(?)(?)(?)(?)(?)(?)(?)])(1 )(2 )]
13: c8ce6adc-ede7-4ce2-8e7b-c49f462ab8c3, 1, 0 [(0 [0xC004F014, 0, 0], [(?)(?)(?)(?)(?)(?)(?)(?)])(1 )(2 )]
14: de52bd50-9564-4adc-8fcb-a345c17f84f9, 1, 0 [(0 [0xC004F014, 0, 0], [(?)(?)(?)(?)(?)(?)(?)(?)])(1 )(2 )]
15: e13ac10e-75d0-4aff-a0cd-764982cf541c, 1, 0 [(0 [0xC004F014, 0, 0], [(?)(?)(?)(?)(?)(?)(?)(?)])(1 )(2 )]
16: e1fef7e5-6886-458c-8e45-7c1e9daab00c, 1, 0 [(0 [0xC004F014, 0, 0], [(?)(?)(?)(?)(?)(?)(?)(?)])(1 )(2 )]

","1003","0","16384","4","0","0","36028797018963968","133732","Microsoft-Windows-Security-SPP","e23b33b0-c8c9-472c-a5f9-f2bdfea0f156","Application","0","0","COHPMARTIN.gpco.local",,"31/08/2016 09:05:00",,,"application","System.UInt32[]","System.Diagnostics.Eventing.Reader.EventBookmark","Information",,,"System.Collections.ObjectModel.ReadOnlyCollection`1[System.String]","System.Collections.Generic.List`1[System.Diagnostics.Eventing.Reader.EventProperty]"
"The Software Protection service has completed licensing status check.
Application Id=0ff1ce15-a989-479d-af46-f275c6370663
Licensing Status=
1: 3e4294dd-a765-49bc-8dbd-cf8b62a4bd3d, 1, 1 [(0 [0x00000000, 1, 0], [(?)( 1 0x00000000)(?)( 2 0x00000000 3 0 msft:rm/algorithm/hwid/4.0 0x00000000 0)(?)(?)(?)(?)])(1 )(2 )]

","1003","0","16384","4","0","0","36028797018963968","133731","Microsoft-Windows-Security-SPP","e23b33b0-c8c9-472c-a5f9-f2bdfea0f156","Application","0","0","COHPMARTIN.gpco.local",,"31/08/2016 08:49:17",,,"application","System.UInt32[]","System.Diagnostics.Eventing.Reader.EventBookmark","Information",,,"System.Collections.ObjectModel.ReadOnlyCollection`1[System.String]","System.Collections.Generic.List`1[System.Diagnostics.Eventing.Reader.EventProperty]"
"The Software Protection service has completed licensing status check.
Application Id=0ff1ce15-a989-479d-af46-f275c6370663
Licensing Status=
1: 2b88c4f2-ea8f-43cd-805e-4d41346e18a7, 1, 1 [(0 [0x00000000, 1, 0], [(?)( 1 0x00000000)(?)( 2 0x00000000 3 0 msft:rm/algorithm/hwid/4.0 0x00000000 0)(?)(?)(?)(?)])(1 )(2 )]

