Analysis symbol: 
Rechecking for solution: 0
Report Id: 9f598045-6de1-11e6-82c5-f81654624463
Report Status: 0
Hashed bucket: dec91afec3b74e40d80a9125712a75f0","1001",,"0","4","0",,"36028797018963968","133394","Windows Error Reporting",,"Application",,,"COHPMARTIN.gpco.local",,"29/08/2016 14:11:53",,,"application","System.UInt32[]","System.Diagnostics.Eventing.Reader.EventBookmark","Information","Info",,"System.Collections.ObjectModel.ReadOnlyCollection`1[System.String]","System.Collections.Generic.List`1[System.Diagnostics.Eventing.Reader.EventProperty]"
"The shell stopped unexpectedly and explorer.exe was restarted.","1002","0","16384","4","0","0","36028797018963968","133393","Microsoft-Windows-Winlogon","dbe9b383-7cf3-4331-91cc-a3cb16a3b538","Application","0","0","COHPMARTIN.gpco.local",,"29/08/2016 14:11:52",,,"application","System.UInt32[]","System.Diagnostics.Eventing.Reader.EventBookmark","Information",,,"System.Collections.ObjectModel.ReadOnlyCollection`1[System.String]","System.Collections.Generic.List`1[System.Diagnostics.Eventing.Reader.EventProperty]"
"Fault bucket , type 0
Event Name: APPCRASH
Response: Not available
Cab Id: 0

Problem signature:
P1: Explorer.EXE
P2: 6.3.9600.18231
P3: 56b8c9f1
P4: MSVCR80.dll
P5: 8.0.50727.8428
P6: 520b0ac2
P7: c0000005
P8: 000000000001eb59
P9: 
P10: 

Attached files:
C:\Users\pmartin\AppData\Local\Temp\WER6252.tmp.appcompat.txt
C:\Users\pmartin\AppData\Local\Temp\WER63E9.tmp.WERInternalMetadata.xml
C:\Users\pmartin\AppData\Local\Microsoft\Windows\WER\ReportQueue\AppCrash_Explorer.EXE_93faa8b5445926fa658edfb7eca8156104569_ba052694_cab_12af6445\memory.hdmp
C:\Users\pmartin\AppData\Local\Microsoft\Windows\WER\ReportQueue\AppCrash_Explorer.EXE_93faa8b5445926fa658edfb7eca8156104569_ba052694_cab_12af6445\triagedump.dmp

These files may be available here:
C:\Users\pmartin\AppData\Local\Microsoft\Windows\WER\ReportQueue\AppCrash_Explorer.EXE_93faa8b5445926fa658edfb7eca8156104569_ba052694_cab_12af6445

Analysis symbol: 
Rechecking for solution: 0
Report Id: 9f598045-6de1-11e6-82c5-f81654624463
Report Status: 4
Hashed bucket: ","1001",,"0","4","0",,"36028797018963968","133392","Windows Error Reporting",,"Application",,,"COHPMARTIN.gpco.local",,"29/08/2016 14:11:51",,,"application","System.UInt32[]","System.Diagnostics.Eventing.Reader.EventBookmark","Information","Info",,"System.Collections.ObjectModel.ReadOnlyCollection`1[System.String]","System.Collections.Generic.List`1[System.Diagnostics.Eventing.Reader.EventProperty]"
"Faulting application name: Explorer.EXE, version: 6.3.9600.18231, time stamp: 0x56b8c9f1
Faulting module name: MSVCR80.dll, version: 8.0.50727.8428, time stamp: 0x520b0ac2
Exception code: 0xc0000005
Fault offset: 0x000000000001eb59
Faulting process id: 0x33c
Faulting application start time: 0x01d201c66de24b1f
Faulting application path: C:\windows\Explorer.EXE
Faulting module path: C:\windows\WinSxS\amd64_microsoft.vc80.crt_1fc8b3b9a1e18e3b_8.0.50727.8428_none_88dcdb0b2fb19957\MSVCR80.dll
Report Id: 9f598045-6de1-11e6-82c5-f81654624463
Faulting package full name: 
Faulting package-relative application ID: ","1000",,"0","2","100",,"36028797018963968","133391","Application Error",,"Application",,,"COHPMARTIN.gpco.local",,"29/08/2016 14:10:49",,,"application","System.UInt32[]","System.Diagnostics.Eventing.Reader.EventBookmark","Error","Info","Application Crashing Events","System.Collections.ObjectModel.ReadOnlyCollection`1[System.String]","System.Collections.Generic.List`1[System.Diagnostics.Eventing.Reader.EventProperty]"
"The Software Protection service has completed licensing status check.
Application Id=0ff1ce15-a989-479d-af46-f275c6370663
Licensing Status=
1: 3e4294dd-a765-49bc-8dbd-cf8b62a4bd3d, 1, 1 [(0 [0x00000000, 1, 0], [(?)( 1 0x00000000)(?)( 2 0x00000000 3 0 msft:rm/algorithm/hwid/4.0 0x00000000 0)(?)(?)(?)(?)])(1 )(2 )]

","1003","0","16384","4","0","0","36028797018963968","133390","Microsoft-Windows-Security-SPP","e23b33b0-c8c9-472c-a5f9-f2bdfea0f156","Application","0","0","COHPMARTIN.gpco.local",,"29/08/2016 14:09:02",,,"application","System.UInt32[]","System.Diagnostics.Eventing.Reader.EventBookmark","Information",,,"System.Collections.ObjectModel.ReadOnlyCollection`1[System.String]","System.Collections.Generic.List`1[System.Diagnostics.Eventing.Reader.EventProperty]"
"The Software Protection service has completed licensing status check.
Application Id=0ff1ce15-a989-479d-af46-f275c6370663
Licensing Status=
1: 2b88c4f2-ea8f-43cd-805e-4d41346e18a7, 1, 1 [(0 [0x00000000, 1, 0], [(?)( 1 0x00000000)(?)( 2 0x00000000 3 0 msft:rm/algorithm/hwid/4.0 0x00000000 0)(?)(?)(?)(?)])(1 )(2 )]

","1003","0","16384","4","0","0","36028797018963968","133389","Microsoft-Windows-Security-SPP","e23b33b0-c8c9-472c-a5f9-f2bdfea0f156","Application","0","0","COHPMARTIN.gpco.local",,"29/08/2016 14:09:02",,,"application","System.UInt32[]","System.Diagnostics.Eventing.Reader.EventBookmark","Information",,,"System.Collections.ObjectModel.ReadOnlyCollection`1[System.String]","System.Collections.Generic.List`1[System.Diagnostics.Eventing.Reader.EventProperty]"
"The Software Protection service has completed licensing status check.
Application Id=0ff1ce15-a989-479d-af46-f275c6370663
Licensing Status=
1: 26b394d7-7ad7-4aab-8fcc-6ea678395a91, 1, 0 [(0 [0xC004F014, 0, 0], [(?)(?)(?)(?)(?)(?)(?)(?)])(1 )(2 )]
2: 2b88c4f2-ea8f-43cd-805e-4d41346e18a7, 1, 1 [(0 [0x00000000, 1, 0], [(?)( 1 0x00000000)(?)( 2 0x00000000 3 0 msft:rm/algorithm/hwid/4.0 0x00000000 0)(?)(?)(?)(?)])(1 )(2 )]
3: 339a5901-9bde-4f48-a88d-d048a42b54b1, 1, 0 [(0 [0xC004F014, 0, 0], [(?)(?)(?)(?)(?)(?)(?)(?)])(1 )(2 )]
4: 3e4294dd-a765-49bc-8dbd-cf8b62a4bd3d, 1, 1 [(0 [0x00000000, 1, 0], [(?)( 1 0x00000000)(?)( 2 0x00000000 3 0 msft:rm/algorithm/hwid/4.0 0x00000000 0)(?)(?)(?)(?)])(1 )(2 )]
5: 5829fd99-2b17-4be4-9814-381145e49019, 1, 0 [(0 [0xC004F014, 0, 0], [(?)(?)(?)(?)(?)(?)(?)(?)])(1 )(2 )]
6: 596bf8ec-7cab-4a98-83ae-459db70d24e4, 1, 0 [(0 [0xC004F014, 0, 0], [(?)(?)(?)(?)(?)(?)(?)(?)])(1 )(2 )]
7: 60afa663-984d-47a6-ac9c-00346ff5e8f0, 1, 0 [(0 [0xC004F014, 0, 0], [(?)(?)(?)(?)(?)(?)(?)(?)])(1 )(2 )]
8: 6c1bed1d-0273-4045-90d2-e0836f3c380b, 1, 0 [(0 [0xC004F014, 0, 0], [(?)(?)(?)(?)(?)(?)(?)(?)])(1 )(2 )]
9: 70d9ceb6-6dfa-4da4-b413-18c1c3c76e2e, 1, 0 [(0 [0xC004F014, 0, 0], [(?)(?)(?)(?)(?)(?)(?)(?)])(1 )(2 )]
10: 84832881-46ef-4124-8abc-eb493cdcf78e, 1, 0 [(0 [0xC004F014, 0, 0], [(?)(?)(?)(?)(?)(?)(?)(?)])(1 )(2 )]
11: aa64f755-8a7b-4519-bc32-cab66deb92cb, 1, 0 [(0 [0xC004F014, 0, 0], [(?)(?)(?)(?)(?)(?)(?)(?)])(1 )(2 )]
12: b322da9c-a2e2-4058-9e4e-f59a6970bd69, 1, 0 [(0 [0xC004F014, 0, 0], [(?)(?)(?)(?)(?)(?)(?)(?)])(1 )(2 )]
13: c8ce6adc-ede7-4ce2-8e7b-c49f462ab8c3, 1, 0 [(0 [0xC004F014, 0, 0], [(?)(?)(?)(?)(?)(?)(?)(?)])(1 )(2 )]
14: de52bd50-9564-4adc-8fcb-a345c17f84f9, 1, 0 [(0 [0xC004F014, 0, 0], [(?)(?)(?)(?)(?)(?)(?)(?)])(1 )(2 )]
15: e13ac10e-75d0-4aff-a0cd-764982cf541c, 1, 0 [(0 [0xC004F014, 0, 0], [(?)(?)(?)(?)(?)(?)(?)(?)])(1 )(2 )]
16: e1fef7e5-6886-458c-8e45-7c1e9daab00c, 1, 0 [(0 [0xC004F014, 0, 0], [(?)(?)(?)(?)(?)(?)(?)(?)])(1 )(2 )]

","1003","0","16384","4","0","0","36028797018963968","133388","Microsoft-Windows-Security-SPP","e23b33b0-c8c9-472c-a5f9-f2bdfea0f156","Application","0","0","COHPMARTIN.gpco.local",,"29/08/2016 14:09:02",,,"application","System.UInt32[]","System.Diagnostics.Eventing.Reader.EventBookmark","Information",,,"System.Collections.ObjectModel.ReadOnlyCollection`1[System.String]","System.Collections.Generic.List`1[System.Diagnostics.Eventing.Reader.EventProperty]"
"The Software Protection service has completed licensing status check.
Application Id=0ff1ce15-a989-479d-af46-f275c6370663
Licensing Status=
1: 3e4294dd-a765-49bc-8dbd-cf8b62a4bd3d, 1, 1 [(0 [0x00000000, 1, 0], [(?)( 1 0x00000000)(?)( 2 0x00000000 3 0 msft:rm/algorithm/hwid/4.0 0x00000000 0)(?)(?)(?)(?)])(1 )(2 )]

","1003","0","16384","4","0","0","36028797018963968","133387","Microsoft-Windows-Security-SPP","e23b33b0-c8c9-472c-a5f9-f2bdfea0f156","Application","0","0","COHPMARTIN.gpco.local",,"29/08/2016 14:07:26",,,"application","System.UInt32[]","System.Diagnostics.Eventing.Reader.EventBookmark","Information",,,"System.Collections.ObjectModel.ReadOnlyCollection`1[System.String]","System.Collections.Generic.List`1[System.Diagnostics.Eventing.Reader.EventProperty]"
"The Software Protection service has completed licensing status check.
Application Id=0ff1ce15-a989-479d-af46-f275c6370663
Licensing Status=
1: 2b88c4f2-ea8f-43cd-805e-4d41346e18a7, 1, 1 [(0 [0x00000000, 1, 0], [(?)( 1 0x00000000)(?)( 2 0x00000000 3 0 msft:rm/algorithm/hwid/4.0 0x00000000 0)(?)(?)(?)(?)])(1 )(2 )]

","1003","0","16384","4","0","0","36028797018963968","133386","Microsoft-Windows-Security-SPP","e23b33b0-c8c9-472c-a5f9-f2bdfea0f156","Application","0","0","COHPMARTIN.gpco.local",,"29/08/2016 14:07:26",,,"application","System.UInt32[]","System.Diagnostics.Eventing.Reader.EventBookmark","Information",,,"System.Collections.ObjectModel.ReadOnlyCollection`1[System.String]","System.Collections.Generic.List`1[System.Diagnostics.Eventing.Reader.EventProperty]"
"The Software Protection service has completed licensing status check.
Application Id=0ff1ce15-a989-479d-af46-f275c6370663
Licensing Status=
1: 26b394d7-7ad7-4aab-8fcc-6ea678395a91, 1, 0 [(0 [0xC004F014, 0, 0], [(?)(?)(?)(?)(?)(?)(?)(?)])(1 )(2 )]
2: 2b88c4f2-ea8f-43cd-805e-4d41346e18a7, 1, 1 [(0 [0x00000000, 1, 0], [(?)( 1 0x00000000)(?)( 2 0x00000000 3 0 msft:rm/algorithm/hwid/4.0 0x00000000 0)(?)(?)(?)(?)])(1 )(2 )]
3: 339a5901-9bde-4f48-a88d-d048a42b54b1, 1, 0 [(0 [0xC004F014, 0, 0], [(?)(?)(?)(?)(?)(?)(?)(?)])(1 )(2 )]
4: 3e4294dd-a765-49bc-8dbd-cf8b62a4bd3d, 1, 1 [(0 [0x00000000, 1, 0], [(?)( 1 0x00000000)(?)( 2 0x00000000 3 0 msft:rm/algorithm/hwid/4.0 0x00000000 0)(?)(?)(?)(?)])(1 )(2 )]
5: 5829fd99-2b17-4be4-9814-381145e49019, 1, 0 [(0 [0xC004F014, 0, 0], [(?)(?)(?)(?)(?)(?)(?)(?)])(1 )(2 )]
6: 596bf8ec-7cab-4a98-83ae-459db70d24e4, 1, 0 [(0 [0xC004F014, 0, 0], [(?)(?)(?)(?)(?)(?)(?)(?)])(1 )(2 )]
7: 60afa663-984d-47a6-ac9c-00346ff5e8f0, 1, 0 [(0 [0xC004F014, 0, 0], [(?)(?)(?)(?)(?)(?)(?)(?)])(1 )(2 )]
8: 6c1bed1d-0273-4045-90d2-e0836f3c380b, 1, 0 [(0 [0xC004F014, 0, 0], [(?)(?)(?)(?)(?)(?)(?)(?)])(1 )(2 )]
9: 70d9ceb6-6dfa-4da4-b413-18c1c3c76e2e, 1, 0 [(0 [0xC004F014, 0, 0], [(?)(?)(?)(?)(?)(?)(?)(?)])(1 )(2 )]
10: 84832881-46ef-4124-8abc-eb493cdcf78e, 1, 0 [(0 [0xC004F014, 0, 0], [(?)(?)(?)(?)(?)(?)(?)(?)])(1 )(2 )]
11: aa64f755-8a7b-4519-bc32-cab66deb92cb, 1, 0 [(0 [0xC004F014, 0, 0], [(?)(?)(?)(?)(?)(?)(?)(?)])(1 )(2 )]
12: b322da9c-a2e2-4058-9e4e-f59a6970bd69, 1, 0 [(0 [0xC004F014, 0, 0], [(?)(?)(?)(?)(?)(?)(?)(?)])(1 )(2 )]
13: c8ce6adc-ede7-4ce2-8e7b-c49f462ab8c3, 1, 0 [(0 [0xC004F014, 0, 0], [(?)(?)(?)(?)(?)(?)(?)(?)])(1 )(2 )]
14: de52bd50-9564-4adc-8fcb-a345c17f84f9, 1, 0 [(0 [0xC004F014, 0, 0], [(?)(?)(?)(?)(?)(?)(?)(?)])(1 )(2 )]
15: e13ac10e-75d0-4aff-a0cd-764982cf541c, 1, 0 [(0 [0xC004F014, 0, 0], [(?)(?)(?)(?)(?)(?)(?)(?)])(1 )(2 )]
16: e1fef7e5-6886-458c-8e45-7c1e9daab00c, 1, 0 [(0 [0xC004F014, 0, 0], [(?)(?)(?)(?)(?)(?)(?)(?)])(1 )(2 )]

","1003","0","16384","4","0","0","36028797018963968","133385","Microsoft-Windows-Security-SPP","e23b33b0-c8c9-472c-a5f9-f2bdfea0f156","Application","0","0","COHPMARTIN.gpco.local",,"29/08/2016 14:07:26",,,"application","System.UInt32[]","System.Diagnostics.Eventing.Reader.EventBookmark","Information",,,"System.Collections.ObjectModel.ReadOnlyCollection`1[System.String]","System.Collections.Generic.List`1[System.Diagnostics.Eventing.Reader.EventProperty]"
"The Exchange web service request GetAppManifests succeeded. ","63",,"16384","4","0",,"36028797018963968","133384","Outlook",,"Application",,,"COHPMARTIN.gpco.local",,"29/08/2016 13:25:32",,,"application","System.UInt32[]","System.Diagnostics.Eventing.Reader.EventBookmark","Information",,,"System.Collections.ObjectModel.ReadOnlyCollection`1[System.String]","System.Collections.Generic.List`1[System.Diagnostics.Eventing.Reader.EventProperty]"
"The computer 'Administrators (built-in)' preference item in the 'Sophos client policy {FBE5DF28-8803-4429-A5C0-B62D2D01C694}' Group Policy Object did not apply because it failed with error code '0x80070534 No mapping between account names and security IDs was done.' This error was suppressed.","4098",,"34305","3","2",,"36028797018963968","133383","Group Policy Local Users and Groups",,"Application",,,"COHPMARTIN.gpco.local","S-1-5-18","29/08/2016 13:15:06",,,"application","System.UInt32[]","System.Diagnostics.Eventing.Reader.EventBookmark","Warning",,,"System.Collections.ObjectModel.ReadOnlyCollection`1[System.String]","System.Collections.Generic.List`1[System.Diagnostics.Eventing.Reader.EventProperty]"
"Reconciliation completed for the following store: C:\Users\pmartin\Documents\Outlook Files\IGT_archive.pst. Stats: Added: 0, Deleted: 0, Modified: 0, Compared: 1739, Version: 15.0.4849.1000.","38",,"16384","4","0",,"36028797018963968","133382","Outlook",,"Application",,,"COHPMARTIN.gpco.local",,"29/08/2016 13:08:50",,,"application","System.UInt32[]","System.Diagnostics.Eventing.Reader.EventBookmark","Information",,,"System.Collections.ObjectModel.ReadOnlyCollection`1[System.String]","System.Collections.Generic.List`1[System.Diagnostics.Eventing.Reader.EventProperty]"
"Starting reconciliation for the store C:\Users\pmartin\Documents\Outlook Files\IGT_archive.pst for the following reason: Automatic Reconciliation.","30",,"16384","4","0",,"36028797018963968","133381","Outlook",,"Application",,,"COHPMARTIN.gpco.local",,"29/08/2016 13:08:48",,,"application","System.UInt32[]","System.Diagnostics.Eventing.Reader.EventBookmark","Information",,,"System.Collections.ObjectModel.ReadOnlyCollection`1[System.String]","System.Collections.Generic.List`1[System.Diagnostics.Eventing.Reader.EventProperty]"
"Reconciliation completed for the following store: C:\Users\pmartin\AppData\Local\Microsoft\Outlook\philippe.martin@gpco.be.ost. Stats: Added: 572, Deleted: 1113, Modified: 2, Compared: 45700, Version: 15.0.4849.1000.","38",,"16384","4","0",,"36028797018963968","133380","Outlook",,"Application",,,"COHPMARTIN.gpco.local",,"29/08/2016 13:01:38",,,"application","System.UInt32[]","System.Diagnostics.Eventing.Reader.EventBookmark","Information",,,"System.Collections.ObjectModel.ReadOnlyCollection`1[System.String]","System.Collections.Generic.List`1[System.Diagnostics.Eventing.Reader.EventProperty]"
"Starting reconciliation for the store C:\Users\pmartin\AppData\Local\Microsoft\Outlook\philippe.martin@gpco.be.ost for the following reason: Automatic Reconciliation.","30",,"16384","4","0",,"36028797018963968","133379","Outlook",,"Application",,,"COHPMARTIN.gpco.local",,"29/08/2016 13:00:52",,,"application","System.UInt32[]","System.Diagnostics.Eventing.Reader.EventBookmark","Information",,,"System.Collections.ObjectModel.ReadOnlyCollection`1[System.String]","System.Collections.Generic.List`1[System.Diagnostics.Eventing.Reader.EventProperty]"
"svchost (11424) Instance: The database engine stopped the instance (0). 
 
Dirty Shutdown: 0 
 
Internal Timing Sequence: [1] 0.000, [2] 0.000, [3] 0.000, [4] 0.000, [5] 0.000, [6] 0.000, [7] 0.000, [8] 0.000, [9] 0.016, [10] 0.000, [11] 0.000, [12] 0.000, [13] 0.000, [14] 0.000, [15] 0.000.","103",,"0","4","1",,"36028797018963968","133378","ESENT",,"Application",,,"COHPMARTIN.gpco.local",,"29/08/2016 12:42:46",,,"application","System.UInt32[]","System.Diagnostics.Eventing.Reader.EventBookmark","Information","Info","General","System.Collections.ObjectModel.ReadOnlyCollection`1[System.String]","System.Collections.Generic.List`1[System.Diagnostics.Eventing.Reader.EventProperty]"
"svchost (11424) Instance: The database engine detached a database (1, C:\ProgramData\Microsoft\Windows\AppRepository\PackageRepository.edb). (Time=0 seconds) 
 
Internal Timing Sequence: [1] 0.000, [2] 0.000, [3] 0.000, [4] 0.000, [5] 0.000, [6] 0.015, [7] 0.000, [8] 0.000, [9] 0.000, [10] 0.000, [11] 0.000, [12] 0.000. 
Revived Cache: 0 0","327",,"0","4","1",,"36028797018963968","133377","ESENT",,"Application",,,"COHPMARTIN.gpco.local",,"29/08/2016 12:42:46",,,"application","System.UInt32[]","System.Diagnostics.Eventing.Reader.EventBookmark","Information","Info","General","System.Collections.ObjectModel.ReadOnlyCollection`1[System.String]","System.Collections.Generic.List`1[System.Diagnostics.Eventing.Reader.EventProperty]"
"svchost (11424) Instance: The database engine attached a database (1, C:\ProgramData\Microsoft\Windows\AppRepository\PackageRepository.edb). (Time=0 seconds) 
 
Internal Timing Sequence: [1] 0.000, [2] 0.000, [3] 0.000, [4] 0.000, [5] 0.000, [6] 0.000, [7] 0.000, [8] 0.000, [9] 0.000, [10] 0.000, [11] 0.000, [12] 0.000. 
Saved Cache: 1 0","326",,"0","4","1",,"36028797018963968","133376","ESENT",,"Application",,,"COHPMARTIN.gpco.local",,"29/08/2016 12:37:46",,,"application","System.UInt32[]","System.Diagnostics.Eventing.Reader.EventBookmark","Information","Info","General","System.Collections.ObjectModel.ReadOnlyCollection`1[System.String]","System.Collections.Generic.List`1[System.Diagnostics.Eventing.Reader.EventProperty]"
"svchost (11424) Instance: The database engine started a new instance (0). (Time=0 seconds) 
 
Internal Timing Sequence: [1] 0.000, [2] 0.000, [3] 0.016, [4] 0.000, [5] 0.000, [6] 0.000, [7] 0.000, [8] 0.000, [9] 0.000, [10] 0.000.","105",,"0","4","1",,"36028797018963968","133375","ESENT",,"Application",,,"COHPMARTIN.gpco.local",,"29/08/2016 12:37:46",,,"application","System.UInt32[]","System.Diagnostics.Eventing.Reader.EventBookmark","Information","Info","General","System.Collections.ObjectModel.ReadOnlyCollection`1[System.String]","System.Collections.Generic.List`1[System.Diagnostics.Eventing.Reader.EventProperty]"
"svchost (11424) Instance: The database engine (6.03.9600.0000) is starting a new instance (0).","102",,"0","4","1",,"36028797018963968","133374","ESENT",,"Application",,,"COHPMARTIN.gpco.local",,"29/08/2016 12:37:46",,,"application","System.UInt32[]","System.Diagnostics.Eventing.Reader.EventBookmark","Information","Info","General","System.Collections.ObjectModel.ReadOnlyCollection`1[System.String]","System.Collections.Generic.List`1[System.Diagnostics.Eventing.Reader.EventProperty]"
"svchost (11564) Instance: The database engine stopped the instance (0). 
 
Dirty Shutdown: 0 
 
Internal Timing Sequence: [1] 0.000, [2] 0.000, [3] 0.000, [4] 0.000, [5] 0.000, [6] 0.000, [7] 0.000, [8] 0.000, [9] 0.000, [10] 0.015, [11] 0.000, [12] 0.000, [13] 0.000, [14] 0.000, [15] 0.000.","103",,"0","4","1",,"36028797018963968","133373","ESENT",,"Application",,,"COHPMARTIN.gpco.local",,"29/08/2016 11:50:12",,,"application","System.UInt32[]","System.Diagnostics.Eventing.Reader.EventBookmark","Information","Info","General","System.Collections.ObjectModel.ReadOnlyCollection`1[System.String]","System.Collections.Generic.List`1[System.Diagnostics.Eventing.Reader.EventProperty]"
"svchost (11564) Instance: The database engine detached a database (1, C:\ProgramData\Microsoft\Windows\AppRepository\PackageRepository.edb). (Time=0 seconds) 
 
Internal Timing Sequence: [1] 0.000, [2] 0.000, [3] 0.000, [4] 0.000, [5] 0.000, [6] 0.000, [7] 0.000, [8] 0.000, [9] 0.000, [10] 0.000, [11] 0.000, [12] 0.000. 
Revived Cache: 0 0","327",,"0","4","1",,"36028797018963968","133372","ESENT",,"Application",,,"COHPMARTIN.gpco.local",,"29/08/2016 11:50:12",,,"application","System.UInt32[]","System.Diagnostics.Eventing.Reader.EventBookmark","Information","Info","General","System.Collections.ObjectModel.ReadOnlyCollection`1[System.String]","System.Collections.Generic.List`1[System.Diagnostics.Eventing.Reader.EventProperty]"
"svchost (11564) Instance: The database engine attached a database (1, C:\ProgramData\Microsoft\Windows\AppRepository\PackageRepository.edb). (Time=0 seconds) 
 
Internal Timing Sequence: [1] 0.000, [2] 0.000, [3] 0.000, [4] 0.000, [5] 0.000, [6] 0.000, [7] 0.000, [8] 0.000, [9] 0.000, [10] 0.000, [11] 0.000, [12] 0.000. 
Saved Cache: 1 0","326",,"0","4","1",,"36028797018963968","133371","ESENT",,"Application",,,"COHPMARTIN.gpco.local",,"29/08/2016 11:43:43",,,"application","System.UInt32[]","System.Diagnostics.Eventing.Reader.EventBookmark","Information","Info","General","System.Collections.ObjectModel.ReadOnlyCollection`1[System.String]","System.Collections.Generic.List`1[System.Diagnostics.Eventing.Reader.EventProperty]"
"svchost (11564) Instance: The database engine started a new instance (0). (Time=0 seconds) 
 
Internal Timing Sequence: [1] 0.000, [2] 0.000, [3] 0.000, [4] 0.000, [5] 0.000, [6] 0.000, [7] 0.015, [8] 0.000, [9] 0.000, [10] 0.000.","105",,"0","4","1",,"36028797018963968","133370","ESENT",,"Application",,,"COHPMARTIN.gpco.local",,"29/08/2016 11:43:43",,,"application","System.UInt32[]","System.Diagnostics.Eventing.Reader.EventBookmark","Information","Info","General","System.Collections.ObjectModel.ReadOnlyCollection`1[System.String]","System.Collections.Generic.List`1[System.Diagnostics.Eventing.Reader.EventProperty]"
"svchost (11564) Instance: The database engine (6.03.9600.0000) is starting a new instance (0).","102",,"0","4","1",,"36028797018963968","133369","ESENT",,"Application",,,"COHPMARTIN.gpco.local",,"29/08/2016 11:43:43",,,"application","System.UInt32[]","System.Diagnostics.Eventing.Reader.EventBookmark","Information","Info","General","System.Collections.ObjectModel.ReadOnlyCollection`1[System.String]","System.Collections.Generic.List`1[System.Diagnostics.Eventing.Reader.EventProperty]"
"svchost (2300) Instance: The database engine stopped the instance (0). 
 
Dirty Shutdown: 0 
 
Internal Timing Sequence: [1] 0.000, [2] 0.000, [3] 0.000, [4] 0.000, [5] 0.015, [6] 0.000, [7] 0.000, [8] 0.000, [9] 0.000, [10] 0.000, [11] 0.000, [12] 0.000, [13] 0.000, [14] 0.000, [15] 0.000.","103",,"0","4","1",,"36028797018963968","133368","ESENT",,"Application",,,"COHPMARTIN.gpco.local",,"29/08/2016 11:41:09",,,"application","System.UInt32[]","System.Diagnostics.Eventing.Reader.EventBookmark","Information","Info","General","System.Collections.ObjectModel.ReadOnlyCollection`1[System.String]","System.Collections.Generic.List`1[System.Diagnostics.Eventing.Reader.EventProperty]"
"svchost (2300) Instance: The database engine detached a database (1, C:\ProgramData\Microsoft\Windows\AppRepository\PackageRepository.edb). (Time=0 seconds) 
 
Internal Timing Sequence: [1] 0.000, [2] 0.000, [3] 0.000, [4] 0.000, [5] 0.000, [6] 0.016, [7] 0.000, [8] 0.000, [9] 0.000, [10] 0.000, [11] 0.000, [12] 0.000. 
Revived Cache: 0 0","327",,"0","4","1",,"36028797018963968","133367","ESENT",,"Application",,,"COHPMARTIN.gpco.local",,"29/08/2016 11:41:09",,,"application","System.UInt32[]","System.Diagnostics.Eventing.Reader.EventBookmark","Information","Info","General","System.Collections.ObjectModel.ReadOnlyCollection`1[System.String]","System.Collections.Generic.List`1[System.Diagnostics.Eventing.Reader.EventProperty]"
"Windows Installer installed the product. Product Name: inSSIDer Home. Product Version: 3.1.2.1. Product Language: 1033. Manufacturer: MetaGeek, LLC. Installation success or error status: 0.","1033",,"0","4","0",,"36028797018963968","133366","MsiInstaller",,"Application",,,"COHPMARTIN.gpco.local","S-1-5-21-2511364499-3860350569-1670997104-1142","29/08/2016 11:33:14",,,"application","System.UInt32[]","System.Diagnostics.Eventing.Reader.EventBookmark","Information","Info",,"System.Collections.ObjectModel.ReadOnlyCollection`1[System.String]","System.Collections.Generic.List`1[System.Diagnostics.Eventing.Reader.EventProperty]"
"Product: inSSIDer Home -- Installation completed successfully.","11707",,"0","4","0",,"36028797018963968","133365","MsiInstaller",,"Application",,,"COHPMARTIN.gpco.local","S-1-5-21-2511364499-3860350569-1670997104-1142","29/08/2016 11:33:14",,,"application","System.UInt32[]","System.Diagnostics.Eventing.Reader.EventBookmark","Information","Info",,"System.Collections.ObjectModel.ReadOnlyCollection`1[System.String]","System.Collections.Generic.List`1[System.Diagnostics.Eventing.Reader.EventProperty]"
"svchost (2300) Instance: The database engine attached a database (1, C:\ProgramData\Microsoft\Windows\AppRepository\PackageRepository.edb). (Time=0 seconds) 
 
Internal Timing Sequence: [1] 0.000, [2] 0.000, [3] 0.016, [4] 0.000, [5] 0.000, [6] 0.015, [7] 0.016, [8] 0.000, [9] 0.000, [10] 0.000, [11] 0.000, [12] 0.000. 
Saved Cache: 1 0","326",,"0","4","1",,"36028797018963968","133364","ESENT",,"Application",,,"COHPMARTIN.gpco.local",,"29/08/2016 11:33:13",,,"application","System.UInt32[]","System.Diagnostics.Eventing.Reader.EventBookmark","Information","Info","General","System.Collections.ObjectModel.ReadOnlyCollection`1[System.String]","System.Collections.Generic.List`1[System.Diagnostics.Eventing.Reader.EventProperty]"
"svchost (2300) Instance: The database engine started a new instance (0). (Time=0 seconds) 
 
Internal Timing Sequence: [1] 0.000, [2] 0.000, [3] 0.000, [4] 0.000, [5] 0.000, [6] 0.000, [7] 0.000, [8] 0.000, [9] 0.000, [10] 0.000.","105",,"0","4","1",,"36028797018963968","133363","ESENT",,"Application",,,"COHPMARTIN.gpco.local",,"29/08/2016 11:33:13",,,"application","System.UInt32[]","System.Diagnostics.Eventing.Reader.EventBookmark","Information","Info","General","System.Collections.ObjectModel.ReadOnlyCollection`1[System.String]","System.Collections.Generic.List`1[System.Diagnostics.Eventing.Reader.EventProperty]"
"svchost (2300) Instance: The database engine (6.03.9600.0000) is starting a new instance (0).","102",,"0","4","1",,"36028797018963968","133362","ESENT",,"Application",,,"COHPMARTIN.gpco.local",,"29/08/2016 11:33:13",,,"application","System.UInt32[]","System.Diagnostics.Eventing.Reader.EventBookmark","Information","Info","General","System.Collections.ObjectModel.ReadOnlyCollection`1[System.String]","System.Collections.Generic.List`1[System.Diagnostics.Eventing.Reader.EventProperty]"
"Ending session 0 started ?2016?-?08?-?29T09:33:10.053274700Z.","10001","0",,"4","0","0","-9223372036854775808","133361","Microsoft-Windows-RestartManager","0888e5ef-9b98-4695-979d-e92ce4247224","Application","11992","12184","COHPMARTIN.gpco.local","S-1-5-21-2511364499-3860350569-1670997104-1142","29/08/2016 11:33:12",,,"application","System.UInt32[]","System.Diagnostics.Eventing.Reader.EventBookmark","Information","Info",,"System.Collections.ObjectModel.ReadOnlyCollection`1[System.String]","System.Collections.Generic.List`1[System.Diagnostics.Eventing.Reader.EventProperty]"
"Ending a Windows Installer transaction: C:\Users\pmartin\Downloads\Temp\inSSIDer-installer.msi. Client Process Id: 4956.","1042",,"0","4","0",,"36028797018963968","133360","MsiInstaller",,"Application",,,"COHPMARTIN.gpco.local","S-1-5-18","29/08/2016 11:33:12",,,"application","System.UInt32[]","System.Diagnostics.Eventing.Reader.EventBookmark","Information","Info",,"System.Collections.ObjectModel.ReadOnlyCollection`1[System.String]","System.Collections.Generic.List`1[System.Diagnostics.Eventing.Reader.EventProperty]"
"Starting session 0 - ?2016?-?08?-?29T09:33:10.053274700Z.","10000","0",,"4","0","0","-9223372036854775808","133359","Microsoft-Windows-RestartManager","0888e5ef-9b98-4695-979d-e92ce4247224","Application","11992","11324","COHPMARTIN.gpco.local","S-1-5-21-2511364499-3860350569-1670997104-1142","29/08/2016 11:33:10",,,"application","System.UInt32[]","System.Diagnostics.Eventing.Reader.EventBookmark","Information","Info",,"System.Collections.ObjectModel.ReadOnlyCollection`1[System.String]","System.Collections.Generic.List`1[System.Diagnostics.Eventing.Reader.EventProperty]"
"Beginning a Windows Installer transaction: C:\Users\pmartin\Downloads\Temp\inSSIDer-installer.msi. Client Process Id: 4956.","1040",,"0","4","0",,"36028797018963968","133358","MsiInstaller",,"Application",,,"COHPMARTIN.gpco.local","S-1-5-21-2511364499-3860350569-1670997104-1142","29/08/2016 11:33:09",,,"application","System.UInt32[]","System.Diagnostics.Eventing.Reader.EventBookmark","Information","Info",,"System.Collections.ObjectModel.ReadOnlyCollection`1[System.String]","System.Collections.Generic.List`1[System.Diagnostics.Eventing.Reader.EventProperty]"
"svchost (9456) Instance: The database engine stopped the instance (0). 
 
Dirty Shutdown: 0 
 
Internal Timing Sequence: [1] 0.000, [2] 0.000, [3] 0.000, [4] 0.000, [5] 0.000, [6] 0.000, [7] 0.000, [8] 0.000, [9] 0.000, [10] 0.016, [11] 0.000, [12] 0.000, [13] 0.000, [14] 0.000, [15] 0.000.","103",,"0","4","1",,"36028797018963968","133357","ESENT",,"Application",,,"COHPMARTIN.gpco.local",,"29/08/2016 11:27:45",,,"application","System.UInt32[]","System.Diagnostics.Eventing.Reader.EventBookmark","Information","Info","General","System.Collections.ObjectModel.ReadOnlyCollection`1[System.String]","System.Collections.Generic.List`1[System.Diagnostics.Eventing.Reader.EventProperty]"
"svchost (9456) Instance: The database engine detached a database (1, C:\ProgramData\Microsoft\Windows\AppRepository\PackageRepository.edb). (Time=0 seconds) 
 
Internal Timing Sequence: [1] 0.000, [2] 0.000, [3] 0.000, [4] 0.000, [5] 0.000, [6] 0.000, [7] 0.000, [8] 0.000, [9] 0.000, [10] 0.000, [11] 0.016, [12] 0.000. 
Revived Cache: 0 0","327",,"0","4","1",,"36028797018963968","133356","ESENT",,"Application",,,"COHPMARTIN.gpco.local",,"29/08/2016 11:27:45",,,"application","System.UInt32[]","System.Diagnostics.Eventing.Reader.EventBookmark","Information","Info","General","System.Collections.ObjectModel.ReadOnlyCollection`1[System.String]","System.Collections.Generic.List`1[System.Diagnostics.Eventing.Reader.EventProperty]"
"svchost (9456) Instance: The database engine attached a database (1, C:\ProgramData\Microsoft\Windows\AppRepository\PackageRepository.edb). (Time=0 seconds) 
 
Internal Timing Sequence: [1] 0.000, [2] 0.000, [3] 0.000, [4] 0.000, [5] 0.000, [6] 0.000, [7] 0.000, [8] 0.000, [9] 0.000, [10] 0.000, [11] 0.000, [12] 0.000. 
Saved Cache: 1 0","326",,"0","4","1",,"36028797018963968","133355","ESENT",,"Application",,,"COHPMARTIN.gpco.local",,"29/08/2016 11:22:44",,,"application","System.UInt32[]","System.Diagnostics.Eventing.Reader.EventBookmark","Information","Info","General","System.Collections.ObjectModel.ReadOnlyCollection`1[System.String]","System.Collections.Generic.List`1[System.Diagnostics.Eventing.Reader.EventProperty]"
"svchost (9456) Instance: The database engine started a new instance (0). (Time=0 seconds) 
 
Internal Timing Sequence: [1] 0.000, [2] 0.000, [3] 0.000, [4] 0.000, [5] 0.000, [6] 0.000, [7] 0.000, [8] 0.000, [9] 0.000, [10] 0.000.","105",,"0","4","1",,"36028797018963968","133354","ESENT",,"Application",,,"COHPMARTIN.gpco.local",,"29/08/2016 11:22:44",,,"application","System.UInt32[]","System.Diagnostics.Eventing.Reader.EventBookmark","Information","Info","General","System.Collections.ObjectModel.ReadOnlyCollection`1[System.String]","System.Collections.Generic.List`1[System.Diagnostics.Eventing.Reader.EventProperty]"
"svchost (9456) Instance: The database engine (6.03.9600.0000) is starting a new instance (0).","102",,"0","4","1",,"36028797018963968","133353","ESENT",,"Application",,,"COHPMARTIN.gpco.local",,"29/08/2016 11:22:44",,,"application","System.UInt32[]","System.Diagnostics.Eventing.Reader.EventBookmark","Information","Info","General","System.Collections.ObjectModel.ReadOnlyCollection`1[System.String]","System.Collections.Generic.List`1[System.Diagnostics.Eventing.Reader.EventProperty]"
"The computer 'Administrators (built-in)' preference item in the 'Sophos client policy {FBE5DF28-8803-4429-A5C0-B62D2D01C694}' Group Policy Object did not apply because it failed with error code '0x80070534 No mapping between account names and security IDs was done.' This error was suppressed.","4098",,"34305","3","2",,"36028797018963968","133352","Group Policy Local Users and Groups",,"Application",,,"COHPMARTIN.gpco.local","S-1-5-18","29/08/2016 11:17:01",,,"application","System.UInt32[]","System.Diagnostics.Eventing.Reader.EventBookmark","Warning",,,"System.Collections.ObjectModel.ReadOnlyCollection`1[System.String]","System.Collections.Generic.List`1[System.Diagnostics.Eventing.Reader.EventProperty]"
"svchost (4812) Instance: The database engine stopped the instance (0). 
 
Dirty Shutdown: 0 
 
Internal Timing Sequence: [1] 0.000, [2] 0.000, [3] 0.000, [4] 0.000, [5] 0.000, [6] 0.000, [7] 0.000, [8] 0.000, [9] 0.000, [10] 0.016, [11] 0.000, [12] 0.000, [13] 0.000, [14] 0.000, [15] 0.000.","103",,"0","4","1",,"36028797018963968","133351","ESENT",,"Application",,,"COHPMARTIN.gpco.local",,"29/08/2016 11:16:51",,,"application","System.UInt32[]","System.Diagnostics.Eventing.Reader.EventBookmark","Information","Info","General","System.Collections.ObjectModel.ReadOnlyCollection`1[System.String]","System.Collections.Generic.List`1[System.Diagnostics.Eventing.Reader.EventProperty]"
"svchost (4812) Instance: The database engine detached a database (1, C:\ProgramData\Microsoft\Windows\AppRepository\PackageRepository.edb). (Time=0 seconds) 
 
Internal Timing Sequence: [1] 0.000, [2] 0.000, [3] 0.000, [4] 0.000, [5] 0.000, [6] 0.015, [7] 0.000, [8] 0.000, [9] 0.000, [10] 0.000, [11] 0.000, [12] 0.000. 
Revived Cache: 0 0","327",,"0","4","1",,"36028797018963968","133350","ESENT",,"Application",,,"COHPMARTIN.gpco.local",,"29/08/2016 11:16:51",,,"application","System.UInt32[]","System.Diagnostics.Eventing.Reader.EventBookmark","Information","Info","General","System.Collections.ObjectModel.ReadOnlyCollection`1[System.String]","System.Collections.Generic.List`1[System.Diagnostics.Eventing.Reader.EventProperty]"
"svchost (4812) Instance: The database engine attached a database (1, C:\ProgramData\Microsoft\Windows\AppRepository\PackageRepository.edb). (Time=0 seconds) 
 
Internal Timing Sequence: [1] 0.000, [2] 0.000, [3] 0.000, [4] 0.000, [5] 0.000, [6] 0.000, [7] 0.000, [8] 0.000, [9] 0.000, [10] 0.000, [11] 0.000, [12] 0.000. 
Saved Cache: 1 0","326",,"0","4","1",,"36028797018963968","133349","ESENT",,"Application",,,"COHPMARTIN.gpco.local",,"29/08/2016 11:09:12",,,"application","System.UInt32[]","System.Diagnostics.Eventing.Reader.EventBookmark","Information","Info","General","System.Collections.ObjectModel.ReadOnlyCollection`1[System.String]","System.Collections.Generic.List`1[System.Diagnostics.Eventing.Reader.EventProperty]"
"svchost (4812) Instance: The database engine started a new instance (0). (Time=0 seconds) 
 
Internal Timing Sequence: [1] 0.000, [2] 0.000, [3] 0.016, [4] 0.000, [5] 0.000, [6] 0.000, [7] 0.000, [8] 0.000, [9] 0.000, [10] 0.000.","105",,"0","4","1",,"36028797018963968","133348","ESENT",,"Application",,,"COHPMARTIN.gpco.local",,"29/08/2016 11:09:12",,,"application","System.UInt32[]","System.Diagnostics.Eventing.Reader.EventBookmark","Information","Info","General","System.Collections.ObjectModel.ReadOnlyCollection`1[System.String]","System.Collections.Generic.List`1[System.Diagnostics.Eventing.Reader.EventProperty]"
"svchost (4812) Instance: The database engine (6.03.9600.0000) is starting a new instance (0).","102",,"0","4","1",,"36028797018963968","133347","ESENT",,"Application",,,"COHPMARTIN.gpco.local",,"29/08/2016 11:09:12",,,"application","System.UInt32[]","System.Diagnostics.Eventing.Reader.EventBookmark","Information","Info","General","System.Collections.ObjectModel.ReadOnlyCollection`1[System.String]","System.Collections.Generic.List`1[System.Diagnostics.Eventing.Reader.EventProperty]"
"The Software Protection service has completed licensing status check.
Application Id=0ff1ce15-a989-479d-af46-f275c6370663
Licensing Status=
1: 3e4294dd-a765-49bc-8dbd-cf8b62a4bd3d, 1, 1 [(0 [0x00000000, 1, 0], [(?)( 1 0x00000000)(?)( 2 0x00000000 3 0 msft:rm/algorithm/hwid/4.0 0x00000000 0)(?)(?)(?)(?)])(1 )(2 )]

","1003","0","16384","4","0","0","36028797018963968","133346","Microsoft-Windows-Security-SPP","e23b33b0-c8c9-472c-a5f9-f2bdfea0f156","Application","0","0","COHPMARTIN.gpco.local",,"29/08/2016 11:07:04",,,"application","System.UInt32[]","System.Diagnostics.Eventing.Reader.EventBookmark","Information",,,"System.Collections.ObjectModel.ReadOnlyCollection`1[System.String]","System.Collections.Generic.List`1[System.Diagnostics.Eventing.Reader.EventProperty]"
"The Software Protection service has completed licensing status check.
Application Id=0ff1ce15-a989-479d-af46-f275c6370663
Licensing Status=
1: 2b88c4f2-ea8f-43cd-805e-4d41346e18a7, 1, 1 [(0 [0x00000000, 1, 0], [(?)( 1 0x00000000)(?)( 2 0x00000000 3 0 msft:rm/algorithm/hwid/4.0 0x00000000 0)(?)(?)(?)(?)])(1 )(2 )]

","1003","0","16384","4","0","0","36028797018963968","133345","Microsoft-Windows-Security-SPP","e23b33b0-c8c9-472c-a5f9-f2bdfea0f156","Application","0","0","COHPMARTIN.gpco.local",,"29/08/2016 11:07:04",,,"application","System.UInt32[]","System.Diagnostics.Eventing.Reader.EventBookmark","Information",,,"System.Collections.ObjectModel.ReadOnlyCollection`1[System.String]","System.Collections.Generic.List`1[System.Diagnostics.Eventing.Reader.EventProperty]"
"The Software Protection service has completed licensing status check.
Application Id=0ff1ce15-a989-479d-af46-f275c6370663
Licensing Status=
1: 26b394d7-7ad7-4aab-8fcc-6ea678395a91, 1, 0 [(0 [0xC004F014, 0, 0], [(?)(?)(?)(?)(?)(?)(?)(?)])(1 )(2 )]
2: 2b88c4f2-ea8f-43cd-805e-4d41346e18a7, 1, 1 [(0 [0x00000000, 1, 0], [(?)( 1 0x00000000)(?)( 2 0x00000000 3 0 msft:rm/algorithm/hwid/4.0 0x00000000 0)(?)(?)(?)(?)])(1 )(2 )]
3: 339a5901-9bde-4f48-a88d-d048a42b54b1, 1, 0 [(0 [0xC004F014, 0, 0], [(?)(?)(?)(?)(?)(?)(?)(?)])(1 )(2 )]
4: 3e4294dd-a765-49bc-8dbd-cf8b62a4bd3d, 1, 1 [(0 [0x00000000, 1, 0], [(?)( 1 0x00000000)(?)( 2 0x00000000 3 0 msft:rm/algorithm/hwid/4.0 0x00000000 0)(?)(?)(?)(?)])(1 )(2 )]
5: 5829fd99-2b17-4be4-9814-381145e49019, 1, 0 [(0 [0xC004F014, 0, 0], [(?)(?)(?)(?)(?)(?)(?)(?)])(1 )(2 )]
6: 596bf8ec-7cab-4a98-83ae-459db70d24e4, 1, 0 [(0 [0xC004F014, 0, 0], [(?)(?)(?)(?)(?)(?)(?)(?)])(1 )(2 )]
7: 60afa663-984d-47a6-ac9c-00346ff5e8f0, 1, 0 [(0 [0xC004F014, 0, 0], [(?)(?)(?)(?)(?)(?)(?)(?)])(1 )(2 )]
8: 6c1bed1d-0273-4045-90d2-e0836f3c380b, 1, 0 [(0 [0xC004F014, 0, 0], [(?)(?)(?)(?)(?)(?)(?)(?)])(1 )(2 )]
9: 70d9ceb6-6dfa-4da4-b413-18c1c3c76e2e, 1, 0 [(0 [0xC004F014, 0, 0], [(?)(?)(?)(?)(?)(?)(?)(?)])(1 )(2 )]
10: 84832881-46ef-4124-8abc-eb493cdcf78e, 1, 0 [(0 [0xC004F014, 0, 0], [(?)(?)(?)(?)(?)(?)(?)(?)])(1 )(2 )]
11: aa64f755-8a7b-4519-bc32-cab66deb92cb, 1, 0 [(0 [0xC004F014, 0, 0], [(?)(?)(?)(?)(?)(?)(?)(?)])(1 )(2 )]
12: b322da9c-a2e2-4058-9e4e-f59a6970bd69, 1, 0 [(0 [0xC004F014, 0, 0], [(?)(?)(?)(?)(?)(?)(?)(?)])(1 )(2 )]
13: c8ce6adc-ede7-4ce2-8e7b-c49f462ab8c3, 1, 0 [(0 [0xC004F014, 0, 0], [(?)(?)(?)(?)(?)(?)(?)(?)])(1 )(2 )]
14: de52bd50-9564-4adc-8fcb-a345c17f84f9, 1, 0 [(0 [0xC004F014, 0, 0], [(?)(?)(?)(?)(?)(?)(?)(?)])(1 )(2 )]
15: e13ac10e-75d0-4aff-a0cd-764982cf541c, 1, 0 [(0 [0xC004F014, 0, 0], [(?)(?)(?)(?)(?)(?)(?)(?)])(1 )(2 )]
16: e1fef7e5-6886-458c-8e45-7c1e9daab00c, 1, 0 [(0 [0xC004F014, 0, 0], [(?)(?)(?)(?)(?)(?)(?)(?)])(1 )(2 )]

","1003","0","16384","4","0","0","36028797018963968","133344","Microsoft-Windows-Security-SPP","e23b33b0-c8c9-472c-a5f9-f2bdfea0f156","Application","0","0","COHPMARTIN.gpco.local",,"29/08/2016 11:07:04",,,"application","System.UInt32[]","System.Diagnostics.Eventing.Reader.EventBookmark","Information",,,"System.Collections.ObjectModel.ReadOnlyCollection`1[System.String]","System.Collections.Generic.List`1[System.Diagnostics.Eventing.Reader.EventProperty]"
"svchost (2280) Instance: The database engine stopped the instance (0). 
 
Dirty Shutdown: 0 
 
Internal Timing Sequence: [1] 0.000, [2] 0.000, [3] 0.000, [4] 0.000, [5] 0.000, [6] 0.000, [7] 0.000, [8] 0.000, [9] 0.016, [10] 0.015, [11] 0.000, [12] 0.000, [13] 0.000, [14] 0.000, [15] 0.000.","103",,"0","4","1",,"36028797018963968","133343","ESENT",,"Application",,,"COHPMARTIN.gpco.local",,"29/08/2016 10:07:50",,,"application","System.UInt32[]","System.Diagnostics.Eventing.Reader.EventBookmark","Information","Info","General","System.Collections.ObjectModel.ReadOnlyCollection`1[System.String]","System.Collections.Generic.List`1[System.Diagnostics.Eventing.Reader.EventProperty]"
"svchost (2280) Instance: The database engine detached a database (1, C:\ProgramData\Microsoft\Windows\AppRepository\PackageRepository.edb). (Time=0 seconds) 
 
Internal Timing Sequence: [1] 0.000, [2] 0.000, [3] 0.000, [4] 0.000, [5] 0.000, [6] 0.015, [7] 0.000, [8] 0.000, [9] 0.000, [10] 0.000, [11] 0.000, [12] 0.000. 
Revived Cache: 0 0","327",,"0","4","1",,"36028797018963968","133342","ESENT",,"Application",,,"COHPMARTIN.gpco.local",,"29/08/2016 10:07:50",,,"application","System.UInt32[]","System.Diagnostics.Eventing.Reader.EventBookmark","Information","Info","General","System.Collections.ObjectModel.ReadOnlyCollection`1[System.String]","System.Collections.Generic.List`1[System.Diagnostics.Eventing.Reader.EventProperty]"
"svchost (2280) Instance: The database engine attached a database (1, C:\ProgramData\Microsoft\Windows\AppRepository\PackageRepository.edb). (Time=0 seconds) 
 
Internal Timing Sequence: [1] 0.000, [2] 0.000, [3] 0.000, [4] 0.000, [5] 0.000, [6] 0.000, [7] 0.000, [8] 0.000, [9] 0.000, [10] 0.000, [11] 0.000, [12] 0.000. 
Saved Cache: 1 0","326",,"0","4","1",,"36028797018963968","133341","ESENT",,"Application",,,"COHPMARTIN.gpco.local",,"29/08/2016 10:02:49",,,"application","System.UInt32[]","System.Diagnostics.Eventing.Reader.EventBookmark","Information","Info","General","System.Collections.ObjectModel.ReadOnlyCollection`1[System.String]","System.Collections.Generic.List`1[System.Diagnostics.Eventing.Reader.EventProperty]"
"svchost (2280) Instance: The database engine started a new instance (0). (Time=0 seconds) 
 
Internal Timing Sequence: [1] 0.000, [2] 0.000, [3] 0.015, [4] 0.000, [5] 0.000, [6] 0.000, [7] 0.000, [8] 0.000, [9] 0.000, [10] 0.000.","105",,"0","4","1",,"36028797018963968","133340","ESENT",,"Application",,,"COHPMARTIN.gpco.local",,"29/08/2016 10:02:49",,,"application","System.UInt32[]","System.Diagnostics.Eventing.Reader.EventBookmark","Information","Info","General","System.Collections.ObjectModel.ReadOnlyCollection`1[System.String]","System.Collections.Generic.List`1[System.Diagnostics.Eventing.Reader.EventProperty]"
"svchost (2280) Instance: The database engine (6.03.9600.0000) is starting a new instance (0).","102",,"0","4","1",,"36028797018963968","133339","ESENT",,"Application",,,"COHPMARTIN.gpco.local",,"29/08/2016 10:02:49",,,"application","System.UInt32[]","System.Diagnostics.Eventing.Reader.EventBookmark","Information","Info","General","System.Collections.ObjectModel.ReadOnlyCollection`1[System.String]","System.Collections.Generic.List`1[System.Diagnostics.Eventing.Reader.EventProperty]"
,"0",,"0","4","0",,"36028797018963968","133338","dbupdate",,"Application",,,"COHPMARTIN.gpco.local",,"29/08/2016 09:46:07",,,"application","System.UInt32[]","System.Diagnostics.Eventing.Reader.EventBookmark",,,,,"System.Collections.Generic.List`1[System.Diagnostics.Eventing.Reader.EventProperty]"
,"0",,"0","4","0",,"36028797018963968","133337","dbupdate",,"Application",,,"COHPMARTIN.gpco.local",,"29/08/2016 09:46:06",,,"application","System.UInt32[]","System.Diagnostics.Eventing.Reader.EventBookmark",,,,,"System.Collections.Generic.List`1[System.Diagnostics.Eventing.Reader.EventProperty]"
"Fault bucket 129077895992, type 5
Event Name: CLR20r3
Response: Not available
Cab Id: 0

Problem signature:
P1: USFH1VUEDF0R0BQWAP1U0DXUDDXE35OH
P2: 4.3.5.0
P3: 5673bba8
P4: System.Management
P5: 4.6.1055.0
P6: 563c0fe3
P7: 8c
P8: 3f
P9: System.Management.Management
P10: 

Attached files:

These files may be available here:
C:\ProgramData\Microsoft\Windows\WER\ReportArchive\AppCrash_USFH1VUEDF0R0BQW_90f58c0221fc47fd32366f6b836532e8dd51b1_080ffc72_03dc570e

Analysis symbol: 
Rechecking for solution: 0
Report Id: c878b7b7-6db8-11e6-82c4-000a3a5bb3b7
Report Status: 0
Hashed bucket: 7919f1adbb725da3f470708d472e7b8f","1001",,"0","4","0",,"36028797018963968","133336","Windows Error Reporting",,"Application",,,"COHPMARTIN.gpco.local",,"29/08/2016 09:32:14",,,"application","System.UInt32[]","System.Diagnostics.Eventing.Reader.EventBookmark","Information","Info",,"System.Collections.ObjectModel.ReadOnlyCollection`1[System.String]","System.Collections.Generic.List`1[System.Diagnostics.Eventing.Reader.EventProperty]"
"svchost (6688) Instance: The database engine stopped the instance (0). 
 
Dirty Shutdown: 0 
 
Internal Timing Sequence: [1] 0.000, [2] 0.000, [3] 0.000, [4] 0.000, [5] 0.000, [6] 0.000, [7] 0.000, [8] 0.000, [9] 0.000, [10] 0.000, [11] 0.000, [12] 0.000, [13] 0.000, [14] 0.000, [15] 0.000.","103",,"0","4","1",,"36028797018963968","133335","ESENT",,"Application",,,"COHPMARTIN.gpco.local",,"29/08/2016 09:27:26",,,"application","System.UInt32[]","System.Diagnostics.Eventing.Reader.EventBookmark","Information","Info","General","System.Collections.ObjectModel.ReadOnlyCollection`1[System.String]","System.Collections.Generic.List`1[System.Diagnostics.Eventing.Reader.EventProperty]"
"svchost (6688) Instance: The database engine detached a database (1, C:\ProgramData\Microsoft\Windows\AppRepository\PackageRepository.edb). (Time=0 seconds) 
 
Internal Timing Sequence: [1] 0.000, [2] 0.000, [3] 0.000, [4] 0.000, [5] 0.000, [6] 0.000, [7] 0.000, [8] 0.000, [9] 0.016, [10] 0.000, [11] 0.000, [12] 0.015. 
Revived Cache: 0 0","327",,"0","4","1",,"36028797018963968","133334","ESENT",,"Application",,,"COHPMARTIN.gpco.local",,"29/08/2016 09:27:26",,,"application","System.UInt32[]","System.Diagnostics.Eventing.Reader.EventBookmark","Information","Info","General","System.Collections.ObjectModel.ReadOnlyCollection`1[System.String]","System.Collections.Generic.List`1[System.Diagnostics.Eventing.Reader.EventProperty]"
"Performance counters for the WmiApRpl (WmiApRpl) service were loaded successfully. The Record Data in the data section contains the new index values assigned to this service.","1000","0",,"4","0","0","-9223372036854775808","133333","Microsoft-Windows-LoadPerf","122ee297-bb47-41ae-b265-1ca8d1886d40","Application","6428","4928","COHPMARTIN.gpco.local","S-1-5-18","29/08/2016 09:26:29",,,"application","System.UInt32[]","System.Diagnostics.Eventing.Reader.EventBookmark","Information","Info",,"System.Collections.ObjectModel.ReadOnlyCollection`1[System.String]","System.Collections.Generic.List`1[System.Diagnostics.Eventing.Reader.EventProperty]"
"Unloading the performance counter strings for service WmiApRpl (WmiApRpl) failed. The first DWORD in the Data section contains the error code.","3011","0",,"2","0","0","-9223372036854775808","133332","Microsoft-Windows-LoadPerf","122ee297-bb47-41ae-b265-1ca8d1886d40","Application","6428","4928","COHPMARTIN.gpco.local","S-1-5-18","29/08/2016 09:26:25",,,"application","System.UInt32[]","System.Diagnostics.Eventing.Reader.EventBookmark","Error","Info",,"System.Collections.ObjectModel.ReadOnlyCollection`1[System.String]","System.Collections.Generic.List`1[System.Diagnostics.Eventing.Reader.EventProperty]"
"The performance strings in the Performance registry value is corrupted when process Performance extension counter provider. The BaseIndex value from the Performance registry is the first DWORD in the Data section, LastCounter value is the second DWORD in the Data section, and LastHelp value is the third DWORD in the Data section.","3012","0",,"2","0","0","-9223372036854775808","133331","Microsoft-Windows-LoadPerf","122ee297-bb47-41ae-b265-1ca8d1886d40","Application","6428","4928","COHPMARTIN.gpco.local","S-1-5-18","29/08/2016 09:26:25",,,"application","System.UInt32[]","System.Diagnostics.Eventing.Reader.EventBookmark","Error","Info",,"System.Collections.ObjectModel.ReadOnlyCollection`1[System.String]","System.Collections.Generic.List`1[System.Diagnostics.Eventing.Reader.EventProperty]"
"Security policy in the Group policy objects has been applied successfully.","1704",,"16384","4","0",,"36028797018963968","133330","SceCli",,"Application",,,"COHPMARTIN.gpco.local",,"29/08/2016 09:26:19",,,"application","System.UInt32[]","System.Diagnostics.Eventing.Reader.EventBookmark","Information",,,"System.Collections.ObjectModel.ReadOnlyCollection`1[System.String]","System.Collections.Generic.List`1[System.Diagnostics.Eventing.Reader.EventProperty]"
"The computer 'Administrators (built-in)' preference item in the 'Sophos client policy {FBE5DF28-8803-4429-A5C0-B62D2D01C694}' Group Policy Object did not apply because it failed with error code '0x80070534 No mapping between account names and security IDs was done.' This error was suppressed.","4098",,"34305","3","2",,"36028797018963968","133329","Group Policy Local Users and Groups",,"Application",,,"COHPMARTIN.gpco.local","S-1-5-18","29/08/2016 09:26:19",,,"application","System.UInt32[]","System.Diagnostics.Eventing.Reader.EventBookmark","Warning",,,"System.Collections.ObjectModel.ReadOnlyCollection`1[System.String]","System.Collections.Generic.List`1[System.Diagnostics.Eventing.Reader.EventProperty]"
"The Software Protection service has completed licensing status check.
Application Id=0ff1ce15-a989-479d-af46-f275c6370663
Licensing Status=
1: 3e4294dd-a765-49bc-8dbd-cf8b62a4bd3d, 1, 1 [(0 [0x00000000, 1, 0], [(?)( 1 0x00000000)(?)( 2 0x00000000 3 0 msft:rm/algorithm/hwid/4.0 0x00000000 0)(?)(?)(?)(?)])(1 )(2 )]

